<?xml version="1.0" encoding="UTF-8"?>
<!-- Generated by org.testng.reporters.JUnitXMLReporter -->
<testsuite ignored="0" hostname="Subhadra-Home" failures="0" tests="17" name="Default test" time="128.646" errors="0" timestamp="2025-03-05T23:32:08 EST">
  <testcase classname="testNgTests.QueueTest" name="TC_01_PracticeQuestions" time="0.618"/>
  <testcase classname="testNgTests.QueueTest" name="TC_01_ImplementationofQueueinPython" time="0.386"/>
  <testcase classname="testNgTests.QueueTest" name="TC_02_ImplementationOfBSTPageTryHere" time="1.105"/>
  <testcase classname="testNgTests.QueueTest" name="testPythoncodeForImplementationOfBSTPage" time="1.273"/>
  <testcase classname="testNgTests.QueueTest" name="testPythoncodeForImplementationOfBSTPage" time="11.64"/>
  <testcase classname="testNgTests.QueueTest" name="TC_01_Implementationusingcollectionsdeque" time="0.359"/>
  <testcase classname="testNgTests.QueueTest" name="TC_02_ImplementationusingcollectionsdequeTryHere" time="1.208"/>
  <testcase classname="testNgTests.QueueTest" name="testPythoncodeForImplementationusingcollectionsdequePage" time="1.2"/>
  <testcase classname="testNgTests.QueueTest" name="testPythoncodeForImplementationusingcollectionsdequePage" time="11.747"/>
  <testcase classname="testNgTests.QueueTest" name="TC_01_Implementationusingarray" time="0.372"/>
  <testcase classname="testNgTests.QueueTest" name="TC_02_ImplementationusingarrayTryHere" time="1.045"/>
  <testcase classname="testNgTests.QueueTest" name="testPythoncodeForImplementationusingarrayPage" time="1.337"/>
  <testcase classname="testNgTests.QueueTest" name="testPythoncodeForImplementationusingarrayPage" time="11.712"/>
  <testcase classname="testNgTests.QueueTest" name="TC_01_QueueOperations" time="0.414"/>
  <testcase classname="testNgTests.QueueTest" name="TC_02_QueueOperationsTryHere" time="1.135"/>
  <testcase classname="testNgTests.QueueTest" name="testPythoncodeForQueueOperationsPage" time="1.313"/>
  <testcase classname="testNgTests.QueueTest" name="testPythoncodeForQueueOperationsPage" time="11.515"/>
</testsuite> <!-- Default test -->
