<!DOCTYPE html PUBLIC "-//W3C//DTD XHTML 1.1//EN" "https://www.w3.org/TR/xhtml11/DTD/xhtml11.dtd">
<html xmlns="https://www.w3.org/1999/xhtml">
<head>
<meta http-equiv="content-type" content="text/html; charset=UTF-8"/>
<title>TestNG Report</title>
<style type="text/css">table {margin-bottom:10px;border-collapse:collapse;empty-cells:show}th,td {border:1px solid #009;padding:.25em .5em}th {vertical-align:bottom}td {vertical-align:top}table a {font-weight:bold}.stripe td {background-color: #E6EBF9}.num {text-align:right}.passedodd td {background-color: #3F3}.passedeven td {background-color: #0A0}.skippedodd td {background-color: #DDD}.skippedeven td {background-color: #CCC}.failedodd td,.attn {background-color: #F33}.failedeven td,.stripe .attn {background-color: #D00}.stacktrace {white-space:pre;font-family:monospace}.totop {font-size:85%;text-align:center;border-bottom:2px solid #000}.invisible {display:none}</style>
</head>
<body>
<table>
<tr><th>Test</th><th># Passed</th><th># Skipped</th><th># Retried</th><th># Failed</th><th>Time (ms)</th><th>Included Groups</th><th>Excluded Groups</th></tr>
<tr><th colspan="8">Suite</th></tr>
<tr><td><a href="#t0">Test</a></td><td class="num">120</td><td class="num attn">15</td><td class="num">0</td><td class="num attn">18</td><td class="num">1,092,608</td><td></td><td></td></tr>
</table>
<table id='summary'><thead><tr><th>Class</th><th>Method</th><th>Start</th><th>Time (ms)</th></tr></thead><tbody><tr><th colspan="4">Suite</th></tr></tbody><tbody id="t0"><tr><th colspan="4">Test &#8212; failed (configuration methods)</th></tr><tr class="failedeven"><td rowspan="1">testNgTests.QueueTest</td><td><a href="#m0">setup</a></td><td rowspan="1">1741296671520</td><td rowspan="1">1171</td></tr><tr><th colspan="4">Test &#8212; failed</th></tr><tr class="failedeven"><td rowspan="7">testNgTests.ArraysTest</td><td><a href="#m1">ArrayPracticeQuestion1</a></td><td rowspan="1">1741296180216</td><td rowspan="1">3724</td></tr><tr class="failedeven"><td><a href="#m2">ArrayPracticeQuestion2</a></td><td rowspan="1">1741296198813</td><td rowspan="1">3725</td></tr><tr class="failedeven"><td><a href="#m3">ArrayPracticeQuestion3</a></td><td rowspan="1">1741296212899</td><td rowspan="1">3869</td></tr><tr class="failedeven"><td><a href="#m4">ArrayPracticeQuestion4</a></td><td rowspan="1">1741296226105</td><td rowspan="1">3997</td></tr><tr class="failedeven"><td><a href="#m5">ArraySubmittion</a></td><td rowspan="1">1741296242123</td><td rowspan="1">4266</td></tr><tr class="failedeven"><td><a href="#m6">clickTryHere</a></td><td rowspan="1">1741296310802</td><td rowspan="1">11376</td></tr><tr class="failedeven"><td><a href="#m7">clickTryHere1</a></td><td rowspan="1">1741296326146</td><td rowspan="1">11264</td></tr><tr class="failedodd"><td rowspan="1">testNgTests.DataStructures</td><td><a href="#m8">clickTimeComplexityTryHere</a></td><td rowspan="1">1741296473876</td><td rowspan="1">11220</td></tr><tr class="failedeven"><td rowspan="2">testNgTests.Graph</td><td><a href="#m9">clickGraphRepresentationsTryHere</a></td><td rowspan="1">1741296549095</td><td rowspan="1">11304</td></tr><tr class="failedeven"><td><a href="#m10">clickGraphTryHere</a></td><td rowspan="1">1741296566457</td><td rowspan="1">11244</td></tr><tr class="failedodd"><td rowspan="1">testNgTests.HomeTest</td><td><a href="#m11">DataStructure_DropDown</a></td><td rowspan="1">1741296028053</td><td rowspan="1">139</td></tr><tr class="failedeven"><td rowspan="2">testNgTests.Registration</td><td><a href="#m12">testExistingUser</a></td><td rowspan="1">1741296119558</td><td rowspan="1">739</td></tr><tr class="failedeven"><td><a href="#m13">testMismatchedPassword</a></td><td rowspan="1">1741296125399</td><td rowspan="1">30474</td></tr><tr class="failedodd"><td rowspan="3">testNgTests.StackTest</td><td><a href="#m14">Click_TryhereINImplementation</a></td><td rowspan="1">1741296384566</td><td rowspan="1">11402</td></tr><tr class="failedodd"><td><a href="#m15">clickApplication</a></td><td rowspan="1">1741296427092</td><td rowspan="1">11214</td></tr><tr class="failedodd"><td><a href="#m16">clickTryHere</a></td><td rowspan="1">1741296659686</td><td rowspan="1">11317</td></tr><tr class="failedeven"><td rowspan="2">testNgTests.TreeTest</td><td><a href="#m17">TC_03_clickTryHereForEmptyvalue</a></td><td rowspan="1">1741296675903</td><td rowspan="1">11318</td></tr><tr class="failedeven"><td><a href="#m18">testPythoncodeForOverviewOfTreePage</a></td><td rowspan="1">1741296701051</td><td rowspan="1">31067</td></tr><tr><th colspan="4">Test &#8212; skipped (configuration methods)</th></tr><tr class="skippedeven"><td rowspan="44">testNgTests.QueueTest</td><td><a href="#m19">Navigation_to_queuePage</a></td><td rowspan="15">1741296672715</td><td rowspan="15">0</td></tr><tr class="skippedeven"><td><a href="#m20">Navigation_to_queuePage</a></td></tr><tr class="skippedeven"><td><a href="#m21">Navigation_to_queuePage</a></td></tr><tr class="skippedeven"><td><a href="#m22">Navigation_to_queuePage</a></td></tr><tr class="skippedeven"><td><a href="#m23">Navigation_to_queuePage</a></td></tr><tr class="skippedeven"><td><a href="#m24">Navigation_to_queuePage</a></td></tr><tr class="skippedeven"><td><a href="#m25">Navigation_to_queuePage</a></td></tr><tr class="skippedeven"><td><a href="#m26">Navigation_to_queuePage</a></td></tr><tr class="skippedeven"><td><a href="#m27">Navigation_to_queuePage</a></td></tr><tr class="skippedeven"><td><a href="#m28">Navigation_to_queuePage</a></td></tr><tr class="skippedeven"><td><a href="#m29">Navigation_to_queuePage</a></td></tr><tr class="skippedeven"><td><a href="#m30">Navigation_to_queuePage</a></td></tr><tr class="skippedeven"><td><a href="#m31">Navigation_to_queuePage</a></td></tr><tr class="skippedeven"><td><a href="#m32">Navigation_to_queuePage</a></td></tr><tr class="skippedeven"><td><a href="#m33">Navigation_to_queuePage</a></td></tr><tr class="skippedeven"><td><a href="#m34">setup</a></td><td rowspan="14">1741296795068</td><td rowspan="14">0</td></tr><tr class="skippedeven"><td><a href="#m35">setup</a></td></tr><tr class="skippedeven"><td><a href="#m36">setup</a></td></tr><tr class="skippedeven"><td><a href="#m37">setup</a></td></tr><tr class="skippedeven"><td><a href="#m38">setup</a></td></tr><tr class="skippedeven"><td><a href="#m39">setup</a></td></tr><tr class="skippedeven"><td><a href="#m40">setup</a></td></tr><tr class="skippedeven"><td><a href="#m41">setup</a></td></tr><tr class="skippedeven"><td><a href="#m42">setup</a></td></tr><tr class="skippedeven"><td><a href="#m43">setup</a></td></tr><tr class="skippedeven"><td><a href="#m44">setup</a></td></tr><tr class="skippedeven"><td><a href="#m45">setup</a></td></tr><tr class="skippedeven"><td><a href="#m46">setup</a></td></tr><tr class="skippedeven"><td><a href="#m47">setup</a></td></tr><tr class="skippedeven"><td><a href="#m48">tearDown</a></td><td rowspan="15">1741296746534</td><td rowspan="15">0</td></tr><tr class="skippedeven"><td><a href="#m49">tearDown</a></td></tr><tr class="skippedeven"><td><a href="#m50">tearDown</a></td></tr><tr class="skippedeven"><td><a href="#m51">tearDown</a></td></tr><tr class="skippedeven"><td><a href="#m52">tearDown</a></td></tr><tr class="skippedeven"><td><a href="#m53">tearDown</a></td></tr><tr class="skippedeven"><td><a href="#m54">tearDown</a></td></tr><tr class="skippedeven"><td><a href="#m55">tearDown</a></td></tr><tr class="skippedeven"><td><a href="#m56">tearDown</a></td></tr><tr class="skippedeven"><td><a href="#m57">tearDown</a></td></tr><tr class="skippedeven"><td><a href="#m58">tearDown</a></td></tr><tr class="skippedeven"><td><a href="#m59">tearDown</a></td></tr><tr class="skippedeven"><td><a href="#m60">tearDown</a></td></tr><tr class="skippedeven"><td><a href="#m61">tearDown</a></td></tr><tr class="skippedeven"><td><a href="#m62">tearDown</a></td></tr><tr><th colspan="4">Test &#8212; skipped</th></tr><tr class="skippedeven"><td rowspan="15">testNgTests.QueueTest</td><td><a href="#m63">TC_01_Implementationusingarray</a></td><td rowspan="1">1741296765340</td><td rowspan="1">0</td></tr><tr class="skippedeven"><td><a href="#m64">TC_01_Implementationusingcollectionsdeque</a></td><td rowspan="1">1741296736089</td><td rowspan="1">0</td></tr><tr class="skippedeven"><td><a href="#m65">TC_01_PracticeQuestions</a></td><td rowspan="1">1741296824047</td><td rowspan="1">0</td></tr><tr class="skippedeven"><td><a href="#m66">TC_01_QueueOperations</a></td><td rowspan="1">1741296791468</td><td rowspan="1">0</td></tr><tr class="skippedeven"><td><a href="#m67">TC_02_ImplementationusingarrayTryHere</a></td><td rowspan="1">1741296768665</td><td rowspan="1">0</td></tr><tr class="skippedeven"><td><a href="#m68">TC_02_ImplementationusingcollectionsdequeTryHere</a></td><td rowspan="1">1741296742454</td><td rowspan="1">0</td></tr><tr class="skippedeven"><td><a href="#m69">TC_02_QueueOperationsTryHere</a></td><td rowspan="1">1741296795070</td><td rowspan="1">0</td></tr><tr class="skippedeven"><td><a href="#m70">testPythoncodeForImplementationOfBSTPage</a></td><td rowspan="2">1741296672716</td><td rowspan="2">0</td></tr><tr class="skippedeven"><td><a href="#m71">testPythoncodeForImplementationOfBSTPage</a></td></tr><tr class="skippedeven"><td><a href="#m72">testPythoncodeForImplementationusingarrayPage</a></td><td rowspan="2">1741296772783</td><td rowspan="2">0</td></tr><tr class="skippedeven"><td><a href="#m73">testPythoncodeForImplementationusingarrayPage</a></td></tr><tr class="skippedeven"><td><a href="#m74">testPythoncodeForImplementationusingcollectionsdequePage</a></td><td rowspan="2">1741296746538</td><td rowspan="2">0</td></tr><tr class="skippedeven"><td><a href="#m75">testPythoncodeForImplementationusingcollectionsdequePage</a></td></tr><tr class="skippedeven"><td><a href="#m76">testPythoncodeForQueueOperationsPage</a></td><td rowspan="2">1741296799283</td><td rowspan="2">0</td></tr><tr class="skippedeven"><td><a href="#m77">testPythoncodeForQueueOperationsPage</a></td></tr><tr><th colspan="4">Test &#8212; passed</th></tr><tr class="passedeven"><td rowspan="19">testNgTests.ArraysTest</td><td><a href="#m78">ArrayPracticeQuestion1</a></td><td rowspan="1">1741296172527</td><td rowspan="1">1473</td></tr><tr class="passedeven"><td><a href="#m79">ArrayPracticeQuestion2</a></td><td rowspan="1">1741296190355</td><td rowspan="1">2232</td></tr><tr class="passedeven"><td><a href="#m80">ArrayPracticeQuestion3</a></td><td rowspan="1">1741296207011</td><td rowspan="1">2216</td></tr><tr class="passedeven"><td><a href="#m81">ArrayPracticeQuestion4</a></td><td rowspan="1">1741296220389</td><td rowspan="1">2288</td></tr><tr class="passedeven"><td><a href="#m82">ArraySubmittion</a></td><td rowspan="1">1741296236748</td><td rowspan="1">2003</td></tr><tr class="passedeven"><td><a href="#m83">clickApplicationsOfArray</a></td><td rowspan="1">1741296256986</td><td rowspan="1">346</td></tr><tr class="passedeven"><td><a href="#m84">clickArray_Dropdown</a></td><td rowspan="1">1741296261071</td><td rowspan="1">346</td></tr><tr class="passedeven"><td><a href="#m85">clickArraysUsingList</a></td><td rowspan="1">1741296264715</td><td rowspan="1">329</td></tr><tr class="passedeven"><td><a href="#m86">clickArraysinPython</a></td><td rowspan="1">1741296268301</td><td rowspan="1">753</td></tr><tr class="passedeven"><td><a href="#m87">clickBasicOperationsInLists</a></td><td rowspan="1">1741296275383</td><td rowspan="1">321</td></tr><tr class="passedeven"><td><a href="#m88">clickFindNumswithEvenNumberOfDigits</a></td><td rowspan="1">1741296279081</td><td rowspan="1">1278</td></tr><tr class="passedeven"><td><a href="#m89">clickMaxConsecutiveones</a></td><td rowspan="1">1741296286733</td><td rowspan="1">1191</td></tr><tr class="passedeven"><td><a href="#m90">clickPracticeQuestions</a></td><td rowspan="1">1741296294374</td><td rowspan="1">573</td></tr><tr class="passedeven"><td><a href="#m91">clickSearchTheArray</a></td><td rowspan="1">1741296301284</td><td rowspan="1">1087</td></tr><tr class="passedeven"><td><a href="#m92">clickSquaresofSortedArray</a></td><td rowspan="1">1741296305816</td><td rowspan="1">1178</td></tr><tr class="passedeven"><td><a href="#m93">testPythoncode</a></td><td rowspan="2">1741296341062</td><td rowspan="2">1396</td></tr><tr class="passedeven"><td><a href="#m94">testPythoncode</a></td></tr><tr class="passedeven"><td><a href="#m95">testPythoncode1</a></td><td rowspan="2">1741296361823</td><td rowspan="2">1108</td></tr><tr class="passedeven"><td><a href="#m96">testPythoncode1</a></td></tr><tr class="passedodd"><td rowspan="5">testNgTests.DataStructures</td><td><a href="#m97">clickDSIntrofromDropDown</a></td><td rowspan="1">1741296467590</td><td rowspan="1">119</td></tr><tr class="passedodd"><td><a href="#m98">navigateToPracticeQuestions</a></td><td rowspan="1">1741296491527</td><td rowspan="1">497</td></tr><tr class="passedodd"><td><a href="#m99">navigateToTimeComplexity</a></td><td rowspan="1">1741296496301</td><td rowspan="1">286</td></tr><tr class="passedodd"><td><a href="#m100">testPythoncode</a></td><td rowspan="2">1741296510444</td><td rowspan="2">11327</td></tr><tr class="passedodd"><td><a href="#m101">testPythoncode</a></td></tr><tr class="passedeven"><td rowspan="9">testNgTests.Graph</td><td><a href="#m102">GraphGetStartedButton</a></td><td rowspan="1">1741296525073</td><td rowspan="1">322</td></tr><tr class="passedeven"><td><a href="#m103">PracticeQuestions</a></td><td rowspan="1">1741296531425</td><td rowspan="1">640</td></tr><tr class="passedeven"><td><a href="#m104">clickGraph</a></td><td rowspan="1">1741296538244</td><td rowspan="1">299</td></tr><tr class="passedeven"><td><a href="#m105">clickGraphRepresentations</a></td><td rowspan="1">1741296542633</td><td rowspan="1">432</td></tr><tr class="passedeven"><td><a href="#m106">testPythonCodeforGraphRepresentation</a></td><td rowspan="2">1741296581541</td><td rowspan="2">1671</td></tr><tr class="passedeven"><td><a href="#m107">testPythonCodeforGraphRepresentation</a></td></tr><tr class="passedeven"><td><a href="#m108">testPythoncode</a></td><td rowspan="2">1741296612245</td><td rowspan="2">12111</td></tr><tr class="passedeven"><td><a href="#m109">testPythoncode</a></td></tr><tr class="passedeven"><td><a href="#m110">testSignOut</a></td><td rowspan="1">1741296627354</td><td rowspan="1">522</td></tr><tr class="passedodd"><td rowspan="9">testNgTests.HomeTest</td><td><a href="#m111">Array</a></td><td rowspan="1">1741296019945</td><td rowspan="1">350</td></tr><tr class="passedodd"><td><a href="#m112">DS_Introduction</a></td><td rowspan="1">1741296022501</td><td rowspan="1">372</td></tr><tr class="passedodd"><td><a href="#m113">Linked_List</a></td><td rowspan="1">1741296031259</td><td rowspan="1">321</td></tr><tr class="passedodd"><td><a href="#m114">Queue</a></td><td rowspan="1">1741296036433</td><td rowspan="1">298</td></tr><tr class="passedodd"><td><a href="#m115">Stack</a></td><td rowspan="1">1741296039673</td><td rowspan="1">308</td></tr><tr class="passedodd"><td><a href="#m116">Tree</a></td><td rowspan="1">1741296044931</td><td rowspan="1">276</td></tr><tr class="passedodd"><td><a href="#m117">graph</a></td><td rowspan="1">1741296050185</td><td rowspan="1">309</td></tr><tr class="passedodd"><td><a href="#m118">register</a></td><td rowspan="1">1741296052895</td><td rowspan="1">234</td></tr><tr class="passedodd"><td><a href="#m119">signIn</a></td><td rowspan="1">1741296057985</td><td rowspan="1">179</td></tr><tr class="passedeven"><td rowspan="12">testNgTests.LoginTest</td><td><a href="#m120">GetStarted_DS</a></td><td rowspan="1">1741296060038</td><td rowspan="1">1280</td></tr><tr class="passedeven"><td><a href="#m121">Logintest</a></td><td rowspan="3">1741296063969</td><td rowspan="3">849</td></tr><tr class="passedeven"><td><a href="#m122">Logintest</a></td></tr><tr class="passedeven"><td><a href="#m123">Logintest</a></td></tr><tr class="passedeven"><td><a href="#m124">checkEmptyPasswordField</a></td><td rowspan="1">1741296076163</td><td rowspan="1">236</td></tr><tr class="passedeven"><td><a href="#m125">checkEmptyUserField</a></td><td rowspan="1">1741296081156</td><td rowspan="1">232</td></tr><tr class="passedeven"><td><a href="#m126">getStarted_Array</a></td><td rowspan="1">1741296084315</td><td rowspan="1">1410</td></tr><tr class="passedeven"><td><a href="#m127">getStarted_Graph</a></td><td rowspan="1">1741296090654</td><td rowspan="1">1185</td></tr><tr class="passedeven"><td><a href="#m128">getStarted_Linkedlist</a></td><td rowspan="1">1741296093850</td><td rowspan="1">1380</td></tr><tr class="passedeven"><td><a href="#m129">getStarted_Queue</a></td><td rowspan="1">1741296097296</td><td rowspan="1">1398</td></tr><tr class="passedeven"><td><a href="#m130">getStarted_Stack</a></td><td rowspan="1">1741296100498</td><td rowspan="1">1267</td></tr><tr class="passedeven"><td><a href="#m131">getStarted_Tree</a></td><td rowspan="1">1741296106529</td><td rowspan="1">1319</td></tr><tr class="passedodd"><td rowspan="2">testNgTests.QueueTest</td><td><a href="#m132">TC_01_ImplementationofQueueinPython</a></td><td rowspan="1">1741296634307</td><td rowspan="1">335</td></tr><tr class="passedodd"><td><a href="#m133">TC_02_ImplementationOfBSTPageTryHere</a></td><td rowspan="1">1741296650437</td><td rowspan="1">961</td></tr><tr class="passedeven"><td rowspan="5">testNgTests.Registration</td><td><a href="#m134">navigatetiRegistration</a></td><td rowspan="1">1741296110908</td><td rowspan="1">348</td></tr><tr class="passedeven"><td><a href="#m135">testEmptyFieldRegistration</a></td><td rowspan="1">1741296116246</td><td rowspan="1">264</td></tr><tr class="passedeven"><td><a href="#m136">testRedirectToLoginPage</a></td><td rowspan="1">1741296158132</td><td rowspan="1">318</td></tr><tr class="passedeven"><td><a href="#m137">testUserIdDisplay</a></td><td rowspan="1">1741296163232</td><td rowspan="1">227</td></tr><tr class="passedeven"><td><a href="#m138">testValidRegistration</a></td><td rowspan="1">1741296165390</td><td rowspan="1">1163</td></tr><tr class="passedodd"><td rowspan="7">testNgTests.StackTest</td><td><a href="#m139">ClickImplementation</a></td><td rowspan="1">1741296735538</td><td rowspan="1">315</td></tr><tr class="passedodd"><td><a href="#m140">Invalid_pythonCode</a></td><td rowspan="2">1741296402324</td><td rowspan="2">984</td></tr><tr class="passedodd"><td><a href="#m141">Invalid_pythonCode</a></td></tr><tr class="passedodd"><td><a href="#m142">OperationsIN_Stack</a></td><td rowspan="1">1741296643965</td><td rowspan="1">368</td></tr><tr class="passedodd"><td><a href="#m143">clickStackfromDropDown</a></td><td rowspan="1">1741296631016</td><td rowspan="1">308</td></tr><tr class="passedodd"><td><a href="#m144">testPythoncode</a></td><td rowspan="2">1741296445055</td><td rowspan="2">1113</td></tr><tr class="passedodd"><td><a href="#m145">testPythoncode</a></td></tr><tr class="passedeven"><td rowspan="52">testNgTests.TreeTest</td><td><a href="#m146">TC_01_ApplicationsofBinarytrees</a></td><td rowspan="1">1741297015208</td><td rowspan="1">272</td></tr><tr class="passedeven"><td><a href="#m147">TC_01_BinarySearchTrees</a></td><td rowspan="1">1741297041624</td><td rowspan="1">926</td></tr><tr class="passedeven"><td><a href="#m148">TC_01_BinaryTreeTraversals</a></td><td rowspan="1">1741296957316</td><td rowspan="1">319</td></tr><tr class="passedeven"><td><a href="#m149">TC_01_BinaryTreesPage</a></td><td rowspan="1">1741296863130</td><td rowspan="1">360</td></tr><tr class="passedeven"><td><a href="#m150">TC_01_ImplementationOfBST</a></td><td rowspan="1">1741297076193</td><td rowspan="1">306</td></tr><tr class="passedeven"><td><a href="#m151">TC_01_ImplementationinPython</a></td><td rowspan="1">1741296925352</td><td rowspan="1">381</td></tr><tr class="passedeven"><td><a href="#m152">TC_01_ImplementationofBinaryTrees</a></td><td rowspan="1">1741296988840</td><td rowspan="1">312</td></tr><tr class="passedeven"><td><a href="#m153">TC_01_OverviewOfTrees</a></td><td rowspan="1">1741296640644</td><td rowspan="1">296</td></tr><tr class="passedeven"><td><a href="#m154">TC_01_Terminologies</a></td><td rowspan="1">1741296741905</td><td rowspan="1">310</td></tr><tr class="passedeven"><td><a href="#m155">TC_01_TraversalsIllustrationsPage</a></td><td rowspan="1">1741296827002</td><td rowspan="1">308</td></tr><tr class="passedeven"><td><a href="#m156">TC_01_TreeTraversalsPage</a></td><td rowspan="1">1741296794330</td><td rowspan="1">386</td></tr><tr class="passedeven"><td><a href="#m157">TC_01_TypesOfBinaryTrees</a></td><td rowspan="1">1741296896101</td><td rowspan="1">434</td></tr><tr class="passedeven"><td><a href="#m158">TC_01_TypesofTreesPage</a></td><td rowspan="1">1741296768174</td><td rowspan="1">288</td></tr><tr class="passedeven"><td><a href="#m159">TC_02_ApplicationsofBinarytreesPageTryHere</a></td><td rowspan="1">1741297018635</td><td rowspan="1">945</td></tr><tr class="passedeven"><td><a href="#m160">TC_02_BinarySearchTreesPageTryHere</a></td><td rowspan="1">1741297048889</td><td rowspan="1">1074</td></tr><tr class="passedeven"><td><a href="#m161">TC_02_BinaryTreeTraversalsPageTryHere</a></td><td rowspan="1">1741296960728</td><td rowspan="1">897</td></tr><tr class="passedeven"><td><a href="#m162">TC_02_BinaryTreesPageTryHere</a></td><td rowspan="1">1741296867535</td><td rowspan="1">940</td></tr><tr class="passedeven"><td><a href="#m163">TC_02_ImplementationOfBSTPageTryHere</a></td><td rowspan="1">1741297079579</td><td rowspan="1">903</td></tr><tr class="passedeven"><td><a href="#m164">TC_02_ImplementationinPythonPageTryHere</a></td><td rowspan="1">1741296931783</td><td rowspan="1">879</td></tr><tr class="passedeven"><td><a href="#m165">TC_02_ImplementationofBinaryTreesPageTryHere</a></td><td rowspan="1">1741296992135</td><td rowspan="1">1149</td></tr><tr class="passedeven"><td><a href="#m166">TC_02_OverviewOfTreesTryHere</a></td><td rowspan="1">1741296655628</td><td rowspan="1">923</td></tr><tr class="passedeven"><td><a href="#m167">TC_02_TerminologiesTryHere</a></td><td rowspan="1">1741296745302</td><td rowspan="1">869</td></tr><tr class="passedeven"><td><a href="#m168">TC_02_TraversalsIllustrationsPageTryHere</a></td><td rowspan="1">1741296833437</td><td rowspan="1">966</td></tr><tr class="passedeven"><td><a href="#m169">TC_02_TreeTraversalsPageTryHere</a></td><td rowspan="1">1741296798076</td><td rowspan="1">944</td></tr><tr class="passedeven"><td><a href="#m170">TC_02_TypesOfBinaryTreesPageTryHere</a></td><td rowspan="1">1741296899563</td><td rowspan="1">1100</td></tr><tr class="passedeven"><td><a href="#m171">TC_02_TypesofTreesPagesTryHere</a></td><td rowspan="1">1741296771489</td><td rowspan="1">1006</td></tr><tr class="passedeven"><td><a href="#m172">TC_PracticeQuestions</a></td><td rowspan="1">1741297105602</td><td rowspan="1">541</td></tr><tr class="passedeven"><td><a href="#m173">testPythoncodeForApplicationsofBinarytreesPage</a></td><td rowspan="2">1741297027086</td><td rowspan="2">11470</td></tr><tr class="passedeven"><td><a href="#m174">testPythoncodeForApplicationsofBinarytreesPage</a></td></tr><tr class="passedeven"><td><a href="#m175">testPythoncodeForBinarySearchTreesPage</a></td><td rowspan="2">1741297058584</td><td rowspan="2">11524</td></tr><tr class="passedeven"><td><a href="#m176">testPythoncodeForBinarySearchTreesPage</a></td></tr><tr class="passedeven"><td><a href="#m177">testPythoncodeForBinaryTreeTraversalsPage</a></td><td rowspan="2">1741296974478</td><td rowspan="2">11336</td></tr><tr class="passedeven"><td><a href="#m178">testPythoncodeForBinaryTreeTraversalsPage</a></td></tr><tr class="passedeven"><td><a href="#m179">testPythoncodeForBinaryTreesPage</a></td><td rowspan="2">1741296874612</td><td rowspan="2">989</td></tr><tr class="passedeven"><td><a href="#m180">testPythoncodeForBinaryTreesPage</a></td></tr><tr class="passedeven"><td><a href="#m181">testPythoncodeForImplementationOfBSTPage</a></td><td rowspan="2">1741297087916</td><td rowspan="2">11571</td></tr><tr class="passedeven"><td><a href="#m182">testPythoncodeForImplementationOfBSTPage</a></td></tr><tr class="passedeven"><td><a href="#m183">testPythoncodeForImplementationinPythonPage</a></td><td rowspan="2">1741296942746</td><td rowspan="2">11462</td></tr><tr class="passedeven"><td><a href="#m184">testPythoncodeForImplementationinPythonPage</a></td></tr><tr class="passedeven"><td><a href="#m185">testPythoncodeForImplementationofBinaryTreesPage</a></td><td rowspan="2">1741297000674</td><td rowspan="2">11306</td></tr><tr class="passedeven"><td><a href="#m186">testPythoncodeForImplementationofBinaryTreesPage</a></td></tr><tr class="passedeven"><td><a href="#m187">testPythoncodeForOverviewOfTreePage</a></td><td rowspan="1">1741296693742</td><td rowspan="1">1202</td></tr><tr class="passedeven"><td><a href="#m188">testPythoncodeForTerminologies</a></td><td rowspan="2">1741296749558</td><td rowspan="2">1082</td></tr><tr class="passedeven"><td><a href="#m189">testPythoncodeForTerminologies</a></td></tr><tr class="passedeven"><td><a href="#m190">testPythoncodeForTraversalsIllustrationsPage</a></td><td rowspan="2">1741296845733</td><td rowspan="2">11383</td></tr><tr class="passedeven"><td><a href="#m191">testPythoncodeForTraversalsIllustrationsPage</a></td></tr><tr class="passedeven"><td><a href="#m192">testPythoncodeForTreeTraversalsPage</a></td><td rowspan="2">1741296812311</td><td rowspan="2">11349</td></tr><tr class="passedeven"><td><a href="#m193">testPythoncodeForTreeTraversalsPage</a></td></tr><tr class="passedeven"><td><a href="#m194">testPythoncodeForTypesOfBinaryTreesPage</a></td><td rowspan="2">1741296910786</td><td rowspan="2">11425</td></tr><tr class="passedeven"><td><a href="#m195">testPythoncodeForTypesOfBinaryTreesPage</a></td></tr><tr class="passedeven"><td><a href="#m196">testPythoncodeForTypesofTreesPage</a></td><td rowspan="2">1741296775581</td><td rowspan="2">1101</td></tr><tr class="passedeven"><td><a href="#m197">testPythoncodeForTypesofTreesPage</a></td></tr></tbody>
</table>
<h2>Test</h2><h3 id="m0">testNgTests.QueueTest#setup</h3><table class="result"><tr class="param"><th>Parameter #1</th></tr><tr class="param stripe"><td>chrome</td></tr><tr><th>Exception</th></tr><tr><td><div class="stacktrace">org.openqa.selenium.WebDriverException: unknown error: JavaScript code failed
from unknown command: &apos;Runtime.evaluate&apos; wasn&apos;t found
  (Session info: chrome=133.0.6943.142)
Build info: version: &apos;4.27.0&apos;, revision: &apos;d6e718d134&apos;
System info: os.name: &apos;Windows 11&apos;, os.arch: &apos;amd64&apos;, os.version: &apos;10.0&apos;, java.version: &apos;21.0.5&apos;
Driver info: org.openqa.selenium.chrome.ChromeDriver
Command: [2ec0ec6bb0555ed8f78869c31f901001, maximizeCurrentWindow {}]
Capabilities {acceptInsecureCerts: false, browserName: chrome, browserVersion: 133.0.6943.142, chrome: {chromedriverVersion: 133.0.6943.141 (2a5d6da0d61..., userDataDir: C:\Users\rakhy\AppData\Loca...}, fedcm:accounts: true, goog:chromeOptions: {debuggerAddress: localhost:61884}, networkConnectionEnabled: false, pageLoadStrategy: normal, platformName: windows, proxy: Proxy(), se:cdp: ws://localhost:61884/devtoo..., se:cdpVersion: 133.0.6943.142, setWindowRect: true, strictFileInteractability: false, timeouts: {implicit: 0, pageLoad: 300000, script: 30000}, unhandledPromptBehavior: dismiss and notify, webauthn:extension:credBlob: true, webauthn:extension:largeBlob: true, webauthn:extension:minPinLength: true, webauthn:extension:prf: true, webauthn:virtualAuthenticators: true}
Session ID: 2ec0ec6bb0555ed8f78869c31f901001
	at org.openqa.selenium.remote.ErrorCodec.decode(ErrorCodec.java:167)
	at org.openqa.selenium.remote.codec.w3c.W3CHttpResponseCodec.decode(W3CHttpResponseCodec.java:138)
	at org.openqa.selenium.remote.codec.w3c.W3CHttpResponseCodec.decode(W3CHttpResponseCodec.java:50)
	at org.openqa.selenium.remote.HttpCommandExecutor.execute(HttpCommandExecutor.java:190)
	at org.openqa.selenium.remote.service.DriverCommandExecutor.invokeExecute(DriverCommandExecutor.java:216)
	at org.openqa.selenium.remote.service.DriverCommandExecutor.execute(DriverCommandExecutor.java:174)
	at org.openqa.selenium.remote.RemoteWebDriver.execute(RemoteWebDriver.java:545)
	at org.openqa.selenium.remote.RemoteWebDriver.execute(RemoteWebDriver.java:618)
	at org.openqa.selenium.remote.RemoteWebDriver.execute(RemoteWebDriver.java:622)
	at org.openqa.selenium.remote.RemoteWebDriver$RemoteWebDriverOptions$RemoteWindow.maximize(RemoteWebDriver.java:1061)
	at webdrivermanager.DriverFactory.init_driver(DriverFactory.java:46)
	at BaseClass.BaseTest.setup(BaseTest.java:48)
	at java.base/java.util.ArrayList.forEach(ArrayList.java:1596)
... Removed 32 stack frames</div></td></tr></table><p class="totop"><a href="#summary">back to summary</a></p>
<h3 id="m1">testNgTests.ArraysTest#ArrayPracticeQuestion1</h3><table class="result"><tr class="param"><th>Parameter #1</th></tr><tr class="param stripe"><td>{Pythoncode=def search(lst, value):
    # Check if the value is in the list
    if value in lst:
        return &quot;Element Found&quot;
    return &quot;Not Found&quot;

# Example Usage
input_list = [12, 23, 45, 67, 6, 90]
value_to_search = 12
print(search(input_list, value_to_search))  # Output: Element Found

value_to_search = 25
print(search(input_list, value_to_search))  # Output: Not Found, output=Element Found
Not Found, AlertMessage=, SubmitionMessage=Submission Successful}</td></tr><tr><th>Exception</th></tr><tr><td><div class="stacktrace">java.lang.AssertionError: expected [] but found [SyntaxError: unindent does not match any outer indentation level on line 5]
	at testNgTests.ArraysTest.ArrayPracticeQuestion1(ArraysTest.java:176)
	at java.base/java.util.ArrayList.forEach(ArrayList.java:1596)
... Removed 31 stack frames</div></td></tr></table><p class="totop"><a href="#summary">back to summary</a></p>
<h3 id="m2">testNgTests.ArraysTest#ArrayPracticeQuestion2</h3><table class="result"><tr class="param"><th>Parameter #1</th></tr><tr class="param stripe"><td>{Pythoncode=def search(lst, value):
    # Check if the value is in the list
    if value in lst:
        return &quot;Element Found&quot;
    return &quot;Not Found&quot;

# Example Usage
input_list = [12, 23, 45, 67, 6, 90]
value_to_search = 12
print(search(input_list, value_to_search))  # Output: Element Found

value_to_search = 25
print(search(input_list, value_to_search))  # Output: Not Found, output=Element Found
Not Found, AlertMessage=, SubmitionMessage=Submission Successful}</td></tr><tr><th>Exception</th></tr><tr><td><div class="stacktrace">java.lang.AssertionError: expected [] but found [SyntaxError: unindent does not match any outer indentation level on line 5]
	at testNgTests.ArraysTest.ArrayPracticeQuestion2(ArraysTest.java:237)
	at java.base/java.util.ArrayList.forEach(ArrayList.java:1596)
... Removed 31 stack frames</div></td></tr></table><p class="totop"><a href="#summary">back to summary</a></p>
<h3 id="m3">testNgTests.ArraysTest#ArrayPracticeQuestion3</h3><table class="result"><tr class="param"><th>Parameter #1</th></tr><tr class="param stripe"><td>{Pythoncode=def search(lst, value):
    # Check if the value is in the list
    if value in lst:
        return &quot;Element Found&quot;
    return &quot;Not Found&quot;

# Example Usage
input_list = [12, 23, 45, 67, 6, 90]
value_to_search = 12
print(search(input_list, value_to_search))  # Output: Element Found

value_to_search = 25
print(search(input_list, value_to_search))  # Output: Not Found, output=Element Found
Not Found, AlertMessage=, SubmitionMessage=Submission Successful}</td></tr><tr><th>Exception</th></tr><tr><td><div class="stacktrace">java.lang.AssertionError: expected [] but found [SyntaxError: unindent does not match any outer indentation level on line 5]
	at testNgTests.ArraysTest.ArrayPracticeQuestion3(ArraysTest.java:280)
	at java.base/java.util.ArrayList.forEach(ArrayList.java:1596)
... Removed 31 stack frames</div></td></tr></table><p class="totop"><a href="#summary">back to summary</a></p>
<h3 id="m4">testNgTests.ArraysTest#ArrayPracticeQuestion4</h3><table class="result"><tr class="param"><th>Parameter #1</th></tr><tr class="param stripe"><td>{Pythoncode=def search(lst, value):
    # Check if the value is in the list
    if value in lst:
        return &quot;Element Found&quot;
    return &quot;Not Found&quot;

# Example Usage
input_list = [12, 23, 45, 67, 6, 90]
value_to_search = 12
print(search(input_list, value_to_search))  # Output: Element Found

value_to_search = 25
print(search(input_list, value_to_search))  # Output: Not Found, output=Element Found
Not Found, AlertMessage=, SubmitionMessage=Submission Successful}</td></tr><tr><th>Exception</th></tr><tr><td><div class="stacktrace">java.lang.AssertionError: expected [] but found [SyntaxError: unindent does not match any outer indentation level on line 5]
	at testNgTests.ArraysTest.ArrayPracticeQuestion4(ArraysTest.java:324)
	at java.base/java.util.ArrayList.forEach(ArrayList.java:1596)
... Removed 31 stack frames</div></td></tr></table><p class="totop"><a href="#summary">back to summary</a></p>
<h3 id="m5">testNgTests.ArraysTest#ArraySubmittion</h3><table class="result"><tr class="param"><th>Parameter #1</th></tr><tr class="param stripe"><td>{Pythoncode=def search(lst, value):
    # Check if the value is in the list
    if value in lst:
        return &quot;Element Found&quot;
    return &quot;Not Found&quot;

# Example Usage
input_list = [12, 23, 45, 67, 6, 90]
value_to_search = 12
print(search(input_list, value_to_search))  # Output: Element Found

value_to_search = 25
print(search(input_list, value_to_search))  # Output: Not Found, output=Element Found
Not Found, AlertMessage=, SubmitionMessage=Submission Successful}</td></tr><tr><th>Exception</th></tr><tr><td><div class="stacktrace">java.lang.AssertionError: expected [Submission Successful] but found [Error occurred during submission]
	at testNgTests.ArraysTest.ArraySubmittion(ArraysTest.java:206)
	at java.base/java.util.ArrayList.forEach(ArrayList.java:1596)
... Removed 31 stack frames</div></td></tr></table><p class="totop"><a href="#summary">back to summary</a></p>
<h3 id="m6">testNgTests.ArraysTest#clickTryHere</h3><table class="result"><tr><th>Exception</th></tr><tr><td><div class="stacktrace">java.lang.AssertionError: expected [true] but found [false]
	at testNgTests.ArraysTest.clickTryHere(ArraysTest.java:48)
	at java.base/java.util.ArrayList.forEach(ArrayList.java:1596)
... Removed 32 stack frames</div></td></tr></table><p class="totop"><a href="#summary">back to summary</a></p>
<h3 id="m7">testNgTests.ArraysTest#clickTryHere1</h3><table class="result"><tr><th>Exception</th></tr><tr><td><div class="stacktrace">java.lang.AssertionError: expected [true] but found [false]
	at testNgTests.ArraysTest.clickTryHere1(ArraysTest.java:90)
	at java.base/java.util.ArrayList.forEach(ArrayList.java:1596)
... Removed 32 stack frames</div></td></tr></table><p class="totop"><a href="#summary">back to summary</a></p>
<h3 id="m8">testNgTests.DataStructures#clickTimeComplexityTryHere</h3><table class="result"><tr><th>Exception</th></tr><tr><td><div class="stacktrace">java.lang.AssertionError: expected [true] but found [false]
	at testNgTests.DataStructures.clickTimeComplexityTryHere(DataStructures.java:56)
	at java.base/java.util.ArrayList.forEach(ArrayList.java:1596)
... Removed 32 stack frames</div></td></tr></table><p class="totop"><a href="#summary">back to summary</a></p>
<h3 id="m9">testNgTests.Graph#clickGraphRepresentationsTryHere</h3><table class="result"><tr><th>Exception</th></tr><tr><td><div class="stacktrace">java.lang.AssertionError: expected [true] but found [false]
	at testNgTests.Graph.clickGraphRepresentationsTryHere(Graph.java:88)
	at java.base/java.util.ArrayList.forEach(ArrayList.java:1596)
... Removed 32 stack frames</div></td></tr></table><p class="totop"><a href="#summary">back to summary</a></p>
<h3 id="m10">testNgTests.Graph#clickGraphTryHere</h3><table class="result"><tr><th>Exception</th></tr><tr><td><div class="stacktrace">java.lang.AssertionError: expected [true] but found [false]
	at testNgTests.Graph.clickGraphTryHere(Graph.java:48)
	at java.base/java.util.ArrayList.forEach(ArrayList.java:1596)
... Removed 32 stack frames</div></td></tr></table><p class="totop"><a href="#summary">back to summary</a></p>
<h3 id="m11">testNgTests.HomeTest#DataStructure_DropDown</h3><table class="result"><tr><th>Exception</th></tr><tr><td><div class="stacktrace">java.lang.AssertionError: expected [7] but found [6]
	at testNgTests.HomeTest.DataStructure_DropDown(HomeTest.java:92)
	at java.base/java.util.ArrayList.forEach(ArrayList.java:1596)
... Removed 32 stack frames</div></td></tr></table><p class="totop"><a href="#summary">back to summary</a></p>
<h3 id="m12">testNgTests.Registration#testExistingUser</h3><table class="result"><tr><th>Exception</th></tr><tr><td><div class="stacktrace">java.lang.AssertionError: expected [existing user] but found [password_mismatch:The two password fields didnâ€™t match.]
	at testNgTests.Registration.testExistingUser(Registration.java:50)
	at java.base/java.util.ArrayList.forEach(ArrayList.java:1596)
... Removed 31 stack frames</div></td></tr></table><p class="totop"><a href="#summary">back to summary</a></p>
<h3 id="m13">testNgTests.Registration#testMismatchedPassword</h3><table class="result"><tr><th>Exception</th></tr><tr><td><div class="stacktrace">org.openqa.selenium.NoSuchElementException: no such element: Unable to locate element: {&quot;method&quot;:&quot;xpath&quot;,&quot;selector&quot;:&quot;//div[contains(@class, &apos;alert&apos;) and @role=&apos;alert&apos;]&quot;}
  (Session info: chrome=133.0.6943.142)
For documentation on this error, please visit: https://www.selenium.dev/documentation/webdriver/troubleshooting/errors#no-such-element-exception
Build info: version: &apos;4.27.0&apos;, revision: &apos;d6e718d134&apos;
System info: os.name: &apos;Windows 11&apos;, os.arch: &apos;amd64&apos;, os.version: &apos;10.0&apos;, java.version: &apos;21.0.5&apos;
Driver info: org.openqa.selenium.chrome.ChromeDriver
Command: [2b9913b961148735e9a94bb2d234697d, findElement {using=xpath, value=//div[contains(@class, &apos;alert&apos;) and @role=&apos;alert&apos;]}]
Capabilities {acceptInsecureCerts: false, browserName: chrome, browserVersion: 133.0.6943.142, chrome: {chromedriverVersion: 133.0.6943.141 (2a5d6da0d61..., userDataDir: C:\Users\rakhy\AppData\Loca...}, fedcm:accounts: true, goog:chromeOptions: {debuggerAddress: localhost:57895}, networkConnectionEnabled: false, pageLoadStrategy: normal, platformName: windows, proxy: Proxy(), se:cdp: ws://localhost:57895/devtoo..., se:cdpVersion: 133.0.6943.142, setWindowRect: true, strictFileInteractability: false, timeouts: {implicit: 0, pageLoad: 300000, script: 30000}, unhandledPromptBehavior: dismiss and notify, webauthn:extension:credBlob: true, webauthn:extension:largeBlob: true, webauthn:extension:minPinLength: true, webauthn:extension:prf: true, webauthn:virtualAuthenticators: true}
Session ID: 2b9913b961148735e9a94bb2d234697d
	at org.openqa.selenium.remote.ErrorCodec.decode(ErrorCodec.java:167)
	at org.openqa.selenium.remote.codec.w3c.W3CHttpResponseCodec.decode(W3CHttpResponseCodec.java:138)
	at org.openqa.selenium.remote.codec.w3c.W3CHttpResponseCodec.decode(W3CHttpResponseCodec.java:50)
	at org.openqa.selenium.remote.HttpCommandExecutor.execute(HttpCommandExecutor.java:190)
	at org.openqa.selenium.remote.service.DriverCommandExecutor.invokeExecute(DriverCommandExecutor.java:216)
	at org.openqa.selenium.remote.service.DriverCommandExecutor.execute(DriverCommandExecutor.java:174)
	at org.openqa.selenium.remote.RemoteWebDriver.execute(RemoteWebDriver.java:545)
	at org.openqa.selenium.remote.ElementLocation$ElementFinder$2.findElement(ElementLocation.java:165)
	at org.openqa.selenium.remote.ElementLocation.findElement(ElementLocation.java:59)
	at org.openqa.selenium.remote.RemoteWebDriver.findElement(RemoteWebDriver.java:368)
	at org.openqa.selenium.remote.RemoteWebDriver.findElement(RemoteWebDriver.java:362)
	at pageobject.Registrationpage.mismatchpassworderror(Registrationpage.java:52)
	at testNgTests.Registration.testMismatchedPassword(Registration.java:40)
	at java.base/java.util.ArrayList.forEach(ArrayList.java:1596)
... Removed 28 stack frames</div></td></tr></table><p class="totop"><a href="#summary">back to summary</a></p>
<h3 id="m14">testNgTests.StackTest#Click_TryhereINImplementation</h3><table class="result"><tr><th>Exception</th></tr><tr><td><div class="stacktrace">java.lang.AssertionError: expected [true] but found [false]
	at testNgTests.StackTest.Click_TryhereINImplementation(StackTest.java:95)
	at java.base/java.util.ArrayList.forEach(ArrayList.java:1596)
... Removed 32 stack frames</div></td></tr></table><p class="totop"><a href="#summary">back to summary</a></p>
<h3 id="m15">testNgTests.StackTest#clickApplication</h3><table class="result"><tr><th>Exception</th></tr><tr><td><div class="stacktrace">java.lang.AssertionError: expected [true] but found [false]
	at testNgTests.StackTest.clickApplication(StackTest.java:131)
	at java.base/java.util.ArrayList.forEach(ArrayList.java:1596)
... Removed 32 stack frames</div></td></tr></table><p class="totop"><a href="#summary">back to summary</a></p>
<h3 id="m16">testNgTests.StackTest#clickTryHere</h3><table class="result"><tr><th>Exception</th></tr><tr><td><div class="stacktrace">java.lang.AssertionError: expected [true] but found [false]
	at testNgTests.StackTest.clickTryHere(StackTest.java:50)
	at java.base/java.util.ArrayList.forEach(ArrayList.java:1596)
... Removed 32 stack frames</div></td></tr></table><p class="totop"><a href="#summary">back to summary</a></p>
<h3 id="m17">testNgTests.TreeTest#TC_03_clickTryHereForEmptyvalue</h3><table class="result"><tr><th>Exception</th></tr><tr><td><div class="stacktrace">java.lang.AssertionError: expected [true] but found [false]
	at testNgTests.TreeTest.TC_03_clickTryHereForEmptyvalue(TreeTest.java:52)
	at java.base/java.util.ArrayList.forEach(ArrayList.java:1596)
... Removed 32 stack frames</div></td></tr></table><p class="totop"><a href="#summary">back to summary</a></p>
<h3 id="m18">testNgTests.TreeTest#testPythoncodeForOverviewOfTreePage</h3><table class="result"><tr class="param"><th>Parameter #1</th></tr><tr class="param stripe"><td>{Pythoncode=print(&quot;hello&quot;), ExpectedResult=hello, ExpectedAlert=}</td></tr><tr><th>Exception</th></tr><tr><td><div class="stacktrace">org.openqa.selenium.ElementNotInteractableException: element not interactable
  (Session info: chrome=133.0.6943.142)
Build info: version: &apos;4.27.0&apos;, revision: &apos;d6e718d134&apos;
System info: os.name: &apos;Windows 11&apos;, os.arch: &apos;amd64&apos;, os.version: &apos;10.0&apos;, java.version: &apos;21.0.5&apos;
Driver info: org.openqa.selenium.chrome.ChromeDriver
Command: [60411ae1192a261d55c7836698758426, sendKeysToElement {value=[Ljava.lang.CharSequence;@24e2435f, id=f.F6595BF344D5CC567EEEEFC81CDCF104.d.29801AA86BF4B4242F002695488053AF.e.38}]
Capabilities {acceptInsecureCerts: false, browserName: chrome, browserVersion: 133.0.6943.142, chrome: {chromedriverVersion: 133.0.6943.141 (2a5d6da0d61..., userDataDir: C:\Users\rakhy\AppData\Loca...}, fedcm:accounts: true, goog:chromeOptions: {debuggerAddress: localhost:62057}, networkConnectionEnabled: false, pageLoadStrategy: normal, platformName: windows, proxy: Proxy(), se:cdp: ws://localhost:62057/devtoo..., se:cdpVersion: 133.0.6943.142, setWindowRect: true, strictFileInteractability: false, timeouts: {implicit: 0, pageLoad: 300000, script: 30000}, unhandledPromptBehavior: dismiss and notify, webauthn:extension:credBlob: true, webauthn:extension:largeBlob: true, webauthn:extension:minPinLength: true, webauthn:extension:prf: true, webauthn:virtualAuthenticators: true}
Element: [[ChromeDriver: chrome on windows (60411ae1192a261d55c7836698758426)] -&gt; xpath: //div[contains(@class,&apos;CodeMirror&apos;)]/div/textarea]
Session ID: 60411ae1192a261d55c7836698758426
	at org.openqa.selenium.remote.ErrorCodec.decode(ErrorCodec.java:167)
	at org.openqa.selenium.remote.codec.w3c.W3CHttpResponseCodec.decode(W3CHttpResponseCodec.java:138)
	at org.openqa.selenium.remote.codec.w3c.W3CHttpResponseCodec.decode(W3CHttpResponseCodec.java:50)
	at org.openqa.selenium.remote.HttpCommandExecutor.execute(HttpCommandExecutor.java:190)
	at org.openqa.selenium.remote.service.DriverCommandExecutor.invokeExecute(DriverCommandExecutor.java:216)
	at org.openqa.selenium.remote.service.DriverCommandExecutor.execute(DriverCommandExecutor.java:174)
	at org.openqa.selenium.remote.RemoteWebDriver.execute(RemoteWebDriver.java:545)
	at org.openqa.selenium.remote.RemoteWebElement.execute(RemoteWebElement.java:223)
	at org.openqa.selenium.remote.RemoteWebElement.sendKeys(RemoteWebElement.java:110)
	at pageobject.Commonpage.ValidInvalidtextEditorOperations(Commonpage.java:61)
	at testNgTests.TreeTest.testPythoncodeForOverviewOfTreePage(TreeTest.java:61)
	at java.base/java.util.ArrayList.forEach(ArrayList.java:1596)
... Removed 28 stack frames</div></td></tr></table><p class="totop"><a href="#summary">back to summary</a></p>
<h3 id="m19">testNgTests.QueueTest#Navigation_to_queuePage</h3><table class="result"><tr><th class="invisible"/></tr></table><p class="totop"><a href="#summary">back to summary</a></p>
<h3 id="m20">testNgTests.QueueTest#Navigation_to_queuePage</h3><table class="result"><tr><th class="invisible"/></tr></table><p class="totop"><a href="#summary">back to summary</a></p>
<h3 id="m21">testNgTests.QueueTest#Navigation_to_queuePage</h3><table class="result"><tr><th class="invisible"/></tr></table><p class="totop"><a href="#summary">back to summary</a></p>
<h3 id="m22">testNgTests.QueueTest#Navigation_to_queuePage</h3><table class="result"><tr><th class="invisible"/></tr></table><p class="totop"><a href="#summary">back to summary</a></p>
<h3 id="m23">testNgTests.QueueTest#Navigation_to_queuePage</h3><table class="result"><tr><th class="invisible"/></tr></table><p class="totop"><a href="#summary">back to summary</a></p>
<h3 id="m24">testNgTests.QueueTest#Navigation_to_queuePage</h3><table class="result"><tr><th class="invisible"/></tr></table><p class="totop"><a href="#summary">back to summary</a></p>
<h3 id="m25">testNgTests.QueueTest#Navigation_to_queuePage</h3><table class="result"><tr><th class="invisible"/></tr></table><p class="totop"><a href="#summary">back to summary</a></p>
<h3 id="m26">testNgTests.QueueTest#Navigation_to_queuePage</h3><table class="result"><tr><th class="invisible"/></tr></table><p class="totop"><a href="#summary">back to summary</a></p>
<h3 id="m27">testNgTests.QueueTest#Navigation_to_queuePage</h3><table class="result"><tr><th class="invisible"/></tr></table><p class="totop"><a href="#summary">back to summary</a></p>
<h3 id="m28">testNgTests.QueueTest#Navigation_to_queuePage</h3><table class="result"><tr><th class="invisible"/></tr></table><p class="totop"><a href="#summary">back to summary</a></p>
<h3 id="m29">testNgTests.QueueTest#Navigation_to_queuePage</h3><table class="result"><tr><th class="invisible"/></tr></table><p class="totop"><a href="#summary">back to summary</a></p>
<h3 id="m30">testNgTests.QueueTest#Navigation_to_queuePage</h3><table class="result"><tr><th class="invisible"/></tr></table><p class="totop"><a href="#summary">back to summary</a></p>
<h3 id="m31">testNgTests.QueueTest#Navigation_to_queuePage</h3><table class="result"><tr><th class="invisible"/></tr></table><p class="totop"><a href="#summary">back to summary</a></p>
<h3 id="m32">testNgTests.QueueTest#Navigation_to_queuePage</h3><table class="result"><tr><th class="invisible"/></tr></table><p class="totop"><a href="#summary">back to summary</a></p>
<h3 id="m33">testNgTests.QueueTest#Navigation_to_queuePage</h3><table class="result"><tr><th class="invisible"/></tr></table><p class="totop"><a href="#summary">back to summary</a></p>
<h3 id="m34">testNgTests.QueueTest#setup</h3><table class="result"><tr><th class="invisible"/></tr></table><p class="totop"><a href="#summary">back to summary</a></p>
<h3 id="m35">testNgTests.QueueTest#setup</h3><table class="result"><tr><th class="invisible"/></tr></table><p class="totop"><a href="#summary">back to summary</a></p>
<h3 id="m36">testNgTests.QueueTest#setup</h3><table class="result"><tr><th class="invisible"/></tr></table><p class="totop"><a href="#summary">back to summary</a></p>
<h3 id="m37">testNgTests.QueueTest#setup</h3><table class="result"><tr><th class="invisible"/></tr></table><p class="totop"><a href="#summary">back to summary</a></p>
<h3 id="m38">testNgTests.QueueTest#setup</h3><table class="result"><tr><th class="invisible"/></tr></table><p class="totop"><a href="#summary">back to summary</a></p>
<h3 id="m39">testNgTests.QueueTest#setup</h3><table class="result"><tr><th class="invisible"/></tr></table><p class="totop"><a href="#summary">back to summary</a></p>
<h3 id="m40">testNgTests.QueueTest#setup</h3><table class="result"><tr><th class="invisible"/></tr></table><p class="totop"><a href="#summary">back to summary</a></p>
<h3 id="m41">testNgTests.QueueTest#setup</h3><table class="result"><tr><th class="invisible"/></tr></table><p class="totop"><a href="#summary">back to summary</a></p>
<h3 id="m42">testNgTests.QueueTest#setup</h3><table class="result"><tr><th class="invisible"/></tr></table><p class="totop"><a href="#summary">back to summary</a></p>
<h3 id="m43">testNgTests.QueueTest#setup</h3><table class="result"><tr><th class="invisible"/></tr></table><p class="totop"><a href="#summary">back to summary</a></p>
<h3 id="m44">testNgTests.QueueTest#setup</h3><table class="result"><tr><th class="invisible"/></tr></table><p class="totop"><a href="#summary">back to summary</a></p>
<h3 id="m45">testNgTests.QueueTest#setup</h3><table class="result"><tr><th class="invisible"/></tr></table><p class="totop"><a href="#summary">back to summary</a></p>
<h3 id="m46">testNgTests.QueueTest#setup</h3><table class="result"><tr><th class="invisible"/></tr></table><p class="totop"><a href="#summary">back to summary</a></p>
<h3 id="m47">testNgTests.QueueTest#setup</h3><table class="result"><tr><th class="invisible"/></tr></table><p class="totop"><a href="#summary">back to summary</a></p>
<h3 id="m48">testNgTests.QueueTest#tearDown</h3><table class="result"><tr><th class="invisible"/></tr></table><p class="totop"><a href="#summary">back to summary</a></p>
<h3 id="m49">testNgTests.QueueTest#tearDown</h3><table class="result"><tr><th class="invisible"/></tr></table><p class="totop"><a href="#summary">back to summary</a></p>
<h3 id="m50">testNgTests.QueueTest#tearDown</h3><table class="result"><tr><th class="invisible"/></tr></table><p class="totop"><a href="#summary">back to summary</a></p>
<h3 id="m51">testNgTests.QueueTest#tearDown</h3><table class="result"><tr><th class="invisible"/></tr></table><p class="totop"><a href="#summary">back to summary</a></p>
<h3 id="m52">testNgTests.QueueTest#tearDown</h3><table class="result"><tr><th class="invisible"/></tr></table><p class="totop"><a href="#summary">back to summary</a></p>
<h3 id="m53">testNgTests.QueueTest#tearDown</h3><table class="result"><tr><th class="invisible"/></tr></table><p class="totop"><a href="#summary">back to summary</a></p>
<h3 id="m54">testNgTests.QueueTest#tearDown</h3><table class="result"><tr><th class="invisible"/></tr></table><p class="totop"><a href="#summary">back to summary</a></p>
<h3 id="m55">testNgTests.QueueTest#tearDown</h3><table class="result"><tr><th class="invisible"/></tr></table><p class="totop"><a href="#summary">back to summary</a></p>
<h3 id="m56">testNgTests.QueueTest#tearDown</h3><table class="result"><tr><th class="invisible"/></tr></table><p class="totop"><a href="#summary">back to summary</a></p>
<h3 id="m57">testNgTests.QueueTest#tearDown</h3><table class="result"><tr><th class="invisible"/></tr></table><p class="totop"><a href="#summary">back to summary</a></p>
<h3 id="m58">testNgTests.QueueTest#tearDown</h3><table class="result"><tr><th class="invisible"/></tr></table><p class="totop"><a href="#summary">back to summary</a></p>
<h3 id="m59">testNgTests.QueueTest#tearDown</h3><table class="result"><tr><th class="invisible"/></tr></table><p class="totop"><a href="#summary">back to summary</a></p>
<h3 id="m60">testNgTests.QueueTest#tearDown</h3><table class="result"><tr><th class="invisible"/></tr></table><p class="totop"><a href="#summary">back to summary</a></p>
<h3 id="m61">testNgTests.QueueTest#tearDown</h3><table class="result"><tr><th class="invisible"/></tr></table><p class="totop"><a href="#summary">back to summary</a></p>
<h3 id="m62">testNgTests.QueueTest#tearDown</h3><table class="result"><tr><th class="invisible"/></tr></table><p class="totop"><a href="#summary">back to summary</a></p>
<h3 id="m63">testNgTests.QueueTest#TC_01_Implementationusingarray</h3><table class="result"><tr><th>Exception</th></tr><tr><td><div class="stacktrace">org.openqa.selenium.WebDriverException: unknown error: JavaScript code failed
from unknown command: &apos;Runtime.evaluate&apos; wasn&apos;t found
  (Session info: chrome=133.0.6943.142)
Build info: version: &apos;4.27.0&apos;, revision: &apos;d6e718d134&apos;
System info: os.name: &apos;Windows 11&apos;, os.arch: &apos;amd64&apos;, os.version: &apos;10.0&apos;, java.version: &apos;21.0.5&apos;
Driver info: org.openqa.selenium.chrome.ChromeDriver
Command: [2ec0ec6bb0555ed8f78869c31f901001, maximizeCurrentWindow {}]
Capabilities {acceptInsecureCerts: false, browserName: chrome, browserVersion: 133.0.6943.142, chrome: {chromedriverVersion: 133.0.6943.141 (2a5d6da0d61..., userDataDir: C:\Users\rakhy\AppData\Loca...}, fedcm:accounts: true, goog:chromeOptions: {debuggerAddress: localhost:61884}, networkConnectionEnabled: false, pageLoadStrategy: normal, platformName: windows, proxy: Proxy(), se:cdp: ws://localhost:61884/devtoo..., se:cdpVersion: 133.0.6943.142, setWindowRect: true, strictFileInteractability: false, timeouts: {implicit: 0, pageLoad: 300000, script: 30000}, unhandledPromptBehavior: dismiss and notify, webauthn:extension:credBlob: true, webauthn:extension:largeBlob: true, webauthn:extension:minPinLength: true, webauthn:extension:prf: true, webauthn:virtualAuthenticators: true}
Session ID: 2ec0ec6bb0555ed8f78869c31f901001
	at org.openqa.selenium.remote.ErrorCodec.decode(ErrorCodec.java:167)
	at org.openqa.selenium.remote.codec.w3c.W3CHttpResponseCodec.decode(W3CHttpResponseCodec.java:138)
	at org.openqa.selenium.remote.codec.w3c.W3CHttpResponseCodec.decode(W3CHttpResponseCodec.java:50)
	at org.openqa.selenium.remote.HttpCommandExecutor.execute(HttpCommandExecutor.java:190)
	at org.openqa.selenium.remote.service.DriverCommandExecutor.invokeExecute(DriverCommandExecutor.java:216)
	at org.openqa.selenium.remote.service.DriverCommandExecutor.execute(DriverCommandExecutor.java:174)
	at org.openqa.selenium.remote.RemoteWebDriver.execute(RemoteWebDriver.java:545)
	at org.openqa.selenium.remote.RemoteWebDriver.execute(RemoteWebDriver.java:618)
	at org.openqa.selenium.remote.RemoteWebDriver.execute(RemoteWebDriver.java:622)
	at org.openqa.selenium.remote.RemoteWebDriver$RemoteWebDriverOptions$RemoteWindow.maximize(RemoteWebDriver.java:1061)
	at webdrivermanager.DriverFactory.init_driver(DriverFactory.java:46)
	at BaseClass.BaseTest.setup(BaseTest.java:48)
	at java.base/java.util.ArrayList.forEach(ArrayList.java:1596)
... Removed 32 stack frames</div></td></tr></table><p class="totop"><a href="#summary">back to summary</a></p>
<h3 id="m64">testNgTests.QueueTest#TC_01_Implementationusingcollectionsdeque</h3><table class="result"><tr><th>Exception</th></tr><tr><td><div class="stacktrace">org.openqa.selenium.WebDriverException: unknown error: JavaScript code failed
from unknown command: &apos;Runtime.evaluate&apos; wasn&apos;t found
  (Session info: chrome=133.0.6943.142)
Build info: version: &apos;4.27.0&apos;, revision: &apos;d6e718d134&apos;
System info: os.name: &apos;Windows 11&apos;, os.arch: &apos;amd64&apos;, os.version: &apos;10.0&apos;, java.version: &apos;21.0.5&apos;
Driver info: org.openqa.selenium.chrome.ChromeDriver
Command: [2ec0ec6bb0555ed8f78869c31f901001, maximizeCurrentWindow {}]
Capabilities {acceptInsecureCerts: false, browserName: chrome, browserVersion: 133.0.6943.142, chrome: {chromedriverVersion: 133.0.6943.141 (2a5d6da0d61..., userDataDir: C:\Users\rakhy\AppData\Loca...}, fedcm:accounts: true, goog:chromeOptions: {debuggerAddress: localhost:61884}, networkConnectionEnabled: false, pageLoadStrategy: normal, platformName: windows, proxy: Proxy(), se:cdp: ws://localhost:61884/devtoo..., se:cdpVersion: 133.0.6943.142, setWindowRect: true, strictFileInteractability: false, timeouts: {implicit: 0, pageLoad: 300000, script: 30000}, unhandledPromptBehavior: dismiss and notify, webauthn:extension:credBlob: true, webauthn:extension:largeBlob: true, webauthn:extension:minPinLength: true, webauthn:extension:prf: true, webauthn:virtualAuthenticators: true}
Session ID: 2ec0ec6bb0555ed8f78869c31f901001
	at org.openqa.selenium.remote.ErrorCodec.decode(ErrorCodec.java:167)
	at org.openqa.selenium.remote.codec.w3c.W3CHttpResponseCodec.decode(W3CHttpResponseCodec.java:138)
	at org.openqa.selenium.remote.codec.w3c.W3CHttpResponseCodec.decode(W3CHttpResponseCodec.java:50)
	at org.openqa.selenium.remote.HttpCommandExecutor.execute(HttpCommandExecutor.java:190)
	at org.openqa.selenium.remote.service.DriverCommandExecutor.invokeExecute(DriverCommandExecutor.java:216)
	at org.openqa.selenium.remote.service.DriverCommandExecutor.execute(DriverCommandExecutor.java:174)
	at org.openqa.selenium.remote.RemoteWebDriver.execute(RemoteWebDriver.java:545)
	at org.openqa.selenium.remote.RemoteWebDriver.execute(RemoteWebDriver.java:618)
	at org.openqa.selenium.remote.RemoteWebDriver.execute(RemoteWebDriver.java:622)
	at org.openqa.selenium.remote.RemoteWebDriver$RemoteWebDriverOptions$RemoteWindow.maximize(RemoteWebDriver.java:1061)
	at webdrivermanager.DriverFactory.init_driver(DriverFactory.java:46)
	at BaseClass.BaseTest.setup(BaseTest.java:48)
	at java.base/java.util.ArrayList.forEach(ArrayList.java:1596)
... Removed 32 stack frames</div></td></tr></table><p class="totop"><a href="#summary">back to summary</a></p>
<h3 id="m65">testNgTests.QueueTest#TC_01_PracticeQuestions</h3><table class="result"><tr><th>Exception</th></tr><tr><td><div class="stacktrace">org.openqa.selenium.WebDriverException: unknown error: JavaScript code failed
from unknown command: &apos;Runtime.evaluate&apos; wasn&apos;t found
  (Session info: chrome=133.0.6943.142)
Build info: version: &apos;4.27.0&apos;, revision: &apos;d6e718d134&apos;
System info: os.name: &apos;Windows 11&apos;, os.arch: &apos;amd64&apos;, os.version: &apos;10.0&apos;, java.version: &apos;21.0.5&apos;
Driver info: org.openqa.selenium.chrome.ChromeDriver
Command: [2ec0ec6bb0555ed8f78869c31f901001, maximizeCurrentWindow {}]
Capabilities {acceptInsecureCerts: false, browserName: chrome, browserVersion: 133.0.6943.142, chrome: {chromedriverVersion: 133.0.6943.141 (2a5d6da0d61..., userDataDir: C:\Users\rakhy\AppData\Loca...}, fedcm:accounts: true, goog:chromeOptions: {debuggerAddress: localhost:61884}, networkConnectionEnabled: false, pageLoadStrategy: normal, platformName: windows, proxy: Proxy(), se:cdp: ws://localhost:61884/devtoo..., se:cdpVersion: 133.0.6943.142, setWindowRect: true, strictFileInteractability: false, timeouts: {implicit: 0, pageLoad: 300000, script: 30000}, unhandledPromptBehavior: dismiss and notify, webauthn:extension:credBlob: true, webauthn:extension:largeBlob: true, webauthn:extension:minPinLength: true, webauthn:extension:prf: true, webauthn:virtualAuthenticators: true}
Session ID: 2ec0ec6bb0555ed8f78869c31f901001
	at org.openqa.selenium.remote.ErrorCodec.decode(ErrorCodec.java:167)
	at org.openqa.selenium.remote.codec.w3c.W3CHttpResponseCodec.decode(W3CHttpResponseCodec.java:138)
	at org.openqa.selenium.remote.codec.w3c.W3CHttpResponseCodec.decode(W3CHttpResponseCodec.java:50)
	at org.openqa.selenium.remote.HttpCommandExecutor.execute(HttpCommandExecutor.java:190)
	at org.openqa.selenium.remote.service.DriverCommandExecutor.invokeExecute(DriverCommandExecutor.java:216)
	at org.openqa.selenium.remote.service.DriverCommandExecutor.execute(DriverCommandExecutor.java:174)
	at org.openqa.selenium.remote.RemoteWebDriver.execute(RemoteWebDriver.java:545)
	at org.openqa.selenium.remote.RemoteWebDriver.execute(RemoteWebDriver.java:618)
	at org.openqa.selenium.remote.RemoteWebDriver.execute(RemoteWebDriver.java:622)
	at org.openqa.selenium.remote.RemoteWebDriver$RemoteWebDriverOptions$RemoteWindow.maximize(RemoteWebDriver.java:1061)
	at webdrivermanager.DriverFactory.init_driver(DriverFactory.java:46)
	at BaseClass.BaseTest.setup(BaseTest.java:48)
	at java.base/java.util.ArrayList.forEach(ArrayList.java:1596)
... Removed 32 stack frames</div></td></tr></table><p class="totop"><a href="#summary">back to summary</a></p>
<h3 id="m66">testNgTests.QueueTest#TC_01_QueueOperations</h3><table class="result"><tr><th>Exception</th></tr><tr><td><div class="stacktrace">org.openqa.selenium.WebDriverException: unknown error: JavaScript code failed
from unknown command: &apos;Runtime.evaluate&apos; wasn&apos;t found
  (Session info: chrome=133.0.6943.142)
Build info: version: &apos;4.27.0&apos;, revision: &apos;d6e718d134&apos;
System info: os.name: &apos;Windows 11&apos;, os.arch: &apos;amd64&apos;, os.version: &apos;10.0&apos;, java.version: &apos;21.0.5&apos;
Driver info: org.openqa.selenium.chrome.ChromeDriver
Command: [2ec0ec6bb0555ed8f78869c31f901001, maximizeCurrentWindow {}]
Capabilities {acceptInsecureCerts: false, browserName: chrome, browserVersion: 133.0.6943.142, chrome: {chromedriverVersion: 133.0.6943.141 (2a5d6da0d61..., userDataDir: C:\Users\rakhy\AppData\Loca...}, fedcm:accounts: true, goog:chromeOptions: {debuggerAddress: localhost:61884}, networkConnectionEnabled: false, pageLoadStrategy: normal, platformName: windows, proxy: Proxy(), se:cdp: ws://localhost:61884/devtoo..., se:cdpVersion: 133.0.6943.142, setWindowRect: true, strictFileInteractability: false, timeouts: {implicit: 0, pageLoad: 300000, script: 30000}, unhandledPromptBehavior: dismiss and notify, webauthn:extension:credBlob: true, webauthn:extension:largeBlob: true, webauthn:extension:minPinLength: true, webauthn:extension:prf: true, webauthn:virtualAuthenticators: true}
Session ID: 2ec0ec6bb0555ed8f78869c31f901001
	at org.openqa.selenium.remote.ErrorCodec.decode(ErrorCodec.java:167)
	at org.openqa.selenium.remote.codec.w3c.W3CHttpResponseCodec.decode(W3CHttpResponseCodec.java:138)
	at org.openqa.selenium.remote.codec.w3c.W3CHttpResponseCodec.decode(W3CHttpResponseCodec.java:50)
	at org.openqa.selenium.remote.HttpCommandExecutor.execute(HttpCommandExecutor.java:190)
	at org.openqa.selenium.remote.service.DriverCommandExecutor.invokeExecute(DriverCommandExecutor.java:216)
	at org.openqa.selenium.remote.service.DriverCommandExecutor.execute(DriverCommandExecutor.java:174)
	at org.openqa.selenium.remote.RemoteWebDriver.execute(RemoteWebDriver.java:545)
	at org.openqa.selenium.remote.RemoteWebDriver.execute(RemoteWebDriver.java:618)
	at org.openqa.selenium.remote.RemoteWebDriver.execute(RemoteWebDriver.java:622)
	at org.openqa.selenium.remote.RemoteWebDriver$RemoteWebDriverOptions$RemoteWindow.maximize(RemoteWebDriver.java:1061)
	at webdrivermanager.DriverFactory.init_driver(DriverFactory.java:46)
	at BaseClass.BaseTest.setup(BaseTest.java:48)
	at java.base/java.util.ArrayList.forEach(ArrayList.java:1596)
... Removed 32 stack frames</div></td></tr></table><p class="totop"><a href="#summary">back to summary</a></p>
<h3 id="m67">testNgTests.QueueTest#TC_02_ImplementationusingarrayTryHere</h3><table class="result"><tr><th>Exception</th></tr><tr><td><div class="stacktrace">org.openqa.selenium.WebDriverException: unknown error: JavaScript code failed
from unknown command: &apos;Runtime.evaluate&apos; wasn&apos;t found
  (Session info: chrome=133.0.6943.142)
Build info: version: &apos;4.27.0&apos;, revision: &apos;d6e718d134&apos;
System info: os.name: &apos;Windows 11&apos;, os.arch: &apos;amd64&apos;, os.version: &apos;10.0&apos;, java.version: &apos;21.0.5&apos;
Driver info: org.openqa.selenium.chrome.ChromeDriver
Command: [2ec0ec6bb0555ed8f78869c31f901001, maximizeCurrentWindow {}]
Capabilities {acceptInsecureCerts: false, browserName: chrome, browserVersion: 133.0.6943.142, chrome: {chromedriverVersion: 133.0.6943.141 (2a5d6da0d61..., userDataDir: C:\Users\rakhy\AppData\Loca...}, fedcm:accounts: true, goog:chromeOptions: {debuggerAddress: localhost:61884}, networkConnectionEnabled: false, pageLoadStrategy: normal, platformName: windows, proxy: Proxy(), se:cdp: ws://localhost:61884/devtoo..., se:cdpVersion: 133.0.6943.142, setWindowRect: true, strictFileInteractability: false, timeouts: {implicit: 0, pageLoad: 300000, script: 30000}, unhandledPromptBehavior: dismiss and notify, webauthn:extension:credBlob: true, webauthn:extension:largeBlob: true, webauthn:extension:minPinLength: true, webauthn:extension:prf: true, webauthn:virtualAuthenticators: true}
Session ID: 2ec0ec6bb0555ed8f78869c31f901001
	at org.openqa.selenium.remote.ErrorCodec.decode(ErrorCodec.java:167)
	at org.openqa.selenium.remote.codec.w3c.W3CHttpResponseCodec.decode(W3CHttpResponseCodec.java:138)
	at org.openqa.selenium.remote.codec.w3c.W3CHttpResponseCodec.decode(W3CHttpResponseCodec.java:50)
	at org.openqa.selenium.remote.HttpCommandExecutor.execute(HttpCommandExecutor.java:190)
	at org.openqa.selenium.remote.service.DriverCommandExecutor.invokeExecute(DriverCommandExecutor.java:216)
	at org.openqa.selenium.remote.service.DriverCommandExecutor.execute(DriverCommandExecutor.java:174)
	at org.openqa.selenium.remote.RemoteWebDriver.execute(RemoteWebDriver.java:545)
	at org.openqa.selenium.remote.RemoteWebDriver.execute(RemoteWebDriver.java:618)
	at org.openqa.selenium.remote.RemoteWebDriver.execute(RemoteWebDriver.java:622)
	at org.openqa.selenium.remote.RemoteWebDriver$RemoteWebDriverOptions$RemoteWindow.maximize(RemoteWebDriver.java:1061)
	at webdrivermanager.DriverFactory.init_driver(DriverFactory.java:46)
	at BaseClass.BaseTest.setup(BaseTest.java:48)
	at java.base/java.util.ArrayList.forEach(ArrayList.java:1596)
... Removed 32 stack frames</div></td></tr></table><p class="totop"><a href="#summary">back to summary</a></p>
<h3 id="m68">testNgTests.QueueTest#TC_02_ImplementationusingcollectionsdequeTryHere</h3><table class="result"><tr><th>Exception</th></tr><tr><td><div class="stacktrace">org.openqa.selenium.WebDriverException: unknown error: JavaScript code failed
from unknown command: &apos;Runtime.evaluate&apos; wasn&apos;t found
  (Session info: chrome=133.0.6943.142)
Build info: version: &apos;4.27.0&apos;, revision: &apos;d6e718d134&apos;
System info: os.name: &apos;Windows 11&apos;, os.arch: &apos;amd64&apos;, os.version: &apos;10.0&apos;, java.version: &apos;21.0.5&apos;
Driver info: org.openqa.selenium.chrome.ChromeDriver
Command: [2ec0ec6bb0555ed8f78869c31f901001, maximizeCurrentWindow {}]
Capabilities {acceptInsecureCerts: false, browserName: chrome, browserVersion: 133.0.6943.142, chrome: {chromedriverVersion: 133.0.6943.141 (2a5d6da0d61..., userDataDir: C:\Users\rakhy\AppData\Loca...}, fedcm:accounts: true, goog:chromeOptions: {debuggerAddress: localhost:61884}, networkConnectionEnabled: false, pageLoadStrategy: normal, platformName: windows, proxy: Proxy(), se:cdp: ws://localhost:61884/devtoo..., se:cdpVersion: 133.0.6943.142, setWindowRect: true, strictFileInteractability: false, timeouts: {implicit: 0, pageLoad: 300000, script: 30000}, unhandledPromptBehavior: dismiss and notify, webauthn:extension:credBlob: true, webauthn:extension:largeBlob: true, webauthn:extension:minPinLength: true, webauthn:extension:prf: true, webauthn:virtualAuthenticators: true}
Session ID: 2ec0ec6bb0555ed8f78869c31f901001
	at org.openqa.selenium.remote.ErrorCodec.decode(ErrorCodec.java:167)
	at org.openqa.selenium.remote.codec.w3c.W3CHttpResponseCodec.decode(W3CHttpResponseCodec.java:138)
	at org.openqa.selenium.remote.codec.w3c.W3CHttpResponseCodec.decode(W3CHttpResponseCodec.java:50)
	at org.openqa.selenium.remote.HttpCommandExecutor.execute(HttpCommandExecutor.java:190)
	at org.openqa.selenium.remote.service.DriverCommandExecutor.invokeExecute(DriverCommandExecutor.java:216)
	at org.openqa.selenium.remote.service.DriverCommandExecutor.execute(DriverCommandExecutor.java:174)
	at org.openqa.selenium.remote.RemoteWebDriver.execute(RemoteWebDriver.java:545)
	at org.openqa.selenium.remote.RemoteWebDriver.execute(RemoteWebDriver.java:618)
	at org.openqa.selenium.remote.RemoteWebDriver.execute(RemoteWebDriver.java:622)
	at org.openqa.selenium.remote.RemoteWebDriver$RemoteWebDriverOptions$RemoteWindow.maximize(RemoteWebDriver.java:1061)
	at webdrivermanager.DriverFactory.init_driver(DriverFactory.java:46)
	at BaseClass.BaseTest.setup(BaseTest.java:48)
	at java.base/java.util.ArrayList.forEach(ArrayList.java:1596)
... Removed 32 stack frames</div></td></tr></table><p class="totop"><a href="#summary">back to summary</a></p>
<h3 id="m69">testNgTests.QueueTest#TC_02_QueueOperationsTryHere</h3><table class="result"><tr><th>Exception</th></tr><tr><td><div class="stacktrace">org.openqa.selenium.WebDriverException: unknown error: JavaScript code failed
from unknown command: &apos;Runtime.evaluate&apos; wasn&apos;t found
  (Session info: chrome=133.0.6943.142)
Build info: version: &apos;4.27.0&apos;, revision: &apos;d6e718d134&apos;
System info: os.name: &apos;Windows 11&apos;, os.arch: &apos;amd64&apos;, os.version: &apos;10.0&apos;, java.version: &apos;21.0.5&apos;
Driver info: org.openqa.selenium.chrome.ChromeDriver
Command: [2ec0ec6bb0555ed8f78869c31f901001, maximizeCurrentWindow {}]
Capabilities {acceptInsecureCerts: false, browserName: chrome, browserVersion: 133.0.6943.142, chrome: {chromedriverVersion: 133.0.6943.141 (2a5d6da0d61..., userDataDir: C:\Users\rakhy\AppData\Loca...}, fedcm:accounts: true, goog:chromeOptions: {debuggerAddress: localhost:61884}, networkConnectionEnabled: false, pageLoadStrategy: normal, platformName: windows, proxy: Proxy(), se:cdp: ws://localhost:61884/devtoo..., se:cdpVersion: 133.0.6943.142, setWindowRect: true, strictFileInteractability: false, timeouts: {implicit: 0, pageLoad: 300000, script: 30000}, unhandledPromptBehavior: dismiss and notify, webauthn:extension:credBlob: true, webauthn:extension:largeBlob: true, webauthn:extension:minPinLength: true, webauthn:extension:prf: true, webauthn:virtualAuthenticators: true}
Session ID: 2ec0ec6bb0555ed8f78869c31f901001
	at org.openqa.selenium.remote.ErrorCodec.decode(ErrorCodec.java:167)
	at org.openqa.selenium.remote.codec.w3c.W3CHttpResponseCodec.decode(W3CHttpResponseCodec.java:138)
	at org.openqa.selenium.remote.codec.w3c.W3CHttpResponseCodec.decode(W3CHttpResponseCodec.java:50)
	at org.openqa.selenium.remote.HttpCommandExecutor.execute(HttpCommandExecutor.java:190)
	at org.openqa.selenium.remote.service.DriverCommandExecutor.invokeExecute(DriverCommandExecutor.java:216)
	at org.openqa.selenium.remote.service.DriverCommandExecutor.execute(DriverCommandExecutor.java:174)
	at org.openqa.selenium.remote.RemoteWebDriver.execute(RemoteWebDriver.java:545)
	at org.openqa.selenium.remote.RemoteWebDriver.execute(RemoteWebDriver.java:618)
	at org.openqa.selenium.remote.RemoteWebDriver.execute(RemoteWebDriver.java:622)
	at org.openqa.selenium.remote.RemoteWebDriver$RemoteWebDriverOptions$RemoteWindow.maximize(RemoteWebDriver.java:1061)
	at webdrivermanager.DriverFactory.init_driver(DriverFactory.java:46)
	at BaseClass.BaseTest.setup(BaseTest.java:48)
	at java.base/java.util.ArrayList.forEach(ArrayList.java:1596)
... Removed 32 stack frames</div></td></tr></table><p class="totop"><a href="#summary">back to summary</a></p>
<h3 id="m70">testNgTests.QueueTest#testPythoncodeForImplementationOfBSTPage</h3><table class="result"><tr class="param"><th>Parameter #1</th></tr><tr class="param stripe"><td>{Pythoncode=hello, ExpectedResult=, ExpectedAlert=NameError: name &apos;hello&apos; is not defined on line 1}</td></tr><tr><th>Exception</th></tr><tr><td><div class="stacktrace">org.openqa.selenium.WebDriverException: unknown error: JavaScript code failed
from unknown command: &apos;Runtime.evaluate&apos; wasn&apos;t found
  (Session info: chrome=133.0.6943.142)
Build info: version: &apos;4.27.0&apos;, revision: &apos;d6e718d134&apos;
System info: os.name: &apos;Windows 11&apos;, os.arch: &apos;amd64&apos;, os.version: &apos;10.0&apos;, java.version: &apos;21.0.5&apos;
Driver info: org.openqa.selenium.chrome.ChromeDriver
Command: [2ec0ec6bb0555ed8f78869c31f901001, maximizeCurrentWindow {}]
Capabilities {acceptInsecureCerts: false, browserName: chrome, browserVersion: 133.0.6943.142, chrome: {chromedriverVersion: 133.0.6943.141 (2a5d6da0d61..., userDataDir: C:\Users\rakhy\AppData\Loca...}, fedcm:accounts: true, goog:chromeOptions: {debuggerAddress: localhost:61884}, networkConnectionEnabled: false, pageLoadStrategy: normal, platformName: windows, proxy: Proxy(), se:cdp: ws://localhost:61884/devtoo..., se:cdpVersion: 133.0.6943.142, setWindowRect: true, strictFileInteractability: false, timeouts: {implicit: 0, pageLoad: 300000, script: 30000}, unhandledPromptBehavior: dismiss and notify, webauthn:extension:credBlob: true, webauthn:extension:largeBlob: true, webauthn:extension:minPinLength: true, webauthn:extension:prf: true, webauthn:virtualAuthenticators: true}
Session ID: 2ec0ec6bb0555ed8f78869c31f901001
	at org.openqa.selenium.remote.ErrorCodec.decode(ErrorCodec.java:167)
	at org.openqa.selenium.remote.codec.w3c.W3CHttpResponseCodec.decode(W3CHttpResponseCodec.java:138)
	at org.openqa.selenium.remote.codec.w3c.W3CHttpResponseCodec.decode(W3CHttpResponseCodec.java:50)
	at org.openqa.selenium.remote.HttpCommandExecutor.execute(HttpCommandExecutor.java:190)
	at org.openqa.selenium.remote.service.DriverCommandExecutor.invokeExecute(DriverCommandExecutor.java:216)
	at org.openqa.selenium.remote.service.DriverCommandExecutor.execute(DriverCommandExecutor.java:174)
	at org.openqa.selenium.remote.RemoteWebDriver.execute(RemoteWebDriver.java:545)
	at org.openqa.selenium.remote.RemoteWebDriver.execute(RemoteWebDriver.java:618)
	at org.openqa.selenium.remote.RemoteWebDriver.execute(RemoteWebDriver.java:622)
	at org.openqa.selenium.remote.RemoteWebDriver$RemoteWebDriverOptions$RemoteWindow.maximize(RemoteWebDriver.java:1061)
	at webdrivermanager.DriverFactory.init_driver(DriverFactory.java:46)
	at BaseClass.BaseTest.setup(BaseTest.java:48)
	at java.base/java.util.ArrayList.forEach(ArrayList.java:1596)
... Removed 32 stack frames</div></td></tr></table><p class="totop"><a href="#summary">back to summary</a></p>
<h3 id="m71">testNgTests.QueueTest#testPythoncodeForImplementationOfBSTPage</h3><table class="result"><tr class="param"><th>Parameter #1</th></tr><tr class="param stripe"><td>{Pythoncode=print(&quot;hello&quot;), ExpectedResult=hello, ExpectedAlert=}</td></tr><tr><th>Exception</th></tr><tr><td><div class="stacktrace">org.openqa.selenium.WebDriverException: unknown error: JavaScript code failed
from unknown command: &apos;Runtime.evaluate&apos; wasn&apos;t found
  (Session info: chrome=133.0.6943.142)
Build info: version: &apos;4.27.0&apos;, revision: &apos;d6e718d134&apos;
System info: os.name: &apos;Windows 11&apos;, os.arch: &apos;amd64&apos;, os.version: &apos;10.0&apos;, java.version: &apos;21.0.5&apos;
Driver info: org.openqa.selenium.chrome.ChromeDriver
Command: [2ec0ec6bb0555ed8f78869c31f901001, maximizeCurrentWindow {}]
Capabilities {acceptInsecureCerts: false, browserName: chrome, browserVersion: 133.0.6943.142, chrome: {chromedriverVersion: 133.0.6943.141 (2a5d6da0d61..., userDataDir: C:\Users\rakhy\AppData\Loca...}, fedcm:accounts: true, goog:chromeOptions: {debuggerAddress: localhost:61884}, networkConnectionEnabled: false, pageLoadStrategy: normal, platformName: windows, proxy: Proxy(), se:cdp: ws://localhost:61884/devtoo..., se:cdpVersion: 133.0.6943.142, setWindowRect: true, strictFileInteractability: false, timeouts: {implicit: 0, pageLoad: 300000, script: 30000}, unhandledPromptBehavior: dismiss and notify, webauthn:extension:credBlob: true, webauthn:extension:largeBlob: true, webauthn:extension:minPinLength: true, webauthn:extension:prf: true, webauthn:virtualAuthenticators: true}
Session ID: 2ec0ec6bb0555ed8f78869c31f901001
	at org.openqa.selenium.remote.ErrorCodec.decode(ErrorCodec.java:167)
	at org.openqa.selenium.remote.codec.w3c.W3CHttpResponseCodec.decode(W3CHttpResponseCodec.java:138)
	at org.openqa.selenium.remote.codec.w3c.W3CHttpResponseCodec.decode(W3CHttpResponseCodec.java:50)
	at org.openqa.selenium.remote.HttpCommandExecutor.execute(HttpCommandExecutor.java:190)
	at org.openqa.selenium.remote.service.DriverCommandExecutor.invokeExecute(DriverCommandExecutor.java:216)
	at org.openqa.selenium.remote.service.DriverCommandExecutor.execute(DriverCommandExecutor.java:174)
	at org.openqa.selenium.remote.RemoteWebDriver.execute(RemoteWebDriver.java:545)
	at org.openqa.selenium.remote.RemoteWebDriver.execute(RemoteWebDriver.java:618)
	at org.openqa.selenium.remote.RemoteWebDriver.execute(RemoteWebDriver.java:622)
	at org.openqa.selenium.remote.RemoteWebDriver$RemoteWebDriverOptions$RemoteWindow.maximize(RemoteWebDriver.java:1061)
	at webdrivermanager.DriverFactory.init_driver(DriverFactory.java:46)
	at BaseClass.BaseTest.setup(BaseTest.java:48)
	at java.base/java.util.ArrayList.forEach(ArrayList.java:1596)
... Removed 32 stack frames</div></td></tr></table><p class="totop"><a href="#summary">back to summary</a></p>
<h3 id="m72">testNgTests.QueueTest#testPythoncodeForImplementationusingarrayPage</h3><table class="result"><tr class="param"><th>Parameter #1</th></tr><tr class="param stripe"><td>{Pythoncode=print(&quot;hello&quot;), ExpectedResult=hello, ExpectedAlert=}</td></tr><tr><th>Exception</th></tr><tr><td><div class="stacktrace">org.openqa.selenium.WebDriverException: unknown error: JavaScript code failed
from unknown command: &apos;Runtime.evaluate&apos; wasn&apos;t found
  (Session info: chrome=133.0.6943.142)
Build info: version: &apos;4.27.0&apos;, revision: &apos;d6e718d134&apos;
System info: os.name: &apos;Windows 11&apos;, os.arch: &apos;amd64&apos;, os.version: &apos;10.0&apos;, java.version: &apos;21.0.5&apos;
Driver info: org.openqa.selenium.chrome.ChromeDriver
Command: [2ec0ec6bb0555ed8f78869c31f901001, maximizeCurrentWindow {}]
Capabilities {acceptInsecureCerts: false, browserName: chrome, browserVersion: 133.0.6943.142, chrome: {chromedriverVersion: 133.0.6943.141 (2a5d6da0d61..., userDataDir: C:\Users\rakhy\AppData\Loca...}, fedcm:accounts: true, goog:chromeOptions: {debuggerAddress: localhost:61884}, networkConnectionEnabled: false, pageLoadStrategy: normal, platformName: windows, proxy: Proxy(), se:cdp: ws://localhost:61884/devtoo..., se:cdpVersion: 133.0.6943.142, setWindowRect: true, strictFileInteractability: false, timeouts: {implicit: 0, pageLoad: 300000, script: 30000}, unhandledPromptBehavior: dismiss and notify, webauthn:extension:credBlob: true, webauthn:extension:largeBlob: true, webauthn:extension:minPinLength: true, webauthn:extension:prf: true, webauthn:virtualAuthenticators: true}
Session ID: 2ec0ec6bb0555ed8f78869c31f901001
	at org.openqa.selenium.remote.ErrorCodec.decode(ErrorCodec.java:167)
	at org.openqa.selenium.remote.codec.w3c.W3CHttpResponseCodec.decode(W3CHttpResponseCodec.java:138)
	at org.openqa.selenium.remote.codec.w3c.W3CHttpResponseCodec.decode(W3CHttpResponseCodec.java:50)
	at org.openqa.selenium.remote.HttpCommandExecutor.execute(HttpCommandExecutor.java:190)
	at org.openqa.selenium.remote.service.DriverCommandExecutor.invokeExecute(DriverCommandExecutor.java:216)
	at org.openqa.selenium.remote.service.DriverCommandExecutor.execute(DriverCommandExecutor.java:174)
	at org.openqa.selenium.remote.RemoteWebDriver.execute(RemoteWebDriver.java:545)
	at org.openqa.selenium.remote.RemoteWebDriver.execute(RemoteWebDriver.java:618)
	at org.openqa.selenium.remote.RemoteWebDriver.execute(RemoteWebDriver.java:622)
	at org.openqa.selenium.remote.RemoteWebDriver$RemoteWebDriverOptions$RemoteWindow.maximize(RemoteWebDriver.java:1061)
	at webdrivermanager.DriverFactory.init_driver(DriverFactory.java:46)
	at BaseClass.BaseTest.setup(BaseTest.java:48)
	at java.base/java.util.ArrayList.forEach(ArrayList.java:1596)
... Removed 32 stack frames</div></td></tr></table><p class="totop"><a href="#summary">back to summary</a></p>
<h3 id="m73">testNgTests.QueueTest#testPythoncodeForImplementationusingarrayPage</h3><table class="result"><tr class="param"><th>Parameter #1</th></tr><tr class="param stripe"><td>{Pythoncode=hello, ExpectedResult=, ExpectedAlert=NameError: name &apos;hello&apos; is not defined on line 1}</td></tr><tr><th>Exception</th></tr><tr><td><div class="stacktrace">org.openqa.selenium.WebDriverException: unknown error: JavaScript code failed
from unknown command: &apos;Runtime.evaluate&apos; wasn&apos;t found
  (Session info: chrome=133.0.6943.142)
Build info: version: &apos;4.27.0&apos;, revision: &apos;d6e718d134&apos;
System info: os.name: &apos;Windows 11&apos;, os.arch: &apos;amd64&apos;, os.version: &apos;10.0&apos;, java.version: &apos;21.0.5&apos;
Driver info: org.openqa.selenium.chrome.ChromeDriver
Command: [2ec0ec6bb0555ed8f78869c31f901001, maximizeCurrentWindow {}]
Capabilities {acceptInsecureCerts: false, browserName: chrome, browserVersion: 133.0.6943.142, chrome: {chromedriverVersion: 133.0.6943.141 (2a5d6da0d61..., userDataDir: C:\Users\rakhy\AppData\Loca...}, fedcm:accounts: true, goog:chromeOptions: {debuggerAddress: localhost:61884}, networkConnectionEnabled: false, pageLoadStrategy: normal, platformName: windows, proxy: Proxy(), se:cdp: ws://localhost:61884/devtoo..., se:cdpVersion: 133.0.6943.142, setWindowRect: true, strictFileInteractability: false, timeouts: {implicit: 0, pageLoad: 300000, script: 30000}, unhandledPromptBehavior: dismiss and notify, webauthn:extension:credBlob: true, webauthn:extension:largeBlob: true, webauthn:extension:minPinLength: true, webauthn:extension:prf: true, webauthn:virtualAuthenticators: true}
Session ID: 2ec0ec6bb0555ed8f78869c31f901001
	at org.openqa.selenium.remote.ErrorCodec.decode(ErrorCodec.java:167)
	at org.openqa.selenium.remote.codec.w3c.W3CHttpResponseCodec.decode(W3CHttpResponseCodec.java:138)
	at org.openqa.selenium.remote.codec.w3c.W3CHttpResponseCodec.decode(W3CHttpResponseCodec.java:50)
	at org.openqa.selenium.remote.HttpCommandExecutor.execute(HttpCommandExecutor.java:190)
	at org.openqa.selenium.remote.service.DriverCommandExecutor.invokeExecute(DriverCommandExecutor.java:216)
	at org.openqa.selenium.remote.service.DriverCommandExecutor.execute(DriverCommandExecutor.java:174)
	at org.openqa.selenium.remote.RemoteWebDriver.execute(RemoteWebDriver.java:545)
	at org.openqa.selenium.remote.RemoteWebDriver.execute(RemoteWebDriver.java:618)
	at org.openqa.selenium.remote.RemoteWebDriver.execute(RemoteWebDriver.java:622)
	at org.openqa.selenium.remote.RemoteWebDriver$RemoteWebDriverOptions$RemoteWindow.maximize(RemoteWebDriver.java:1061)
	at webdrivermanager.DriverFactory.init_driver(DriverFactory.java:46)
	at BaseClass.BaseTest.setup(BaseTest.java:48)
	at java.base/java.util.ArrayList.forEach(ArrayList.java:1596)
... Removed 32 stack frames</div></td></tr></table><p class="totop"><a href="#summary">back to summary</a></p>
<h3 id="m74">testNgTests.QueueTest#testPythoncodeForImplementationusingcollectionsdequePage</h3><table class="result"><tr class="param"><th>Parameter #1</th></tr><tr class="param stripe"><td>{Pythoncode=print(&quot;hello&quot;), ExpectedResult=hello, ExpectedAlert=}</td></tr><tr><th>Exception</th></tr><tr><td><div class="stacktrace">org.openqa.selenium.WebDriverException: unknown error: JavaScript code failed
from unknown command: &apos;Runtime.evaluate&apos; wasn&apos;t found
  (Session info: chrome=133.0.6943.142)
Build info: version: &apos;4.27.0&apos;, revision: &apos;d6e718d134&apos;
System info: os.name: &apos;Windows 11&apos;, os.arch: &apos;amd64&apos;, os.version: &apos;10.0&apos;, java.version: &apos;21.0.5&apos;
Driver info: org.openqa.selenium.chrome.ChromeDriver
Command: [2ec0ec6bb0555ed8f78869c31f901001, maximizeCurrentWindow {}]
Capabilities {acceptInsecureCerts: false, browserName: chrome, browserVersion: 133.0.6943.142, chrome: {chromedriverVersion: 133.0.6943.141 (2a5d6da0d61..., userDataDir: C:\Users\rakhy\AppData\Loca...}, fedcm:accounts: true, goog:chromeOptions: {debuggerAddress: localhost:61884}, networkConnectionEnabled: false, pageLoadStrategy: normal, platformName: windows, proxy: Proxy(), se:cdp: ws://localhost:61884/devtoo..., se:cdpVersion: 133.0.6943.142, setWindowRect: true, strictFileInteractability: false, timeouts: {implicit: 0, pageLoad: 300000, script: 30000}, unhandledPromptBehavior: dismiss and notify, webauthn:extension:credBlob: true, webauthn:extension:largeBlob: true, webauthn:extension:minPinLength: true, webauthn:extension:prf: true, webauthn:virtualAuthenticators: true}
Session ID: 2ec0ec6bb0555ed8f78869c31f901001
	at org.openqa.selenium.remote.ErrorCodec.decode(ErrorCodec.java:167)
	at org.openqa.selenium.remote.codec.w3c.W3CHttpResponseCodec.decode(W3CHttpResponseCodec.java:138)
	at org.openqa.selenium.remote.codec.w3c.W3CHttpResponseCodec.decode(W3CHttpResponseCodec.java:50)
	at org.openqa.selenium.remote.HttpCommandExecutor.execute(HttpCommandExecutor.java:190)
	at org.openqa.selenium.remote.service.DriverCommandExecutor.invokeExecute(DriverCommandExecutor.java:216)
	at org.openqa.selenium.remote.service.DriverCommandExecutor.execute(DriverCommandExecutor.java:174)
	at org.openqa.selenium.remote.RemoteWebDriver.execute(RemoteWebDriver.java:545)
	at org.openqa.selenium.remote.RemoteWebDriver.execute(RemoteWebDriver.java:618)
	at org.openqa.selenium.remote.RemoteWebDriver.execute(RemoteWebDriver.java:622)
	at org.openqa.selenium.remote.RemoteWebDriver$RemoteWebDriverOptions$RemoteWindow.maximize(RemoteWebDriver.java:1061)
	at webdrivermanager.DriverFactory.init_driver(DriverFactory.java:46)
	at BaseClass.BaseTest.setup(BaseTest.java:48)
	at java.base/java.util.ArrayList.forEach(ArrayList.java:1596)
... Removed 32 stack frames</div></td></tr></table><p class="totop"><a href="#summary">back to summary</a></p>
<h3 id="m75">testNgTests.QueueTest#testPythoncodeForImplementationusingcollectionsdequePage</h3><table class="result"><tr class="param"><th>Parameter #1</th></tr><tr class="param stripe"><td>{Pythoncode=hello, ExpectedResult=, ExpectedAlert=NameError: name &apos;hello&apos; is not defined on line 1}</td></tr><tr><th>Exception</th></tr><tr><td><div class="stacktrace">org.openqa.selenium.WebDriverException: unknown error: JavaScript code failed
from unknown command: &apos;Runtime.evaluate&apos; wasn&apos;t found
  (Session info: chrome=133.0.6943.142)
Build info: version: &apos;4.27.0&apos;, revision: &apos;d6e718d134&apos;
System info: os.name: &apos;Windows 11&apos;, os.arch: &apos;amd64&apos;, os.version: &apos;10.0&apos;, java.version: &apos;21.0.5&apos;
Driver info: org.openqa.selenium.chrome.ChromeDriver
Command: [2ec0ec6bb0555ed8f78869c31f901001, maximizeCurrentWindow {}]
Capabilities {acceptInsecureCerts: false, browserName: chrome, browserVersion: 133.0.6943.142, chrome: {chromedriverVersion: 133.0.6943.141 (2a5d6da0d61..., userDataDir: C:\Users\rakhy\AppData\Loca...}, fedcm:accounts: true, goog:chromeOptions: {debuggerAddress: localhost:61884}, networkConnectionEnabled: false, pageLoadStrategy: normal, platformName: windows, proxy: Proxy(), se:cdp: ws://localhost:61884/devtoo..., se:cdpVersion: 133.0.6943.142, setWindowRect: true, strictFileInteractability: false, timeouts: {implicit: 0, pageLoad: 300000, script: 30000}, unhandledPromptBehavior: dismiss and notify, webauthn:extension:credBlob: true, webauthn:extension:largeBlob: true, webauthn:extension:minPinLength: true, webauthn:extension:prf: true, webauthn:virtualAuthenticators: true}
Session ID: 2ec0ec6bb0555ed8f78869c31f901001
	at org.openqa.selenium.remote.ErrorCodec.decode(ErrorCodec.java:167)
	at org.openqa.selenium.remote.codec.w3c.W3CHttpResponseCodec.decode(W3CHttpResponseCodec.java:138)
	at org.openqa.selenium.remote.codec.w3c.W3CHttpResponseCodec.decode(W3CHttpResponseCodec.java:50)
	at org.openqa.selenium.remote.HttpCommandExecutor.execute(HttpCommandExecutor.java:190)
	at org.openqa.selenium.remote.service.DriverCommandExecutor.invokeExecute(DriverCommandExecutor.java:216)
	at org.openqa.selenium.remote.service.DriverCommandExecutor.execute(DriverCommandExecutor.java:174)
	at org.openqa.selenium.remote.RemoteWebDriver.execute(RemoteWebDriver.java:545)
	at org.openqa.selenium.remote.RemoteWebDriver.execute(RemoteWebDriver.java:618)
	at org.openqa.selenium.remote.RemoteWebDriver.execute(RemoteWebDriver.java:622)
	at org.openqa.selenium.remote.RemoteWebDriver$RemoteWebDriverOptions$RemoteWindow.maximize(RemoteWebDriver.java:1061)
	at webdrivermanager.DriverFactory.init_driver(DriverFactory.java:46)
	at BaseClass.BaseTest.setup(BaseTest.java:48)
	at java.base/java.util.ArrayList.forEach(ArrayList.java:1596)
... Removed 32 stack frames</div></td></tr></table><p class="totop"><a href="#summary">back to summary</a></p>
<h3 id="m76">testNgTests.QueueTest#testPythoncodeForQueueOperationsPage</h3><table class="result"><tr class="param"><th>Parameter #1</th></tr><tr class="param stripe"><td>{Pythoncode=print(&quot;hello&quot;), ExpectedResult=hello, ExpectedAlert=}</td></tr><tr><th>Exception</th></tr><tr><td><div class="stacktrace">org.openqa.selenium.WebDriverException: unknown error: JavaScript code failed
from unknown command: &apos;Runtime.evaluate&apos; wasn&apos;t found
  (Session info: chrome=133.0.6943.142)
Build info: version: &apos;4.27.0&apos;, revision: &apos;d6e718d134&apos;
System info: os.name: &apos;Windows 11&apos;, os.arch: &apos;amd64&apos;, os.version: &apos;10.0&apos;, java.version: &apos;21.0.5&apos;
Driver info: org.openqa.selenium.chrome.ChromeDriver
Command: [2ec0ec6bb0555ed8f78869c31f901001, maximizeCurrentWindow {}]
Capabilities {acceptInsecureCerts: false, browserName: chrome, browserVersion: 133.0.6943.142, chrome: {chromedriverVersion: 133.0.6943.141 (2a5d6da0d61..., userDataDir: C:\Users\rakhy\AppData\Loca...}, fedcm:accounts: true, goog:chromeOptions: {debuggerAddress: localhost:61884}, networkConnectionEnabled: false, pageLoadStrategy: normal, platformName: windows, proxy: Proxy(), se:cdp: ws://localhost:61884/devtoo..., se:cdpVersion: 133.0.6943.142, setWindowRect: true, strictFileInteractability: false, timeouts: {implicit: 0, pageLoad: 300000, script: 30000}, unhandledPromptBehavior: dismiss and notify, webauthn:extension:credBlob: true, webauthn:extension:largeBlob: true, webauthn:extension:minPinLength: true, webauthn:extension:prf: true, webauthn:virtualAuthenticators: true}
Session ID: 2ec0ec6bb0555ed8f78869c31f901001
	at org.openqa.selenium.remote.ErrorCodec.decode(ErrorCodec.java:167)
	at org.openqa.selenium.remote.codec.w3c.W3CHttpResponseCodec.decode(W3CHttpResponseCodec.java:138)
	at org.openqa.selenium.remote.codec.w3c.W3CHttpResponseCodec.decode(W3CHttpResponseCodec.java:50)
	at org.openqa.selenium.remote.HttpCommandExecutor.execute(HttpCommandExecutor.java:190)
	at org.openqa.selenium.remote.service.DriverCommandExecutor.invokeExecute(DriverCommandExecutor.java:216)
	at org.openqa.selenium.remote.service.DriverCommandExecutor.execute(DriverCommandExecutor.java:174)
	at org.openqa.selenium.remote.RemoteWebDriver.execute(RemoteWebDriver.java:545)
	at org.openqa.selenium.remote.RemoteWebDriver.execute(RemoteWebDriver.java:618)
	at org.openqa.selenium.remote.RemoteWebDriver.execute(RemoteWebDriver.java:622)
	at org.openqa.selenium.remote.RemoteWebDriver$RemoteWebDriverOptions$RemoteWindow.maximize(RemoteWebDriver.java:1061)
	at webdrivermanager.DriverFactory.init_driver(DriverFactory.java:46)
	at BaseClass.BaseTest.setup(BaseTest.java:48)
	at java.base/java.util.ArrayList.forEach(ArrayList.java:1596)
... Removed 32 stack frames</div></td></tr></table><p class="totop"><a href="#summary">back to summary</a></p>
<h3 id="m77">testNgTests.QueueTest#testPythoncodeForQueueOperationsPage</h3><table class="result"><tr class="param"><th>Parameter #1</th></tr><tr class="param stripe"><td>{Pythoncode=hello, ExpectedResult=, ExpectedAlert=NameError: name &apos;hello&apos; is not defined on line 1}</td></tr><tr><th>Exception</th></tr><tr><td><div class="stacktrace">org.openqa.selenium.WebDriverException: unknown error: JavaScript code failed
from unknown command: &apos;Runtime.evaluate&apos; wasn&apos;t found
  (Session info: chrome=133.0.6943.142)
Build info: version: &apos;4.27.0&apos;, revision: &apos;d6e718d134&apos;
System info: os.name: &apos;Windows 11&apos;, os.arch: &apos;amd64&apos;, os.version: &apos;10.0&apos;, java.version: &apos;21.0.5&apos;
Driver info: org.openqa.selenium.chrome.ChromeDriver
Command: [2ec0ec6bb0555ed8f78869c31f901001, maximizeCurrentWindow {}]
Capabilities {acceptInsecureCerts: false, browserName: chrome, browserVersion: 133.0.6943.142, chrome: {chromedriverVersion: 133.0.6943.141 (2a5d6da0d61..., userDataDir: C:\Users\rakhy\AppData\Loca...}, fedcm:accounts: true, goog:chromeOptions: {debuggerAddress: localhost:61884}, networkConnectionEnabled: false, pageLoadStrategy: normal, platformName: windows, proxy: Proxy(), se:cdp: ws://localhost:61884/devtoo..., se:cdpVersion: 133.0.6943.142, setWindowRect: true, strictFileInteractability: false, timeouts: {implicit: 0, pageLoad: 300000, script: 30000}, unhandledPromptBehavior: dismiss and notify, webauthn:extension:credBlob: true, webauthn:extension:largeBlob: true, webauthn:extension:minPinLength: true, webauthn:extension:prf: true, webauthn:virtualAuthenticators: true}
Session ID: 2ec0ec6bb0555ed8f78869c31f901001
	at org.openqa.selenium.remote.ErrorCodec.decode(ErrorCodec.java:167)
	at org.openqa.selenium.remote.codec.w3c.W3CHttpResponseCodec.decode(W3CHttpResponseCodec.java:138)
	at org.openqa.selenium.remote.codec.w3c.W3CHttpResponseCodec.decode(W3CHttpResponseCodec.java:50)
	at org.openqa.selenium.remote.HttpCommandExecutor.execute(HttpCommandExecutor.java:190)
	at org.openqa.selenium.remote.service.DriverCommandExecutor.invokeExecute(DriverCommandExecutor.java:216)
	at org.openqa.selenium.remote.service.DriverCommandExecutor.execute(DriverCommandExecutor.java:174)
	at org.openqa.selenium.remote.RemoteWebDriver.execute(RemoteWebDriver.java:545)
	at org.openqa.selenium.remote.RemoteWebDriver.execute(RemoteWebDriver.java:618)
	at org.openqa.selenium.remote.RemoteWebDriver.execute(RemoteWebDriver.java:622)
	at org.openqa.selenium.remote.RemoteWebDriver$RemoteWebDriverOptions$RemoteWindow.maximize(RemoteWebDriver.java:1061)
	at webdrivermanager.DriverFactory.init_driver(DriverFactory.java:46)
	at BaseClass.BaseTest.setup(BaseTest.java:48)
	at java.base/java.util.ArrayList.forEach(ArrayList.java:1596)
... Removed 32 stack frames</div></td></tr></table><p class="totop"><a href="#summary">back to summary</a></p>
<h3 id="m78">testNgTests.ArraysTest#ArrayPracticeQuestion1</h3><table class="result"><tr class="param"><th>Parameter #1</th></tr><tr class="param stripe"><td>{Pythoncode=test, output=, AlertMessage=NameError: name &apos;test&apos; is not defined on line 1, SubmitionMessage=Error occurred during submission}</td></tr></table><p class="totop"><a href="#summary">back to summary</a></p>
<h3 id="m79">testNgTests.ArraysTest#ArrayPracticeQuestion2</h3><table class="result"><tr class="param"><th>Parameter #1</th></tr><tr class="param stripe"><td>{Pythoncode=test, output=, AlertMessage=NameError: name &apos;test&apos; is not defined on line 1, SubmitionMessage=Error occurred during submission}</td></tr></table><p class="totop"><a href="#summary">back to summary</a></p>
<h3 id="m80">testNgTests.ArraysTest#ArrayPracticeQuestion3</h3><table class="result"><tr class="param"><th>Parameter #1</th></tr><tr class="param stripe"><td>{Pythoncode=test, output=, AlertMessage=NameError: name &apos;test&apos; is not defined on line 1, SubmitionMessage=Error occurred during submission}</td></tr></table><p class="totop"><a href="#summary">back to summary</a></p>
<h3 id="m81">testNgTests.ArraysTest#ArrayPracticeQuestion4</h3><table class="result"><tr class="param"><th>Parameter #1</th></tr><tr class="param stripe"><td>{Pythoncode=test, output=, AlertMessage=NameError: name &apos;test&apos; is not defined on line 1, SubmitionMessage=Error occurred during submission}</td></tr></table><p class="totop"><a href="#summary">back to summary</a></p>
<h3 id="m82">testNgTests.ArraysTest#ArraySubmittion</h3><table class="result"><tr class="param"><th>Parameter #1</th></tr><tr class="param stripe"><td>{Pythoncode=test, output=, AlertMessage=NameError: name &apos;test&apos; is not defined on line 1, SubmitionMessage=Error occurred during submission}</td></tr></table><p class="totop"><a href="#summary">back to summary</a></p>
<h3 id="m83">testNgTests.ArraysTest#clickApplicationsOfArray</h3><table class="result"><tr><th class="invisible"/></tr></table><p class="totop"><a href="#summary">back to summary</a></p>
<h3 id="m84">testNgTests.ArraysTest#clickArray_Dropdown</h3><table class="result"><tr><th class="invisible"/></tr></table><p class="totop"><a href="#summary">back to summary</a></p>
<h3 id="m85">testNgTests.ArraysTest#clickArraysUsingList</h3><table class="result"><tr><th class="invisible"/></tr></table><p class="totop"><a href="#summary">back to summary</a></p>
<h3 id="m86">testNgTests.ArraysTest#clickArraysinPython</h3><table class="result"><tr><th class="invisible"/></tr></table><p class="totop"><a href="#summary">back to summary</a></p>
<h3 id="m87">testNgTests.ArraysTest#clickBasicOperationsInLists</h3><table class="result"><tr><th class="invisible"/></tr></table><p class="totop"><a href="#summary">back to summary</a></p>
<h3 id="m88">testNgTests.ArraysTest#clickFindNumswithEvenNumberOfDigits</h3><table class="result"><tr><th class="invisible"/></tr></table><p class="totop"><a href="#summary">back to summary</a></p>
<h3 id="m89">testNgTests.ArraysTest#clickMaxConsecutiveones</h3><table class="result"><tr><th class="invisible"/></tr></table><p class="totop"><a href="#summary">back to summary</a></p>
<h3 id="m90">testNgTests.ArraysTest#clickPracticeQuestions</h3><table class="result"><tr><th class="invisible"/></tr></table><p class="totop"><a href="#summary">back to summary</a></p>
<h3 id="m91">testNgTests.ArraysTest#clickSearchTheArray</h3><table class="result"><tr><th class="invisible"/></tr></table><p class="totop"><a href="#summary">back to summary</a></p>
<h3 id="m92">testNgTests.ArraysTest#clickSquaresofSortedArray</h3><table class="result"><tr><th class="invisible"/></tr></table><p class="totop"><a href="#summary">back to summary</a></p>
<h3 id="m93">testNgTests.ArraysTest#testPythoncode</h3><table class="result"><tr class="param"><th>Parameter #1</th></tr><tr class="param stripe"><td>{Pythoncode=hello, ExpectedResult=, ExpectedAlert=NameError: name &apos;hello&apos; is not defined on line 1}</td></tr></table><p class="totop"><a href="#summary">back to summary</a></p>
<h3 id="m94">testNgTests.ArraysTest#testPythoncode</h3><table class="result"><tr class="param"><th>Parameter #1</th></tr><tr class="param stripe"><td>{Pythoncode=print(&quot;hello&quot;), ExpectedResult=hello, ExpectedAlert=}</td></tr></table><p class="totop"><a href="#summary">back to summary</a></p>
<h3 id="m95">testNgTests.ArraysTest#testPythoncode1</h3><table class="result"><tr class="param"><th>Parameter #1</th></tr><tr class="param stripe"><td>{Pythoncode=hello, ExpectedResult=, ExpectedAlert=NameError: name &apos;hello&apos; is not defined on line 1}</td></tr></table><p class="totop"><a href="#summary">back to summary</a></p>
<h3 id="m96">testNgTests.ArraysTest#testPythoncode1</h3><table class="result"><tr class="param"><th>Parameter #1</th></tr><tr class="param stripe"><td>{Pythoncode=print(&quot;hello&quot;), ExpectedResult=hello, ExpectedAlert=}</td></tr></table><p class="totop"><a href="#summary">back to summary</a></p>
<h3 id="m97">testNgTests.DataStructures#clickDSIntrofromDropDown</h3><table class="result"><tr><th class="invisible"/></tr></table><p class="totop"><a href="#summary">back to summary</a></p>
<h3 id="m98">testNgTests.DataStructures#navigateToPracticeQuestions</h3><table class="result"><tr><th class="invisible"/></tr></table><p class="totop"><a href="#summary">back to summary</a></p>
<h3 id="m99">testNgTests.DataStructures#navigateToTimeComplexity</h3><table class="result"><tr><th class="invisible"/></tr></table><p class="totop"><a href="#summary">back to summary</a></p>
<h3 id="m100">testNgTests.DataStructures#testPythoncode</h3><table class="result"><tr class="param"><th>Parameter #1</th></tr><tr class="param stripe"><td>{Pythoncode=print(&quot;hello&quot;), ExpectedResult=hello, ExpectedAlert=}</td></tr></table><p class="totop"><a href="#summary">back to summary</a></p>
<h3 id="m101">testNgTests.DataStructures#testPythoncode</h3><table class="result"><tr class="param"><th>Parameter #1</th></tr><tr class="param stripe"><td>{Pythoncode=hello, ExpectedResult=, ExpectedAlert=NameError: name &apos;hello&apos; is not defined on line 1}</td></tr></table><p class="totop"><a href="#summary">back to summary</a></p>
<h3 id="m102">testNgTests.Graph#GraphGetStartedButton</h3><table class="result"><tr><th class="invisible"/></tr></table><p class="totop"><a href="#summary">back to summary</a></p>
<h3 id="m103">testNgTests.Graph#PracticeQuestions</h3><table class="result"><tr><th class="invisible"/></tr></table><p class="totop"><a href="#summary">back to summary</a></p>
<h3 id="m104">testNgTests.Graph#clickGraph</h3><table class="result"><tr><th class="invisible"/></tr></table><p class="totop"><a href="#summary">back to summary</a></p>
<h3 id="m105">testNgTests.Graph#clickGraphRepresentations</h3><table class="result"><tr><th class="invisible"/></tr></table><p class="totop"><a href="#summary">back to summary</a></p>
<h3 id="m106">testNgTests.Graph#testPythonCodeforGraphRepresentation</h3><table class="result"><tr class="param"><th>Parameter #1</th></tr><tr class="param stripe"><td>{Pythoncode=hello, ExpectedResult=, ExpectedAlert=NameError: name &apos;hello&apos; is not defined on line 1}</td></tr></table><p class="totop"><a href="#summary">back to summary</a></p>
<h3 id="m107">testNgTests.Graph#testPythonCodeforGraphRepresentation</h3><table class="result"><tr class="param"><th>Parameter #1</th></tr><tr class="param stripe"><td>{Pythoncode=print(&quot;hello&quot;), ExpectedResult=hello, ExpectedAlert=}</td></tr></table><p class="totop"><a href="#summary">back to summary</a></p>
<h3 id="m108">testNgTests.Graph#testPythoncode</h3><table class="result"><tr class="param"><th>Parameter #1</th></tr><tr class="param stripe"><td>{Pythoncode=print(&quot;hello&quot;), ExpectedResult=hello, ExpectedAlert=}</td></tr></table><p class="totop"><a href="#summary">back to summary</a></p>
<h3 id="m109">testNgTests.Graph#testPythoncode</h3><table class="result"><tr class="param"><th>Parameter #1</th></tr><tr class="param stripe"><td>{Pythoncode=hello, ExpectedResult=, ExpectedAlert=NameError: name &apos;hello&apos; is not defined on line 1}</td></tr></table><p class="totop"><a href="#summary">back to summary</a></p>
<h3 id="m110">testNgTests.Graph#testSignOut</h3><table class="result"><tr><th class="invisible"/></tr></table><p class="totop"><a href="#summary">back to summary</a></p>
<h3 id="m111">testNgTests.HomeTest#Array</h3><table class="result"><tr><th class="invisible"/></tr></table><p class="totop"><a href="#summary">back to summary</a></p>
<h3 id="m112">testNgTests.HomeTest#DS_Introduction</h3><table class="result"><tr><th class="invisible"/></tr></table><p class="totop"><a href="#summary">back to summary</a></p>
<h3 id="m113">testNgTests.HomeTest#Linked_List</h3><table class="result"><tr><th class="invisible"/></tr></table><p class="totop"><a href="#summary">back to summary</a></p>
<h3 id="m114">testNgTests.HomeTest#Queue</h3><table class="result"><tr><th class="invisible"/></tr></table><p class="totop"><a href="#summary">back to summary</a></p>
<h3 id="m115">testNgTests.HomeTest#Stack</h3><table class="result"><tr><th class="invisible"/></tr></table><p class="totop"><a href="#summary">back to summary</a></p>
<h3 id="m116">testNgTests.HomeTest#Tree</h3><table class="result"><tr><th class="invisible"/></tr></table><p class="totop"><a href="#summary">back to summary</a></p>
<h3 id="m117">testNgTests.HomeTest#graph</h3><table class="result"><tr><th class="invisible"/></tr></table><p class="totop"><a href="#summary">back to summary</a></p>
<h3 id="m118">testNgTests.HomeTest#register</h3><table class="result"><tr><th class="invisible"/></tr></table><p class="totop"><a href="#summary">back to summary</a></p>
<h3 id="m119">testNgTests.HomeTest#signIn</h3><table class="result"><tr><th class="invisible"/></tr></table><p class="totop"><a href="#summary">back to summary</a></p>
<h3 id="m120">testNgTests.LoginTest#GetStarted_DS</h3><table class="result"><tr><th class="invisible"/></tr></table><p class="totop"><a href="#summary">back to summary</a></p>
<h3 id="m121">testNgTests.LoginTest#Logintest</h3><table class="result"><tr class="param"><th>Parameter #1</th></tr><tr class="param stripe"><td>{Username=Numpysedt192, Password=data, Expected message=Invalid Username and Password}</td></tr></table><p class="totop"><a href="#summary">back to summary</a></p>
<h3 id="m122">testNgTests.LoginTest#Logintest</h3><table class="result"><tr class="param"><th>Parameter #1</th></tr><tr class="param stripe"><td>{Username=Numpysedt192, Password=QAteam@12, Expected message=Invalid Username and Password}</td></tr></table><p class="totop"><a href="#summary">back to summary</a></p>
<h3 id="m123">testNgTests.LoginTest#Logintest</h3><table class="result"><tr class="param"><th>Parameter #1</th></tr><tr class="param stripe"><td>{Username=techteam, Password=Time4team$, Expected message=You are logged in}</td></tr></table><p class="totop"><a href="#summary">back to summary</a></p>
<h3 id="m124">testNgTests.LoginTest#checkEmptyPasswordField</h3><table class="result"><tr><th class="invisible"/></tr></table><p class="totop"><a href="#summary">back to summary</a></p>
<h3 id="m125">testNgTests.LoginTest#checkEmptyUserField</h3><table class="result"><tr><th class="invisible"/></tr></table><p class="totop"><a href="#summary">back to summary</a></p>
<h3 id="m126">testNgTests.LoginTest#getStarted_Array</h3><table class="result"><tr><th class="invisible"/></tr></table><p class="totop"><a href="#summary">back to summary</a></p>
<h3 id="m127">testNgTests.LoginTest#getStarted_Graph</h3><table class="result"><tr><th class="invisible"/></tr></table><p class="totop"><a href="#summary">back to summary</a></p>
<h3 id="m128">testNgTests.LoginTest#getStarted_Linkedlist</h3><table class="result"><tr><th class="invisible"/></tr></table><p class="totop"><a href="#summary">back to summary</a></p>
<h3 id="m129">testNgTests.LoginTest#getStarted_Queue</h3><table class="result"><tr><th class="invisible"/></tr></table><p class="totop"><a href="#summary">back to summary</a></p>
<h3 id="m130">testNgTests.LoginTest#getStarted_Stack</h3><table class="result"><tr><th class="invisible"/></tr></table><p class="totop"><a href="#summary">back to summary</a></p>
<h3 id="m131">testNgTests.LoginTest#getStarted_Tree</h3><table class="result"><tr><th class="invisible"/></tr></table><p class="totop"><a href="#summary">back to summary</a></p>
<h3 id="m132">testNgTests.QueueTest#TC_01_ImplementationofQueueinPython</h3><table class="result"><tr><th class="invisible"/></tr></table><p class="totop"><a href="#summary">back to summary</a></p>
<h3 id="m133">testNgTests.QueueTest#TC_02_ImplementationOfBSTPageTryHere</h3><table class="result"><tr><th class="invisible"/></tr></table><p class="totop"><a href="#summary">back to summary</a></p>
<h3 id="m134">testNgTests.Registration#navigatetiRegistration</h3><table class="result"><tr><th class="invisible"/></tr></table><p class="totop"><a href="#summary">back to summary</a></p>
<h3 id="m135">testNgTests.Registration#testEmptyFieldRegistration</h3><table class="result"><tr><th class="invisible"/></tr></table><p class="totop"><a href="#summary">back to summary</a></p>
<h3 id="m136">testNgTests.Registration#testRedirectToLoginPage</h3><table class="result"><tr><th class="invisible"/></tr></table><p class="totop"><a href="#summary">back to summary</a></p>
<h3 id="m137">testNgTests.Registration#testUserIdDisplay</h3><table class="result"><tr><th class="invisible"/></tr></table><p class="totop"><a href="#summary">back to summary</a></p>
<h3 id="m138">testNgTests.Registration#testValidRegistration</h3><table class="result"><tr><th class="invisible"/></tr></table><p class="totop"><a href="#summary">back to summary</a></p>
<h3 id="m139">testNgTests.StackTest#ClickImplementation</h3><table class="result"><tr><th class="invisible"/></tr></table><p class="totop"><a href="#summary">back to summary</a></p>
<h3 id="m140">testNgTests.StackTest#Invalid_pythonCode</h3><table class="result"><tr class="param"><th>Parameter #1</th></tr><tr class="param stripe"><td>{Pythoncode=hello, ExpectedResult=, ExpectedAlert=NameError: name &apos;hello&apos; is not defined on line 1}</td></tr></table><p class="totop"><a href="#summary">back to summary</a></p>
<h3 id="m141">testNgTests.StackTest#Invalid_pythonCode</h3><table class="result"><tr class="param"><th>Parameter #1</th></tr><tr class="param stripe"><td>{Pythoncode=print(&quot;hello&quot;), ExpectedResult=hello, ExpectedAlert=}</td></tr></table><p class="totop"><a href="#summary">back to summary</a></p>
<h3 id="m142">testNgTests.StackTest#OperationsIN_Stack</h3><table class="result"><tr><th class="invisible"/></tr></table><p class="totop"><a href="#summary">back to summary</a></p>
<h3 id="m143">testNgTests.StackTest#clickStackfromDropDown</h3><table class="result"><tr><th class="invisible"/></tr></table><p class="totop"><a href="#summary">back to summary</a></p>
<h3 id="m144">testNgTests.StackTest#testPythoncode</h3><table class="result"><tr class="param"><th>Parameter #1</th></tr><tr class="param stripe"><td>{Pythoncode=hello, ExpectedResult=, ExpectedAlert=NameError: name &apos;hello&apos; is not defined on line 1}</td></tr></table><p class="totop"><a href="#summary">back to summary</a></p>
<h3 id="m145">testNgTests.StackTest#testPythoncode</h3><table class="result"><tr class="param"><th>Parameter #1</th></tr><tr class="param stripe"><td>{Pythoncode=print(&quot;hello&quot;), ExpectedResult=hello, ExpectedAlert=}</td></tr></table><p class="totop"><a href="#summary">back to summary</a></p>
<h3 id="m146">testNgTests.TreeTest#TC_01_ApplicationsofBinarytrees</h3><table class="result"><tr><th class="invisible"/></tr></table><p class="totop"><a href="#summary">back to summary</a></p>
<h3 id="m147">testNgTests.TreeTest#TC_01_BinarySearchTrees</h3><table class="result"><tr><th class="invisible"/></tr></table><p class="totop"><a href="#summary">back to summary</a></p>
<h3 id="m148">testNgTests.TreeTest#TC_01_BinaryTreeTraversals</h3><table class="result"><tr><th class="invisible"/></tr></table><p class="totop"><a href="#summary">back to summary</a></p>
<h3 id="m149">testNgTests.TreeTest#TC_01_BinaryTreesPage</h3><table class="result"><tr><th class="invisible"/></tr></table><p class="totop"><a href="#summary">back to summary</a></p>
<h3 id="m150">testNgTests.TreeTest#TC_01_ImplementationOfBST</h3><table class="result"><tr><th class="invisible"/></tr></table><p class="totop"><a href="#summary">back to summary</a></p>
<h3 id="m151">testNgTests.TreeTest#TC_01_ImplementationinPython</h3><table class="result"><tr><th class="invisible"/></tr></table><p class="totop"><a href="#summary">back to summary</a></p>
<h3 id="m152">testNgTests.TreeTest#TC_01_ImplementationofBinaryTrees</h3><table class="result"><tr><th class="invisible"/></tr></table><p class="totop"><a href="#summary">back to summary</a></p>
<h3 id="m153">testNgTests.TreeTest#TC_01_OverviewOfTrees</h3><table class="result"><tr><th class="invisible"/></tr></table><p class="totop"><a href="#summary">back to summary</a></p>
<h3 id="m154">testNgTests.TreeTest#TC_01_Terminologies</h3><table class="result"><tr><th class="invisible"/></tr></table><p class="totop"><a href="#summary">back to summary</a></p>
<h3 id="m155">testNgTests.TreeTest#TC_01_TraversalsIllustrationsPage</h3><table class="result"><tr><th class="invisible"/></tr></table><p class="totop"><a href="#summary">back to summary</a></p>
<h3 id="m156">testNgTests.TreeTest#TC_01_TreeTraversalsPage</h3><table class="result"><tr><th class="invisible"/></tr></table><p class="totop"><a href="#summary">back to summary</a></p>
<h3 id="m157">testNgTests.TreeTest#TC_01_TypesOfBinaryTrees</h3><table class="result"><tr><th class="invisible"/></tr></table><p class="totop"><a href="#summary">back to summary</a></p>
<h3 id="m158">testNgTests.TreeTest#TC_01_TypesofTreesPage</h3><table class="result"><tr><th class="invisible"/></tr></table><p class="totop"><a href="#summary">back to summary</a></p>
<h3 id="m159">testNgTests.TreeTest#TC_02_ApplicationsofBinarytreesPageTryHere</h3><table class="result"><tr><th class="invisible"/></tr></table><p class="totop"><a href="#summary">back to summary</a></p>
<h3 id="m160">testNgTests.TreeTest#TC_02_BinarySearchTreesPageTryHere</h3><table class="result"><tr><th class="invisible"/></tr></table><p class="totop"><a href="#summary">back to summary</a></p>
<h3 id="m161">testNgTests.TreeTest#TC_02_BinaryTreeTraversalsPageTryHere</h3><table class="result"><tr><th class="invisible"/></tr></table><p class="totop"><a href="#summary">back to summary</a></p>
<h3 id="m162">testNgTests.TreeTest#TC_02_BinaryTreesPageTryHere</h3><table class="result"><tr><th class="invisible"/></tr></table><p class="totop"><a href="#summary">back to summary</a></p>
<h3 id="m163">testNgTests.TreeTest#TC_02_ImplementationOfBSTPageTryHere</h3><table class="result"><tr><th class="invisible"/></tr></table><p class="totop"><a href="#summary">back to summary</a></p>
<h3 id="m164">testNgTests.TreeTest#TC_02_ImplementationinPythonPageTryHere</h3><table class="result"><tr><th class="invisible"/></tr></table><p class="totop"><a href="#summary">back to summary</a></p>
<h3 id="m165">testNgTests.TreeTest#TC_02_ImplementationofBinaryTreesPageTryHere</h3><table class="result"><tr><th class="invisible"/></tr></table><p class="totop"><a href="#summary">back to summary</a></p>
<h3 id="m166">testNgTests.TreeTest#TC_02_OverviewOfTreesTryHere</h3><table class="result"><tr><th class="invisible"/></tr></table><p class="totop"><a href="#summary">back to summary</a></p>
<h3 id="m167">testNgTests.TreeTest#TC_02_TerminologiesTryHere</h3><table class="result"><tr><th class="invisible"/></tr></table><p class="totop"><a href="#summary">back to summary</a></p>
<h3 id="m168">testNgTests.TreeTest#TC_02_TraversalsIllustrationsPageTryHere</h3><table class="result"><tr><th class="invisible"/></tr></table><p class="totop"><a href="#summary">back to summary</a></p>
<h3 id="m169">testNgTests.TreeTest#TC_02_TreeTraversalsPageTryHere</h3><table class="result"><tr><th class="invisible"/></tr></table><p class="totop"><a href="#summary">back to summary</a></p>
<h3 id="m170">testNgTests.TreeTest#TC_02_TypesOfBinaryTreesPageTryHere</h3><table class="result"><tr><th class="invisible"/></tr></table><p class="totop"><a href="#summary">back to summary</a></p>
<h3 id="m171">testNgTests.TreeTest#TC_02_TypesofTreesPagesTryHere</h3><table class="result"><tr><th class="invisible"/></tr></table><p class="totop"><a href="#summary">back to summary</a></p>
<h3 id="m172">testNgTests.TreeTest#TC_PracticeQuestions</h3><table class="result"><tr><th class="invisible"/></tr></table><p class="totop"><a href="#summary">back to summary</a></p>
<h3 id="m173">testNgTests.TreeTest#testPythoncodeForApplicationsofBinarytreesPage</h3><table class="result"><tr class="param"><th>Parameter #1</th></tr><tr class="param stripe"><td>{Pythoncode=print(&quot;hello&quot;), ExpectedResult=hello, ExpectedAlert=}</td></tr></table><p class="totop"><a href="#summary">back to summary</a></p>
<h3 id="m174">testNgTests.TreeTest#testPythoncodeForApplicationsofBinarytreesPage</h3><table class="result"><tr class="param"><th>Parameter #1</th></tr><tr class="param stripe"><td>{Pythoncode=hello, ExpectedResult=, ExpectedAlert=NameError: name &apos;hello&apos; is not defined on line 1}</td></tr></table><p class="totop"><a href="#summary">back to summary</a></p>
<h3 id="m175">testNgTests.TreeTest#testPythoncodeForBinarySearchTreesPage</h3><table class="result"><tr class="param"><th>Parameter #1</th></tr><tr class="param stripe"><td>{Pythoncode=print(&quot;hello&quot;), ExpectedResult=hello, ExpectedAlert=}</td></tr></table><p class="totop"><a href="#summary">back to summary</a></p>
<h3 id="m176">testNgTests.TreeTest#testPythoncodeForBinarySearchTreesPage</h3><table class="result"><tr class="param"><th>Parameter #1</th></tr><tr class="param stripe"><td>{Pythoncode=hello, ExpectedResult=, ExpectedAlert=NameError: name &apos;hello&apos; is not defined on line 1}</td></tr></table><p class="totop"><a href="#summary">back to summary</a></p>
<h3 id="m177">testNgTests.TreeTest#testPythoncodeForBinaryTreeTraversalsPage</h3><table class="result"><tr class="param"><th>Parameter #1</th></tr><tr class="param stripe"><td>{Pythoncode=print(&quot;hello&quot;), ExpectedResult=hello, ExpectedAlert=}</td></tr></table><p class="totop"><a href="#summary">back to summary</a></p>
<h3 id="m178">testNgTests.TreeTest#testPythoncodeForBinaryTreeTraversalsPage</h3><table class="result"><tr class="param"><th>Parameter #1</th></tr><tr class="param stripe"><td>{Pythoncode=hello, ExpectedResult=, ExpectedAlert=NameError: name &apos;hello&apos; is not defined on line 1}</td></tr></table><p class="totop"><a href="#summary">back to summary</a></p>
<h3 id="m179">testNgTests.TreeTest#testPythoncodeForBinaryTreesPage</h3><table class="result"><tr class="param"><th>Parameter #1</th></tr><tr class="param stripe"><td>{Pythoncode=hello, ExpectedResult=, ExpectedAlert=NameError: name &apos;hello&apos; is not defined on line 1}</td></tr></table><p class="totop"><a href="#summary">back to summary</a></p>
<h3 id="m180">testNgTests.TreeTest#testPythoncodeForBinaryTreesPage</h3><table class="result"><tr class="param"><th>Parameter #1</th></tr><tr class="param stripe"><td>{Pythoncode=print(&quot;hello&quot;), ExpectedResult=hello, ExpectedAlert=}</td></tr></table><p class="totop"><a href="#summary">back to summary</a></p>
<h3 id="m181">testNgTests.TreeTest#testPythoncodeForImplementationOfBSTPage</h3><table class="result"><tr class="param"><th>Parameter #1</th></tr><tr class="param stripe"><td>{Pythoncode=print(&quot;hello&quot;), ExpectedResult=hello, ExpectedAlert=}</td></tr></table><p class="totop"><a href="#summary">back to summary</a></p>
<h3 id="m182">testNgTests.TreeTest#testPythoncodeForImplementationOfBSTPage</h3><table class="result"><tr class="param"><th>Parameter #1</th></tr><tr class="param stripe"><td>{Pythoncode=hello, ExpectedResult=, ExpectedAlert=NameError: name &apos;hello&apos; is not defined on line 1}</td></tr></table><p class="totop"><a href="#summary">back to summary</a></p>
<h3 id="m183">testNgTests.TreeTest#testPythoncodeForImplementationinPythonPage</h3><table class="result"><tr class="param"><th>Parameter #1</th></tr><tr class="param stripe"><td>{Pythoncode=print(&quot;hello&quot;), ExpectedResult=hello, ExpectedAlert=}</td></tr></table><p class="totop"><a href="#summary">back to summary</a></p>
<h3 id="m184">testNgTests.TreeTest#testPythoncodeForImplementationinPythonPage</h3><table class="result"><tr class="param"><th>Parameter #1</th></tr><tr class="param stripe"><td>{Pythoncode=hello, ExpectedResult=, ExpectedAlert=NameError: name &apos;hello&apos; is not defined on line 1}</td></tr></table><p class="totop"><a href="#summary">back to summary</a></p>
<h3 id="m185">testNgTests.TreeTest#testPythoncodeForImplementationofBinaryTreesPage</h3><table class="result"><tr class="param"><th>Parameter #1</th></tr><tr class="param stripe"><td>{Pythoncode=print(&quot;hello&quot;), ExpectedResult=hello, ExpectedAlert=}</td></tr></table><p class="totop"><a href="#summary">back to summary</a></p>
<h3 id="m186">testNgTests.TreeTest#testPythoncodeForImplementationofBinaryTreesPage</h3><table class="result"><tr class="param"><th>Parameter #1</th></tr><tr class="param stripe"><td>{Pythoncode=hello, ExpectedResult=, ExpectedAlert=NameError: name &apos;hello&apos; is not defined on line 1}</td></tr></table><p class="totop"><a href="#summary">back to summary</a></p>
<h3 id="m187">testNgTests.TreeTest#testPythoncodeForOverviewOfTreePage</h3><table class="result"><tr class="param"><th>Parameter #1</th></tr><tr class="param stripe"><td>{Pythoncode=hello, ExpectedResult=, ExpectedAlert=NameError: name &apos;hello&apos; is not defined on line 1}</td></tr></table><p class="totop"><a href="#summary">back to summary</a></p>
<h3 id="m188">testNgTests.TreeTest#testPythoncodeForTerminologies</h3><table class="result"><tr class="param"><th>Parameter #1</th></tr><tr class="param stripe"><td>{Pythoncode=hello, ExpectedResult=, ExpectedAlert=NameError: name &apos;hello&apos; is not defined on line 1}</td></tr></table><p class="totop"><a href="#summary">back to summary</a></p>
<h3 id="m189">testNgTests.TreeTest#testPythoncodeForTerminologies</h3><table class="result"><tr class="param"><th>Parameter #1</th></tr><tr class="param stripe"><td>{Pythoncode=print(&quot;hello&quot;), ExpectedResult=hello, ExpectedAlert=}</td></tr></table><p class="totop"><a href="#summary">back to summary</a></p>
<h3 id="m190">testNgTests.TreeTest#testPythoncodeForTraversalsIllustrationsPage</h3><table class="result"><tr class="param"><th>Parameter #1</th></tr><tr class="param stripe"><td>{Pythoncode=print(&quot;hello&quot;), ExpectedResult=hello, ExpectedAlert=}</td></tr></table><p class="totop"><a href="#summary">back to summary</a></p>
<h3 id="m191">testNgTests.TreeTest#testPythoncodeForTraversalsIllustrationsPage</h3><table class="result"><tr class="param"><th>Parameter #1</th></tr><tr class="param stripe"><td>{Pythoncode=hello, ExpectedResult=, ExpectedAlert=NameError: name &apos;hello&apos; is not defined on line 1}</td></tr></table><p class="totop"><a href="#summary">back to summary</a></p>
<h3 id="m192">testNgTests.TreeTest#testPythoncodeForTreeTraversalsPage</h3><table class="result"><tr class="param"><th>Parameter #1</th></tr><tr class="param stripe"><td>{Pythoncode=print(&quot;hello&quot;), ExpectedResult=hello, ExpectedAlert=}</td></tr></table><p class="totop"><a href="#summary">back to summary</a></p>
<h3 id="m193">testNgTests.TreeTest#testPythoncodeForTreeTraversalsPage</h3><table class="result"><tr class="param"><th>Parameter #1</th></tr><tr class="param stripe"><td>{Pythoncode=hello, ExpectedResult=, ExpectedAlert=NameError: name &apos;hello&apos; is not defined on line 1}</td></tr></table><p class="totop"><a href="#summary">back to summary</a></p>
<h3 id="m194">testNgTests.TreeTest#testPythoncodeForTypesOfBinaryTreesPage</h3><table class="result"><tr class="param"><th>Parameter #1</th></tr><tr class="param stripe"><td>{Pythoncode=print(&quot;hello&quot;), ExpectedResult=hello, ExpectedAlert=}</td></tr></table><p class="totop"><a href="#summary">back to summary</a></p>
<h3 id="m195">testNgTests.TreeTest#testPythoncodeForTypesOfBinaryTreesPage</h3><table class="result"><tr class="param"><th>Parameter #1</th></tr><tr class="param stripe"><td>{Pythoncode=hello, ExpectedResult=, ExpectedAlert=NameError: name &apos;hello&apos; is not defined on line 1}</td></tr></table><p class="totop"><a href="#summary">back to summary</a></p>
<h3 id="m196">testNgTests.TreeTest#testPythoncodeForTypesofTreesPage</h3><table class="result"><tr class="param"><th>Parameter #1</th></tr><tr class="param stripe"><td>{Pythoncode=hello, ExpectedResult=, ExpectedAlert=NameError: name &apos;hello&apos; is not defined on line 1}</td></tr></table><p class="totop"><a href="#summary">back to summary</a></p>
<h3 id="m197">testNgTests.TreeTest#testPythoncodeForTypesofTreesPage</h3><table class="result"><tr class="param"><th>Parameter #1</th></tr><tr class="param stripe"><td>{Pythoncode=print(&quot;hello&quot;), ExpectedResult=hello, ExpectedAlert=}</td></tr></table><p class="totop"><a href="#summary">back to summary</a></p>
</body>
</html>
