<?xml version="1.0" encoding="UTF-8"?>
<testng-results ignored="0" total="181" passed="124" failed="24" skipped="33">
  <reporter-output>
  </reporter-output>
  <suite started-at="2025-03-06T21:30:22 CST" name="Suite" finished-at="2025-03-06T21:50:01 CST" duration-ms="1178554">
    <groups>
      <group name="regression">
        <method signature="ArraysTest.ArrayPracticeQuestion2(java.util.Map)[pri:0, instance:testNgTests.ArraysTest@4ef782af]" name="ArrayPracticeQuestion2" class="testNgTests.ArraysTest"/>
        <method signature="ArraysTest.ArrayPracticeQuestion3(java.util.Map)[pri:0, instance:testNgTests.ArraysTest@4ef782af]" name="ArrayPracticeQuestion3" class="testNgTests.ArraysTest"/>
        <method signature="ArraysTest.ArrayPracticeQuestion4(java.util.Map)[pri:0, instance:testNgTests.ArraysTest@4ef782af]" name="ArrayPracticeQuestion4" class="testNgTests.ArraysTest"/>
      </group> <!-- regression -->
      <group name="Dataprovider">
        <method signature="LoginTest.Logintest(java.util.Map)[pri:0, instance:testNgTests.LoginTest@329dbdbf]" name="Logintest" class="testNgTests.LoginTest"/>
      </group> <!-- Dataprovider -->
    </groups>
    <test started-at="2025-03-06T21:30:22 CST" name="Test" finished-at="2025-03-06T21:50:01 CST" duration-ms="1178554">
      <class name="testNgTests.ArraysTest">
        <test-method is-config="true" signature="setup(java.lang.String)[pri:0, instance:testNgTests.ArraysTest@4ef782af]" started-at="2025-03-06T21:33:07 CST" name="setup" finished-at="2025-03-06T21:33:12 CST" duration-ms="4838" status="PASS">
          <params>
            <param index="0">
              <value>
                <![CDATA[chrome]]>
              </value>
            </param>
          </params>
          <reporter-output>
          </reporter-output>
        </test-method> <!-- setup -->
        <test-method is-config="true" signature="Array_Module()[pri:0, instance:testNgTests.ArraysTest@4ef782af]" started-at="2025-03-06T21:33:12 CST" name="Array_Module" finished-at="2025-03-06T21:33:13 CST" duration-ms="1029" status="PASS">
          <reporter-output>
          </reporter-output>
        </test-method> <!-- Array_Module -->
        <test-method signature="ArrayPracticeQuestion1(java.util.Map)[pri:0, instance:testNgTests.ArraysTest@4ef782af]" started-at="2025-03-06T21:33:13 CST" name="ArrayPracticeQuestion1" data-provider="Array_paracticeQuestions" finished-at="2025-03-06T21:33:14 CST" duration-ms="1243" status="PASS">
          <params>
            <param index="0">
              <value>
                <![CDATA[{Pythoncode=test, output=, AlertMessage=NameError: name 'test' is not defined on line 1, SubmitionMessage=Error occurred during submission}]]>
              </value>
            </param>
          </params>
          <reporter-output>
          </reporter-output>
        </test-method> <!-- ArrayPracticeQuestion1 -->
        <test-method is-config="true" signature="tearDown()[pri:0, instance:testNgTests.ArraysTest@4ef782af]" started-at="2025-03-06T21:33:14 CST" name="tearDown" finished-at="2025-03-06T21:33:15 CST" duration-ms="1371" status="PASS">
          <reporter-output>
          </reporter-output>
        </test-method> <!-- tearDown -->
        <test-method is-config="true" signature="setup(java.lang.String)[pri:0, instance:testNgTests.ArraysTest@4ef782af]" started-at="2025-03-06T21:33:15 CST" name="setup" finished-at="2025-03-06T21:33:20 CST" duration-ms="4822" status="PASS">
          <params>
            <param index="0">
              <value>
                <![CDATA[chrome]]>
              </value>
            </param>
          </params>
          <reporter-output>
          </reporter-output>
        </test-method> <!-- setup -->
        <test-method is-config="true" signature="Array_Module()[pri:0, instance:testNgTests.ArraysTest@4ef782af]" started-at="2025-03-06T21:33:20 CST" name="Array_Module" finished-at="2025-03-06T21:33:21 CST" duration-ms="953" status="PASS">
          <reporter-output>
          </reporter-output>
        </test-method> <!-- Array_Module -->
        <test-method signature="ArrayPracticeQuestion1(java.util.Map)[pri:0, instance:testNgTests.ArraysTest@4ef782af]" started-at="2025-03-06T21:33:21 CST" name="ArrayPracticeQuestion1" data-provider="Array_paracticeQuestions" finished-at="2025-03-06T21:33:23 CST" duration-ms="1625" status="FAIL">
          <params>
            <param index="0">
              <value>
                <![CDATA[{Pythoncode=def search(lst, value):
    # Check if the value is in the list
    if value in lst:
        return "Element Found"
    return "Not Found"

# Example Usage
input_list = [12, 23, 45, 67, 6, 90]
value_to_search = 12
print(search(input_list, value_to_search))  # Output: Element Found

value_to_search = 25
print(search(input_list, value_to_search))  # Output: Not Found, output=Element Found
Not Found, AlertMessage=, SubmitionMessage=Submission Successful}]]>
              </value>
            </param>
          </params>
          <exception class="java.lang.AssertionError">
            <message>
              <![CDATA[expected [] but found [SyntaxError: unindent does not match any outer indentation level on line 5]]]>
            </message>
            <full-stacktrace>
              <![CDATA[java.lang.AssertionError: expected [] but found [SyntaxError: unindent does not match any outer indentation level on line 5]
at org.testng.Assert.fail(Assert.java:111)
at org.testng.Assert.failNotEquals(Assert.java:1578)
at org.testng.Assert.assertEqualsImpl(Assert.java:150)
at org.testng.Assert.assertEquals(Assert.java:132)
at org.testng.Assert.assertEquals(Assert.java:656)
at org.testng.Assert.assertEquals(Assert.java:666)
at testNgTests.ArraysTest.ArrayPracticeQuestion1(ArraysTest.java:176)
at java.base/jdk.internal.reflect.DirectMethodHandleAccessor.invoke(DirectMethodHandleAccessor.java:103)
at java.base/java.lang.reflect.Method.invoke(Method.java:580)
at org.testng.internal.invokers.MethodInvocationHelper.invokeMethod(MethodInvocationHelper.java:141)
at org.testng.internal.invokers.TestInvoker.invokeMethod(TestInvoker.java:686)
at org.testng.internal.invokers.TestInvoker.invokeTestMethod(TestInvoker.java:230)
at org.testng.internal.invokers.MethodRunner.runInSequence(MethodRunner.java:63)
at org.testng.internal.invokers.TestInvoker$MethodInvocationAgent.invoke(TestInvoker.java:992)
at org.testng.internal.invokers.TestInvoker.invokeTestMethods(TestInvoker.java:203)
at org.testng.internal.invokers.TestMethodWorker.invokeTestMethods(TestMethodWorker.java:154)
at org.testng.internal.invokers.TestMethodWorker.run(TestMethodWorker.java:134)
at java.base/java.util.ArrayList.forEach(ArrayList.java:1596)
at org.testng.TestRunner.privateRun(TestRunner.java:739)
at org.testng.TestRunner.run(TestRunner.java:614)
at org.testng.SuiteRunner.runTest(SuiteRunner.java:421)
at org.testng.SuiteRunner.runSequentially(SuiteRunner.java:413)
at org.testng.SuiteRunner.privateRun(SuiteRunner.java:373)
at org.testng.SuiteRunner.run(SuiteRunner.java:312)
at org.testng.SuiteRunnerWorker.runSuite(SuiteRunnerWorker.java:52)
at org.testng.SuiteRunnerWorker.run(SuiteRunnerWorker.java:95)
at org.testng.TestNG.runSuitesSequentially(TestNG.java:1274)
at org.testng.TestNG.runSuitesLocally(TestNG.java:1208)
at org.testng.TestNG.runSuites(TestNG.java:1112)
at org.testng.TestNG.run(TestNG.java:1079)
at org.testng.remote.AbstractRemoteTestNG.run(AbstractRemoteTestNG.java:115)
at org.testng.remote.RemoteTestNG.initAndRun(RemoteTestNG.java:293)
at org.testng.remote.RemoteTestNG.main(RemoteTestNG.java:91)
]]>
            </full-stacktrace>
          </exception> <!-- java.lang.AssertionError -->
          <reporter-output>
          </reporter-output>
        </test-method> <!-- ArrayPracticeQuestion1 -->
        <test-method is-config="true" signature="tearDown()[pri:0, instance:testNgTests.ArraysTest@4ef782af]" started-at="2025-03-06T21:33:23 CST" name="tearDown" finished-at="2025-03-06T21:33:24 CST" duration-ms="199" status="PASS">
          <reporter-output>
          </reporter-output>
        </test-method> <!-- tearDown -->
        <test-method is-config="true" signature="setup(java.lang.String)[pri:0, instance:testNgTests.ArraysTest@4ef782af]" started-at="2025-03-06T21:33:24 CST" name="setup" finished-at="2025-03-06T21:33:28 CST" duration-ms="4425" status="PASS">
          <params>
            <param index="0">
              <value>
                <![CDATA[chrome]]>
              </value>
            </param>
          </params>
          <reporter-output>
          </reporter-output>
        </test-method> <!-- setup -->
        <test-method is-config="true" signature="Array_Module()[pri:0, instance:testNgTests.ArraysTest@4ef782af]" started-at="2025-03-06T21:33:28 CST" name="Array_Module" finished-at="2025-03-06T21:33:29 CST" duration-ms="1105" status="PASS">
          <reporter-output>
          </reporter-output>
        </test-method> <!-- Array_Module -->
        <test-method signature="ArrayPracticeQuestion2(java.util.Map)[pri:0, instance:testNgTests.ArraysTest@4ef782af]" started-at="2025-03-06T21:33:29 CST" name="ArrayPracticeQuestion2" data-provider="Array_paracticeQuestions" finished-at="2025-03-06T21:33:31 CST" duration-ms="1929" status="PASS">
          <params>
            <param index="0">
              <value>
                <![CDATA[{Pythoncode=test, output=, AlertMessage=NameError: name 'test' is not defined on line 1, SubmitionMessage=Error occurred during submission}]]>
              </value>
            </param>
          </params>
          <reporter-output>
          </reporter-output>
        </test-method> <!-- ArrayPracticeQuestion2 -->
        <test-method is-config="true" signature="tearDown()[pri:0, instance:testNgTests.ArraysTest@4ef782af]" started-at="2025-03-06T21:33:31 CST" name="tearDown" finished-at="2025-03-06T21:33:31 CST" duration-ms="244" status="PASS">
          <reporter-output>
          </reporter-output>
        </test-method> <!-- tearDown -->
        <test-method is-config="true" signature="setup(java.lang.String)[pri:0, instance:testNgTests.ArraysTest@4ef782af]" started-at="2025-03-06T21:33:31 CST" name="setup" finished-at="2025-03-06T21:33:34 CST" duration-ms="2306" status="PASS">
          <params>
            <param index="0">
              <value>
                <![CDATA[chrome]]>
              </value>
            </param>
          </params>
          <reporter-output>
          </reporter-output>
        </test-method> <!-- setup -->
        <test-method is-config="true" signature="Array_Module()[pri:0, instance:testNgTests.ArraysTest@4ef782af]" started-at="2025-03-06T21:33:34 CST" name="Array_Module" finished-at="2025-03-06T21:33:35 CST" duration-ms="1129" status="PASS">
          <reporter-output>
          </reporter-output>
        </test-method> <!-- Array_Module -->
        <test-method signature="ArrayPracticeQuestion2(java.util.Map)[pri:0, instance:testNgTests.ArraysTest@4ef782af]" started-at="2025-03-06T21:33:35 CST" name="ArrayPracticeQuestion2" data-provider="Array_paracticeQuestions" finished-at="2025-03-06T21:33:37 CST" duration-ms="1661" status="FAIL">
          <params>
            <param index="0">
              <value>
                <![CDATA[{Pythoncode=def search(lst, value):
    # Check if the value is in the list
    if value in lst:
        return "Element Found"
    return "Not Found"

# Example Usage
input_list = [12, 23, 45, 67, 6, 90]
value_to_search = 12
print(search(input_list, value_to_search))  # Output: Element Found

value_to_search = 25
print(search(input_list, value_to_search))  # Output: Not Found, output=Element Found
Not Found, AlertMessage=, SubmitionMessage=Submission Successful}]]>
              </value>
            </param>
          </params>
          <exception class="java.lang.AssertionError">
            <message>
              <![CDATA[expected [] but found [SyntaxError: unindent does not match any outer indentation level on line 5]]]>
            </message>
            <full-stacktrace>
              <![CDATA[java.lang.AssertionError: expected [] but found [SyntaxError: unindent does not match any outer indentation level on line 5]
at org.testng.Assert.fail(Assert.java:111)
at org.testng.Assert.failNotEquals(Assert.java:1578)
at org.testng.Assert.assertEqualsImpl(Assert.java:150)
at org.testng.Assert.assertEquals(Assert.java:132)
at org.testng.Assert.assertEquals(Assert.java:656)
at org.testng.Assert.assertEquals(Assert.java:666)
at testNgTests.ArraysTest.ArrayPracticeQuestion2(ArraysTest.java:237)
at java.base/jdk.internal.reflect.DirectMethodHandleAccessor.invoke(DirectMethodHandleAccessor.java:103)
at java.base/java.lang.reflect.Method.invoke(Method.java:580)
at org.testng.internal.invokers.MethodInvocationHelper.invokeMethod(MethodInvocationHelper.java:141)
at org.testng.internal.invokers.TestInvoker.invokeMethod(TestInvoker.java:686)
at org.testng.internal.invokers.TestInvoker.invokeTestMethod(TestInvoker.java:230)
at org.testng.internal.invokers.MethodRunner.runInSequence(MethodRunner.java:63)
at org.testng.internal.invokers.TestInvoker$MethodInvocationAgent.invoke(TestInvoker.java:992)
at org.testng.internal.invokers.TestInvoker.invokeTestMethods(TestInvoker.java:203)
at org.testng.internal.invokers.TestMethodWorker.invokeTestMethods(TestMethodWorker.java:154)
at org.testng.internal.invokers.TestMethodWorker.run(TestMethodWorker.java:134)
at java.base/java.util.ArrayList.forEach(ArrayList.java:1596)
at org.testng.TestRunner.privateRun(TestRunner.java:739)
at org.testng.TestRunner.run(TestRunner.java:614)
at org.testng.SuiteRunner.runTest(SuiteRunner.java:421)
at org.testng.SuiteRunner.runSequentially(SuiteRunner.java:413)
at org.testng.SuiteRunner.privateRun(SuiteRunner.java:373)
at org.testng.SuiteRunner.run(SuiteRunner.java:312)
at org.testng.SuiteRunnerWorker.runSuite(SuiteRunnerWorker.java:52)
at org.testng.SuiteRunnerWorker.run(SuiteRunnerWorker.java:95)
at org.testng.TestNG.runSuitesSequentially(TestNG.java:1274)
at org.testng.TestNG.runSuitesLocally(TestNG.java:1208)
at org.testng.TestNG.runSuites(TestNG.java:1112)
at org.testng.TestNG.run(TestNG.java:1079)
at org.testng.remote.AbstractRemoteTestNG.run(AbstractRemoteTestNG.java:115)
at org.testng.remote.RemoteTestNG.initAndRun(RemoteTestNG.java:293)
at org.testng.remote.RemoteTestNG.main(RemoteTestNG.java:91)
]]>
            </full-stacktrace>
          </exception> <!-- java.lang.AssertionError -->
          <reporter-output>
          </reporter-output>
        </test-method> <!-- ArrayPracticeQuestion2 -->
        <test-method is-config="true" signature="tearDown()[pri:0, instance:testNgTests.ArraysTest@4ef782af]" started-at="2025-03-06T21:33:37 CST" name="tearDown" finished-at="2025-03-06T21:33:37 CST" duration-ms="194" status="PASS">
          <reporter-output>
          </reporter-output>
        </test-method> <!-- tearDown -->
        <test-method is-config="true" signature="setup(java.lang.String)[pri:0, instance:testNgTests.ArraysTest@4ef782af]" started-at="2025-03-06T21:33:37 CST" name="setup" finished-at="2025-03-06T21:33:42 CST" duration-ms="4516" status="PASS">
          <params>
            <param index="0">
              <value>
                <![CDATA[chrome]]>
              </value>
            </param>
          </params>
          <reporter-output>
          </reporter-output>
        </test-method> <!-- setup -->
        <test-method is-config="true" signature="Array_Module()[pri:0, instance:testNgTests.ArraysTest@4ef782af]" started-at="2025-03-06T21:33:42 CST" name="Array_Module" finished-at="2025-03-06T21:33:43 CST" duration-ms="1526" status="PASS">
          <reporter-output>
          </reporter-output>
        </test-method> <!-- Array_Module -->
        <test-method signature="ArrayPracticeQuestion3(java.util.Map)[pri:0, instance:testNgTests.ArraysTest@4ef782af]" started-at="2025-03-06T21:33:43 CST" name="ArrayPracticeQuestion3" data-provider="Array_paracticeQuestions" finished-at="2025-03-06T21:33:45 CST" duration-ms="2148" status="PASS">
          <params>
            <param index="0">
              <value>
                <![CDATA[{Pythoncode=test, output=, AlertMessage=NameError: name 'test' is not defined on line 1, SubmitionMessage=Error occurred during submission}]]>
              </value>
            </param>
          </params>
          <reporter-output>
          </reporter-output>
        </test-method> <!-- ArrayPracticeQuestion3 -->
        <test-method is-config="true" signature="tearDown()[pri:0, instance:testNgTests.ArraysTest@4ef782af]" started-at="2025-03-06T21:33:45 CST" name="tearDown" finished-at="2025-03-06T21:33:46 CST" duration-ms="267" status="PASS">
          <reporter-output>
          </reporter-output>
        </test-method> <!-- tearDown -->
        <test-method is-config="true" signature="setup(java.lang.String)[pri:0, instance:testNgTests.ArraysTest@4ef782af]" started-at="2025-03-06T21:33:46 CST" name="setup" finished-at="2025-03-06T21:33:50 CST" duration-ms="4444" status="PASS">
          <params>
            <param index="0">
              <value>
                <![CDATA[chrome]]>
              </value>
            </param>
          </params>
          <reporter-output>
          </reporter-output>
        </test-method> <!-- setup -->
        <test-method is-config="true" signature="Array_Module()[pri:0, instance:testNgTests.ArraysTest@4ef782af]" started-at="2025-03-06T21:33:50 CST" name="Array_Module" finished-at="2025-03-06T21:33:51 CST" duration-ms="964" status="PASS">
          <reporter-output>
          </reporter-output>
        </test-method> <!-- Array_Module -->
        <test-method signature="ArrayPracticeQuestion3(java.util.Map)[pri:0, instance:testNgTests.ArraysTest@4ef782af]" started-at="2025-03-06T21:33:51 CST" name="ArrayPracticeQuestion3" data-provider="Array_paracticeQuestions" finished-at="2025-03-06T21:33:53 CST" duration-ms="1678" status="FAIL">
          <params>
            <param index="0">
              <value>
                <![CDATA[{Pythoncode=def search(lst, value):
    # Check if the value is in the list
    if value in lst:
        return "Element Found"
    return "Not Found"

# Example Usage
input_list = [12, 23, 45, 67, 6, 90]
value_to_search = 12
print(search(input_list, value_to_search))  # Output: Element Found

value_to_search = 25
print(search(input_list, value_to_search))  # Output: Not Found, output=Element Found
Not Found, AlertMessage=, SubmitionMessage=Submission Successful}]]>
              </value>
            </param>
          </params>
          <exception class="java.lang.AssertionError">
            <message>
              <![CDATA[expected [] but found [SyntaxError: unindent does not match any outer indentation level on line 5]]]>
            </message>
            <full-stacktrace>
              <![CDATA[java.lang.AssertionError: expected [] but found [SyntaxError: unindent does not match any outer indentation level on line 5]
at org.testng.Assert.fail(Assert.java:111)
at org.testng.Assert.failNotEquals(Assert.java:1578)
at org.testng.Assert.assertEqualsImpl(Assert.java:150)
at org.testng.Assert.assertEquals(Assert.java:132)
at org.testng.Assert.assertEquals(Assert.java:656)
at org.testng.Assert.assertEquals(Assert.java:666)
at testNgTests.ArraysTest.ArrayPracticeQuestion3(ArraysTest.java:280)
at java.base/jdk.internal.reflect.DirectMethodHandleAccessor.invoke(DirectMethodHandleAccessor.java:103)
at java.base/java.lang.reflect.Method.invoke(Method.java:580)
at org.testng.internal.invokers.MethodInvocationHelper.invokeMethod(MethodInvocationHelper.java:141)
at org.testng.internal.invokers.TestInvoker.invokeMethod(TestInvoker.java:686)
at org.testng.internal.invokers.TestInvoker.invokeTestMethod(TestInvoker.java:230)
at org.testng.internal.invokers.MethodRunner.runInSequence(MethodRunner.java:63)
at org.testng.internal.invokers.TestInvoker$MethodInvocationAgent.invoke(TestInvoker.java:992)
at org.testng.internal.invokers.TestInvoker.invokeTestMethods(TestInvoker.java:203)
at org.testng.internal.invokers.TestMethodWorker.invokeTestMethods(TestMethodWorker.java:154)
at org.testng.internal.invokers.TestMethodWorker.run(TestMethodWorker.java:134)
at java.base/java.util.ArrayList.forEach(ArrayList.java:1596)
at org.testng.TestRunner.privateRun(TestRunner.java:739)
at org.testng.TestRunner.run(TestRunner.java:614)
at org.testng.SuiteRunner.runTest(SuiteRunner.java:421)
at org.testng.SuiteRunner.runSequentially(SuiteRunner.java:413)
at org.testng.SuiteRunner.privateRun(SuiteRunner.java:373)
at org.testng.SuiteRunner.run(SuiteRunner.java:312)
at org.testng.SuiteRunnerWorker.runSuite(SuiteRunnerWorker.java:52)
at org.testng.SuiteRunnerWorker.run(SuiteRunnerWorker.java:95)
at org.testng.TestNG.runSuitesSequentially(TestNG.java:1274)
at org.testng.TestNG.runSuitesLocally(TestNG.java:1208)
at org.testng.TestNG.runSuites(TestNG.java:1112)
at org.testng.TestNG.run(TestNG.java:1079)
at org.testng.remote.AbstractRemoteTestNG.run(AbstractRemoteTestNG.java:115)
at org.testng.remote.RemoteTestNG.initAndRun(RemoteTestNG.java:293)
at org.testng.remote.RemoteTestNG.main(RemoteTestNG.java:91)
]]>
            </full-stacktrace>
          </exception> <!-- java.lang.AssertionError -->
          <reporter-output>
          </reporter-output>
        </test-method> <!-- ArrayPracticeQuestion3 -->
        <test-method is-config="true" signature="tearDown()[pri:0, instance:testNgTests.ArraysTest@4ef782af]" started-at="2025-03-06T21:33:53 CST" name="tearDown" finished-at="2025-03-06T21:33:53 CST" duration-ms="201" status="PASS">
          <reporter-output>
          </reporter-output>
        </test-method> <!-- tearDown -->
        <test-method is-config="true" signature="setup(java.lang.String)[pri:0, instance:testNgTests.ArraysTest@4ef782af]" started-at="2025-03-06T21:33:54 CST" name="setup" finished-at="2025-03-06T21:33:56 CST" duration-ms="2539" status="PASS">
          <params>
            <param index="0">
              <value>
                <![CDATA[chrome]]>
              </value>
            </param>
          </params>
          <reporter-output>
          </reporter-output>
        </test-method> <!-- setup -->
        <test-method is-config="true" signature="Array_Module()[pri:0, instance:testNgTests.ArraysTest@4ef782af]" started-at="2025-03-06T21:33:56 CST" name="Array_Module" finished-at="2025-03-06T21:33:57 CST" duration-ms="1010" status="PASS">
          <reporter-output>
          </reporter-output>
        </test-method> <!-- Array_Module -->
        <test-method signature="ArrayPracticeQuestion4(java.util.Map)[pri:0, instance:testNgTests.ArraysTest@4ef782af]" started-at="2025-03-06T21:33:57 CST" name="ArrayPracticeQuestion4" data-provider="Array_paracticeQuestions" finished-at="2025-03-06T21:33:59 CST" duration-ms="2093" status="PASS">
          <params>
            <param index="0">
              <value>
                <![CDATA[{Pythoncode=test, output=, AlertMessage=NameError: name 'test' is not defined on line 1, SubmitionMessage=Error occurred during submission}]]>
              </value>
            </param>
          </params>
          <reporter-output>
          </reporter-output>
        </test-method> <!-- ArrayPracticeQuestion4 -->
        <test-method is-config="true" signature="tearDown()[pri:0, instance:testNgTests.ArraysTest@4ef782af]" started-at="2025-03-06T21:33:59 CST" name="tearDown" finished-at="2025-03-06T21:33:59 CST" duration-ms="197" status="PASS">
          <reporter-output>
          </reporter-output>
        </test-method> <!-- tearDown -->
        <test-method is-config="true" signature="setup(java.lang.String)[pri:0, instance:testNgTests.ArraysTest@4ef782af]" started-at="2025-03-06T21:33:59 CST" name="setup" finished-at="2025-03-06T21:34:04 CST" duration-ms="4599" status="PASS">
          <params>
            <param index="0">
              <value>
                <![CDATA[chrome]]>
              </value>
            </param>
          </params>
          <reporter-output>
          </reporter-output>
        </test-method> <!-- setup -->
        <test-method is-config="true" signature="Array_Module()[pri:0, instance:testNgTests.ArraysTest@4ef782af]" started-at="2025-03-06T21:34:04 CST" name="Array_Module" finished-at="2025-03-06T21:34:05 CST" duration-ms="949" status="PASS">
          <reporter-output>
          </reporter-output>
        </test-method> <!-- Array_Module -->
        <test-method signature="ArrayPracticeQuestion4(java.util.Map)[pri:0, instance:testNgTests.ArraysTest@4ef782af]" started-at="2025-03-06T21:34:05 CST" name="ArrayPracticeQuestion4" data-provider="Array_paracticeQuestions" finished-at="2025-03-06T21:34:07 CST" duration-ms="1702" status="FAIL">
          <params>
            <param index="0">
              <value>
                <![CDATA[{Pythoncode=def search(lst, value):
    # Check if the value is in the list
    if value in lst:
        return "Element Found"
    return "Not Found"

# Example Usage
input_list = [12, 23, 45, 67, 6, 90]
value_to_search = 12
print(search(input_list, value_to_search))  # Output: Element Found

value_to_search = 25
print(search(input_list, value_to_search))  # Output: Not Found, output=Element Found
Not Found, AlertMessage=, SubmitionMessage=Submission Successful}]]>
              </value>
            </param>
          </params>
          <exception class="java.lang.AssertionError">
            <message>
              <![CDATA[expected [] but found [SyntaxError: unindent does not match any outer indentation level on line 5]]]>
            </message>
            <full-stacktrace>
              <![CDATA[java.lang.AssertionError: expected [] but found [SyntaxError: unindent does not match any outer indentation level on line 5]
at org.testng.Assert.fail(Assert.java:111)
at org.testng.Assert.failNotEquals(Assert.java:1578)
at org.testng.Assert.assertEqualsImpl(Assert.java:150)
at org.testng.Assert.assertEquals(Assert.java:132)
at org.testng.Assert.assertEquals(Assert.java:656)
at org.testng.Assert.assertEquals(Assert.java:666)
at testNgTests.ArraysTest.ArrayPracticeQuestion4(ArraysTest.java:324)
at java.base/jdk.internal.reflect.DirectMethodHandleAccessor.invoke(DirectMethodHandleAccessor.java:103)
at java.base/java.lang.reflect.Method.invoke(Method.java:580)
at org.testng.internal.invokers.MethodInvocationHelper.invokeMethod(MethodInvocationHelper.java:141)
at org.testng.internal.invokers.TestInvoker.invokeMethod(TestInvoker.java:686)
at org.testng.internal.invokers.TestInvoker.invokeTestMethod(TestInvoker.java:230)
at org.testng.internal.invokers.MethodRunner.runInSequence(MethodRunner.java:63)
at org.testng.internal.invokers.TestInvoker$MethodInvocationAgent.invoke(TestInvoker.java:992)
at org.testng.internal.invokers.TestInvoker.invokeTestMethods(TestInvoker.java:203)
at org.testng.internal.invokers.TestMethodWorker.invokeTestMethods(TestMethodWorker.java:154)
at org.testng.internal.invokers.TestMethodWorker.run(TestMethodWorker.java:134)
at java.base/java.util.ArrayList.forEach(ArrayList.java:1596)
at org.testng.TestRunner.privateRun(TestRunner.java:739)
at org.testng.TestRunner.run(TestRunner.java:614)
at org.testng.SuiteRunner.runTest(SuiteRunner.java:421)
at org.testng.SuiteRunner.runSequentially(SuiteRunner.java:413)
at org.testng.SuiteRunner.privateRun(SuiteRunner.java:373)
at org.testng.SuiteRunner.run(SuiteRunner.java:312)
at org.testng.SuiteRunnerWorker.runSuite(SuiteRunnerWorker.java:52)
at org.testng.SuiteRunnerWorker.run(SuiteRunnerWorker.java:95)
at org.testng.TestNG.runSuitesSequentially(TestNG.java:1274)
at org.testng.TestNG.runSuitesLocally(TestNG.java:1208)
at org.testng.TestNG.runSuites(TestNG.java:1112)
at org.testng.TestNG.run(TestNG.java:1079)
at org.testng.remote.AbstractRemoteTestNG.run(AbstractRemoteTestNG.java:115)
at org.testng.remote.RemoteTestNG.initAndRun(RemoteTestNG.java:293)
at org.testng.remote.RemoteTestNG.main(RemoteTestNG.java:91)
]]>
            </full-stacktrace>
          </exception> <!-- java.lang.AssertionError -->
          <reporter-output>
          </reporter-output>
        </test-method> <!-- ArrayPracticeQuestion4 -->
        <test-method is-config="true" signature="tearDown()[pri:0, instance:testNgTests.ArraysTest@4ef782af]" started-at="2025-03-06T21:34:07 CST" name="tearDown" finished-at="2025-03-06T21:34:07 CST" duration-ms="263" status="PASS">
          <reporter-output>
          </reporter-output>
        </test-method> <!-- tearDown -->
        <test-method is-config="true" signature="setup(java.lang.String)[pri:0, instance:testNgTests.ArraysTest@4ef782af]" started-at="2025-03-06T21:34:07 CST" name="setup" finished-at="2025-03-06T21:34:12 CST" duration-ms="4296" status="PASS">
          <params>
            <param index="0">
              <value>
                <![CDATA[chrome]]>
              </value>
            </param>
          </params>
          <reporter-output>
          </reporter-output>
        </test-method> <!-- setup -->
        <test-method is-config="true" signature="Array_Module()[pri:0, instance:testNgTests.ArraysTest@4ef782af]" started-at="2025-03-06T21:34:12 CST" name="Array_Module" finished-at="2025-03-06T21:34:13 CST" duration-ms="957" status="PASS">
          <reporter-output>
          </reporter-output>
        </test-method> <!-- Array_Module -->
        <test-method signature="ArraySubmittion(java.util.Map)[pri:0, instance:testNgTests.ArraysTest@4ef782af]" started-at="2025-03-06T21:34:13 CST" name="ArraySubmittion" data-provider="Array_paracticeQuestions" finished-at="2025-03-06T21:34:15 CST" duration-ms="1804" status="PASS">
          <params>
            <param index="0">
              <value>
                <![CDATA[{Pythoncode=test, output=, AlertMessage=NameError: name 'test' is not defined on line 1, SubmitionMessage=Error occurred during submission}]]>
              </value>
            </param>
          </params>
          <reporter-output>
          </reporter-output>
        </test-method> <!-- ArraySubmittion -->
        <test-method is-config="true" signature="tearDown()[pri:0, instance:testNgTests.ArraysTest@4ef782af]" started-at="2025-03-06T21:34:15 CST" name="tearDown" finished-at="2025-03-06T21:34:15 CST" duration-ms="204" status="PASS">
          <reporter-output>
          </reporter-output>
        </test-method> <!-- tearDown -->
        <test-method is-config="true" signature="setup(java.lang.String)[pri:0, instance:testNgTests.ArraysTest@4ef782af]" started-at="2025-03-06T21:34:15 CST" name="setup" finished-at="2025-03-06T21:34:17 CST" duration-ms="2684" status="PASS">
          <params>
            <param index="0">
              <value>
                <![CDATA[chrome]]>
              </value>
            </param>
          </params>
          <reporter-output>
          </reporter-output>
        </test-method> <!-- setup -->
        <test-method is-config="true" signature="Array_Module()[pri:0, instance:testNgTests.ArraysTest@4ef782af]" started-at="2025-03-06T21:34:17 CST" name="Array_Module" finished-at="2025-03-06T21:34:19 CST" duration-ms="1140" status="PASS">
          <reporter-output>
          </reporter-output>
        </test-method> <!-- Array_Module -->
        <test-method signature="ArraySubmittion(java.util.Map)[pri:0, instance:testNgTests.ArraysTest@4ef782af]" started-at="2025-03-06T21:34:19 CST" name="ArraySubmittion" data-provider="Array_paracticeQuestions" finished-at="2025-03-06T21:34:21 CST" duration-ms="2248" status="FAIL">
          <params>
            <param index="0">
              <value>
                <![CDATA[{Pythoncode=def search(lst, value):
    # Check if the value is in the list
    if value in lst:
        return "Element Found"
    return "Not Found"

# Example Usage
input_list = [12, 23, 45, 67, 6, 90]
value_to_search = 12
print(search(input_list, value_to_search))  # Output: Element Found

value_to_search = 25
print(search(input_list, value_to_search))  # Output: Not Found, output=Element Found
Not Found, AlertMessage=, SubmitionMessage=Submission Successful}]]>
              </value>
            </param>
          </params>
          <exception class="java.lang.AssertionError">
            <message>
              <![CDATA[expected [Submission Successful] but found [Error occurred during submission]]]>
            </message>
            <full-stacktrace>
              <![CDATA[java.lang.AssertionError: expected [Submission Successful] but found [Error occurred during submission]
at org.testng.Assert.fail(Assert.java:111)
at org.testng.Assert.failNotEquals(Assert.java:1578)
at org.testng.Assert.assertEqualsImpl(Assert.java:150)
at org.testng.Assert.assertEquals(Assert.java:132)
at org.testng.Assert.assertEquals(Assert.java:656)
at org.testng.Assert.assertEquals(Assert.java:666)
at testNgTests.ArraysTest.ArraySubmittion(ArraysTest.java:206)
at java.base/jdk.internal.reflect.DirectMethodHandleAccessor.invoke(DirectMethodHandleAccessor.java:103)
at java.base/java.lang.reflect.Method.invoke(Method.java:580)
at org.testng.internal.invokers.MethodInvocationHelper.invokeMethod(MethodInvocationHelper.java:141)
at org.testng.internal.invokers.TestInvoker.invokeMethod(TestInvoker.java:686)
at org.testng.internal.invokers.TestInvoker.invokeTestMethod(TestInvoker.java:230)
at org.testng.internal.invokers.MethodRunner.runInSequence(MethodRunner.java:63)
at org.testng.internal.invokers.TestInvoker$MethodInvocationAgent.invoke(TestInvoker.java:992)
at org.testng.internal.invokers.TestInvoker.invokeTestMethods(TestInvoker.java:203)
at org.testng.internal.invokers.TestMethodWorker.invokeTestMethods(TestMethodWorker.java:154)
at org.testng.internal.invokers.TestMethodWorker.run(TestMethodWorker.java:134)
at java.base/java.util.ArrayList.forEach(ArrayList.java:1596)
at org.testng.TestRunner.privateRun(TestRunner.java:739)
at org.testng.TestRunner.run(TestRunner.java:614)
at org.testng.SuiteRunner.runTest(SuiteRunner.java:421)
at org.testng.SuiteRunner.runSequentially(SuiteRunner.java:413)
at org.testng.SuiteRunner.privateRun(SuiteRunner.java:373)
at org.testng.SuiteRunner.run(SuiteRunner.java:312)
at org.testng.SuiteRunnerWorker.runSuite(SuiteRunnerWorker.java:52)
at org.testng.SuiteRunnerWorker.run(SuiteRunnerWorker.java:95)
at org.testng.TestNG.runSuitesSequentially(TestNG.java:1274)
at org.testng.TestNG.runSuitesLocally(TestNG.java:1208)
at org.testng.TestNG.runSuites(TestNG.java:1112)
at org.testng.TestNG.run(TestNG.java:1079)
at org.testng.remote.AbstractRemoteTestNG.run(AbstractRemoteTestNG.java:115)
at org.testng.remote.RemoteTestNG.initAndRun(RemoteTestNG.java:293)
at org.testng.remote.RemoteTestNG.main(RemoteTestNG.java:91)
]]>
            </full-stacktrace>
          </exception> <!-- java.lang.AssertionError -->
          <reporter-output>
          </reporter-output>
        </test-method> <!-- ArraySubmittion -->
        <test-method is-config="true" signature="tearDown()[pri:0, instance:testNgTests.ArraysTest@4ef782af]" started-at="2025-03-06T21:34:21 CST" name="tearDown" finished-at="2025-03-06T21:34:22 CST" duration-ms="220" status="PASS">
          <reporter-output>
          </reporter-output>
        </test-method> <!-- tearDown -->
        <test-method is-config="true" signature="setup(java.lang.String)[pri:0, instance:testNgTests.ArraysTest@4ef782af]" started-at="2025-03-06T21:34:22 CST" name="setup" finished-at="2025-03-06T21:34:26 CST" duration-ms="4611" status="PASS">
          <params>
            <param index="0">
              <value>
                <![CDATA[chrome]]>
              </value>
            </param>
          </params>
          <reporter-output>
          </reporter-output>
        </test-method> <!-- setup -->
        <test-method is-config="true" signature="Array_Module()[pri:0, instance:testNgTests.ArraysTest@4ef782af]" started-at="2025-03-06T21:34:26 CST" name="Array_Module" finished-at="2025-03-06T21:34:27 CST" duration-ms="1044" status="PASS">
          <reporter-output>
          </reporter-output>
        </test-method> <!-- Array_Module -->
        <test-method signature="clickApplicationsOfArray()[pri:0, instance:testNgTests.ArraysTest@4ef782af]" started-at="2025-03-06T21:34:27 CST" name="clickApplicationsOfArray" finished-at="2025-03-06T21:34:28 CST" duration-ms="264" status="PASS">
          <reporter-output>
          </reporter-output>
        </test-method> <!-- clickApplicationsOfArray -->
        <test-method is-config="true" signature="tearDown()[pri:0, instance:testNgTests.ArraysTest@4ef782af]" started-at="2025-03-06T21:34:28 CST" name="tearDown" finished-at="2025-03-06T21:34:28 CST" duration-ms="200" status="PASS">
          <reporter-output>
          </reporter-output>
        </test-method> <!-- tearDown -->
        <test-method is-config="true" signature="setup(java.lang.String)[pri:0, instance:testNgTests.ArraysTest@4ef782af]" started-at="2025-03-06T21:34:28 CST" name="setup" finished-at="2025-03-06T21:34:32 CST" duration-ms="4343" status="PASS">
          <params>
            <param index="0">
              <value>
                <![CDATA[chrome]]>
              </value>
            </param>
          </params>
          <reporter-output>
          </reporter-output>
        </test-method> <!-- setup -->
        <test-method is-config="true" signature="Array_Module()[pri:0, instance:testNgTests.ArraysTest@4ef782af]" started-at="2025-03-06T21:34:32 CST" name="Array_Module" finished-at="2025-03-06T21:34:33 CST" duration-ms="1065" status="PASS">
          <reporter-output>
          </reporter-output>
        </test-method> <!-- Array_Module -->
        <test-method signature="clickArray_Dropdown()[pri:0, instance:testNgTests.ArraysTest@4ef782af]" started-at="2025-03-06T21:34:33 CST" name="clickArray_Dropdown" finished-at="2025-03-06T21:34:34 CST" duration-ms="497" status="PASS">
          <reporter-output>
          </reporter-output>
        </test-method> <!-- clickArray_Dropdown -->
        <test-method is-config="true" signature="tearDown()[pri:0, instance:testNgTests.ArraysTest@4ef782af]" started-at="2025-03-06T21:34:34 CST" name="tearDown" finished-at="2025-03-06T21:34:34 CST" duration-ms="223" status="PASS">
          <reporter-output>
          </reporter-output>
        </test-method> <!-- tearDown -->
        <test-method is-config="true" signature="setup(java.lang.String)[pri:0, instance:testNgTests.ArraysTest@4ef782af]" started-at="2025-03-06T21:34:34 CST" name="setup" finished-at="2025-03-06T21:34:36 CST" duration-ms="2332" status="PASS">
          <params>
            <param index="0">
              <value>
                <![CDATA[chrome]]>
              </value>
            </param>
          </params>
          <reporter-output>
          </reporter-output>
        </test-method> <!-- setup -->
        <test-method is-config="true" signature="Array_Module()[pri:0, instance:testNgTests.ArraysTest@4ef782af]" started-at="2025-03-06T21:34:36 CST" name="Array_Module" finished-at="2025-03-06T21:34:37 CST" duration-ms="991" status="PASS">
          <reporter-output>
          </reporter-output>
        </test-method> <!-- Array_Module -->
        <test-method signature="clickArraysUsingList()[pri:0, instance:testNgTests.ArraysTest@4ef782af]" started-at="2025-03-06T21:34:37 CST" name="clickArraysUsingList" finished-at="2025-03-06T21:34:38 CST" duration-ms="266" status="PASS">
          <reporter-output>
          </reporter-output>
        </test-method> <!-- clickArraysUsingList -->
        <test-method is-config="true" signature="tearDown()[pri:0, instance:testNgTests.ArraysTest@4ef782af]" started-at="2025-03-06T21:34:38 CST" name="tearDown" finished-at="2025-03-06T21:34:38 CST" duration-ms="177" status="PASS">
          <reporter-output>
          </reporter-output>
        </test-method> <!-- tearDown -->
        <test-method is-config="true" signature="setup(java.lang.String)[pri:0, instance:testNgTests.ArraysTest@4ef782af]" started-at="2025-03-06T21:34:38 CST" name="setup" finished-at="2025-03-06T21:34:43 CST" duration-ms="5183" status="PASS">
          <params>
            <param index="0">
              <value>
                <![CDATA[chrome]]>
              </value>
            </param>
          </params>
          <reporter-output>
          </reporter-output>
        </test-method> <!-- setup -->
        <test-method is-config="true" signature="Array_Module()[pri:0, instance:testNgTests.ArraysTest@4ef782af]" started-at="2025-03-06T21:34:43 CST" name="Array_Module" finished-at="2025-03-06T21:34:44 CST" duration-ms="998" status="PASS">
          <reporter-output>
          </reporter-output>
        </test-method> <!-- Array_Module -->
        <test-method signature="clickArraysinPython()[pri:0, instance:testNgTests.ArraysTest@4ef782af]" started-at="2025-03-06T21:34:44 CST" name="clickArraysinPython" finished-at="2025-03-06T21:34:44 CST" duration-ms="397" status="PASS">
          <reporter-output>
          </reporter-output>
        </test-method> <!-- clickArraysinPython -->
        <test-method is-config="true" signature="tearDown()[pri:0, instance:testNgTests.ArraysTest@4ef782af]" started-at="2025-03-06T21:34:44 CST" name="tearDown" finished-at="2025-03-06T21:34:45 CST" duration-ms="417" status="PASS">
          <reporter-output>
          </reporter-output>
        </test-method> <!-- tearDown -->
        <test-method is-config="true" signature="setup(java.lang.String)[pri:0, instance:testNgTests.ArraysTest@4ef782af]" started-at="2025-03-06T21:34:45 CST" name="setup" finished-at="2025-03-06T21:34:50 CST" duration-ms="4862" status="PASS">
          <params>
            <param index="0">
              <value>
                <![CDATA[chrome]]>
              </value>
            </param>
          </params>
          <reporter-output>
          </reporter-output>
        </test-method> <!-- setup -->
        <test-method is-config="true" signature="Array_Module()[pri:0, instance:testNgTests.ArraysTest@4ef782af]" started-at="2025-03-06T21:34:50 CST" name="Array_Module" finished-at="2025-03-06T21:34:51 CST" duration-ms="1000" status="PASS">
          <reporter-output>
          </reporter-output>
        </test-method> <!-- Array_Module -->
        <test-method signature="clickBasicOperationsInLists()[pri:0, instance:testNgTests.ArraysTest@4ef782af]" started-at="2025-03-06T21:34:51 CST" name="clickBasicOperationsInLists" finished-at="2025-03-06T21:34:51 CST" duration-ms="249" status="PASS">
          <reporter-output>
          </reporter-output>
        </test-method> <!-- clickBasicOperationsInLists -->
        <test-method is-config="true" signature="tearDown()[pri:0, instance:testNgTests.ArraysTest@4ef782af]" started-at="2025-03-06T21:34:51 CST" name="tearDown" finished-at="2025-03-06T21:34:53 CST" duration-ms="1700" status="PASS">
          <reporter-output>
          </reporter-output>
        </test-method> <!-- tearDown -->
        <test-method is-config="true" signature="setup(java.lang.String)[pri:0, instance:testNgTests.ArraysTest@4ef782af]" started-at="2025-03-06T21:34:53 CST" name="setup" finished-at="2025-03-06T21:34:57 CST" duration-ms="4825" status="PASS">
          <params>
            <param index="0">
              <value>
                <![CDATA[chrome]]>
              </value>
            </param>
          </params>
          <reporter-output>
          </reporter-output>
        </test-method> <!-- setup -->
        <test-method is-config="true" signature="Array_Module()[pri:0, instance:testNgTests.ArraysTest@4ef782af]" started-at="2025-03-06T21:34:57 CST" name="Array_Module" finished-at="2025-03-06T21:34:58 CST" duration-ms="980" status="PASS">
          <reporter-output>
          </reporter-output>
        </test-method> <!-- Array_Module -->
        <test-method signature="clickFindNumswithEvenNumberOfDigits()[pri:0, instance:testNgTests.ArraysTest@4ef782af]" started-at="2025-03-06T21:34:58 CST" name="clickFindNumswithEvenNumberOfDigits" finished-at="2025-03-06T21:34:59 CST" duration-ms="952" status="PASS">
          <reporter-output>
          </reporter-output>
        </test-method> <!-- clickFindNumswithEvenNumberOfDigits -->
        <test-method is-config="true" signature="tearDown()[pri:0, instance:testNgTests.ArraysTest@4ef782af]" started-at="2025-03-06T21:34:59 CST" name="tearDown" finished-at="2025-03-06T21:34:59 CST" duration-ms="189" status="PASS">
          <reporter-output>
          </reporter-output>
        </test-method> <!-- tearDown -->
        <test-method is-config="true" signature="setup(java.lang.String)[pri:0, instance:testNgTests.ArraysTest@4ef782af]" started-at="2025-03-06T21:34:59 CST" name="setup" finished-at="2025-03-06T21:35:02 CST" duration-ms="2607" status="PASS">
          <params>
            <param index="0">
              <value>
                <![CDATA[chrome]]>
              </value>
            </param>
          </params>
          <reporter-output>
          </reporter-output>
        </test-method> <!-- setup -->
        <test-method is-config="true" signature="Array_Module()[pri:0, instance:testNgTests.ArraysTest@4ef782af]" started-at="2025-03-06T21:35:02 CST" name="Array_Module" finished-at="2025-03-06T21:35:03 CST" duration-ms="1028" status="PASS">
          <reporter-output>
          </reporter-output>
        </test-method> <!-- Array_Module -->
        <test-method signature="clickMaxConsecutiveones()[pri:0, instance:testNgTests.ArraysTest@4ef782af]" started-at="2025-03-06T21:35:03 CST" name="clickMaxConsecutiveones" finished-at="2025-03-06T21:35:04 CST" duration-ms="1070" status="PASS">
          <reporter-output>
          </reporter-output>
        </test-method> <!-- clickMaxConsecutiveones -->
        <test-method is-config="true" signature="tearDown()[pri:0, instance:testNgTests.ArraysTest@4ef782af]" started-at="2025-03-06T21:35:04 CST" name="tearDown" finished-at="2025-03-06T21:35:04 CST" duration-ms="169" status="PASS">
          <reporter-output>
          </reporter-output>
        </test-method> <!-- tearDown -->
        <test-method is-config="true" signature="setup(java.lang.String)[pri:0, instance:testNgTests.ArraysTest@4ef782af]" started-at="2025-03-06T21:35:04 CST" name="setup" finished-at="2025-03-06T21:35:09 CST" duration-ms="4347" status="PASS">
          <params>
            <param index="0">
              <value>
                <![CDATA[chrome]]>
              </value>
            </param>
          </params>
          <reporter-output>
          </reporter-output>
        </test-method> <!-- setup -->
        <test-method is-config="true" signature="Array_Module()[pri:0, instance:testNgTests.ArraysTest@4ef782af]" started-at="2025-03-06T21:35:09 CST" name="Array_Module" finished-at="2025-03-06T21:35:10 CST" duration-ms="984" status="PASS">
          <reporter-output>
          </reporter-output>
        </test-method> <!-- Array_Module -->
        <test-method signature="clickPracticeQuestions()[pri:0, instance:testNgTests.ArraysTest@4ef782af]" started-at="2025-03-06T21:35:10 CST" name="clickPracticeQuestions" finished-at="2025-03-06T21:35:10 CST" duration-ms="472" status="PASS">
          <reporter-output>
          </reporter-output>
        </test-method> <!-- clickPracticeQuestions -->
        <test-method is-config="true" signature="tearDown()[pri:0, instance:testNgTests.ArraysTest@4ef782af]" started-at="2025-03-06T21:35:10 CST" name="tearDown" finished-at="2025-03-06T21:35:10 CST" duration-ms="262" status="PASS">
          <reporter-output>
          </reporter-output>
        </test-method> <!-- tearDown -->
        <test-method is-config="true" signature="setup(java.lang.String)[pri:0, instance:testNgTests.ArraysTest@4ef782af]" started-at="2025-03-06T21:35:10 CST" name="setup" finished-at="2025-03-06T21:35:12 CST" duration-ms="1339" status="PASS">
          <params>
            <param index="0">
              <value>
                <![CDATA[chrome]]>
              </value>
            </param>
          </params>
          <reporter-output>
          </reporter-output>
        </test-method> <!-- setup -->
        <test-method is-config="true" signature="Array_Module()[pri:0, instance:testNgTests.ArraysTest@4ef782af]" started-at="2025-03-06T21:35:12 CST" name="Array_Module" finished-at="2025-03-06T21:35:13 CST" duration-ms="1059" status="PASS">
          <reporter-output>
          </reporter-output>
        </test-method> <!-- Array_Module -->
        <test-method signature="clickSearchTheArray()[pri:0, instance:testNgTests.ArraysTest@4ef782af]" started-at="2025-03-06T21:35:13 CST" name="clickSearchTheArray" finished-at="2025-03-06T21:35:14 CST" duration-ms="1045" status="PASS">
          <reporter-output>
          </reporter-output>
        </test-method> <!-- clickSearchTheArray -->
        <test-method is-config="true" signature="tearDown()[pri:0, instance:testNgTests.ArraysTest@4ef782af]" started-at="2025-03-06T21:35:14 CST" name="tearDown" finished-at="2025-03-06T21:35:14 CST" duration-ms="274" status="PASS">
          <reporter-output>
          </reporter-output>
        </test-method> <!-- tearDown -->
        <test-method is-config="true" signature="setup(java.lang.String)[pri:0, instance:testNgTests.ArraysTest@4ef782af]" started-at="2025-03-06T21:35:14 CST" name="setup" finished-at="2025-03-06T21:35:19 CST" duration-ms="4468" status="PASS">
          <params>
            <param index="0">
              <value>
                <![CDATA[chrome]]>
              </value>
            </param>
          </params>
          <reporter-output>
          </reporter-output>
        </test-method> <!-- setup -->
        <test-method is-config="true" signature="Array_Module()[pri:0, instance:testNgTests.ArraysTest@4ef782af]" started-at="2025-03-06T21:35:19 CST" name="Array_Module" finished-at="2025-03-06T21:35:20 CST" duration-ms="995" status="PASS">
          <reporter-output>
          </reporter-output>
        </test-method> <!-- Array_Module -->
        <test-method signature="clickSquaresofSortedArray()[pri:0, instance:testNgTests.ArraysTest@4ef782af]" started-at="2025-03-06T21:35:20 CST" name="clickSquaresofSortedArray" finished-at="2025-03-06T21:35:21 CST" duration-ms="959" status="PASS">
          <reporter-output>
          </reporter-output>
        </test-method> <!-- clickSquaresofSortedArray -->
        <test-method is-config="true" signature="tearDown()[pri:0, instance:testNgTests.ArraysTest@4ef782af]" started-at="2025-03-06T21:35:21 CST" name="tearDown" finished-at="2025-03-06T21:35:21 CST" duration-ms="244" status="PASS">
          <reporter-output>
          </reporter-output>
        </test-method> <!-- tearDown -->
        <test-method is-config="true" signature="setup(java.lang.String)[pri:0, instance:testNgTests.ArraysTest@4ef782af]" started-at="2025-03-06T21:35:21 CST" name="setup" finished-at="2025-03-06T21:35:23 CST" duration-ms="2227" status="PASS">
          <params>
            <param index="0">
              <value>
                <![CDATA[chrome]]>
              </value>
            </param>
          </params>
          <reporter-output>
          </reporter-output>
        </test-method> <!-- setup -->
        <test-method is-config="true" signature="Array_Module()[pri:0, instance:testNgTests.ArraysTest@4ef782af]" started-at="2025-03-06T21:35:23 CST" name="Array_Module" finished-at="2025-03-06T21:35:24 CST" duration-ms="1084" status="PASS">
          <reporter-output>
          </reporter-output>
        </test-method> <!-- Array_Module -->
        <test-method signature="clickTryHere()[pri:0, instance:testNgTests.ArraysTest@4ef782af]" started-at="2025-03-06T21:35:24 CST" name="clickTryHere" finished-at="2025-03-06T21:35:35 CST" duration-ms="11224" status="FAIL">
          <exception class="java.lang.AssertionError">
            <message>
              <![CDATA[expected [true] but found [false]]]>
            </message>
            <full-stacktrace>
              <![CDATA[java.lang.AssertionError: expected [true] but found [false]
at org.testng.Assert.fail(Assert.java:111)
at org.testng.Assert.failNotEquals(Assert.java:1578)
at org.testng.Assert.assertEqualsImpl(Assert.java:150)
at org.testng.Assert.assertEquals(Assert.java:132)
at org.testng.Assert.assertEquals(Assert.java:1067)
at org.testng.Assert.assertEquals(Assert.java:1031)
at org.testng.Assert.assertEquals(Assert.java:1077)
at testNgTests.ArraysTest.clickTryHere(ArraysTest.java:48)
at java.base/jdk.internal.reflect.DirectMethodHandleAccessor.invoke(DirectMethodHandleAccessor.java:103)
at java.base/java.lang.reflect.Method.invoke(Method.java:580)
at org.testng.internal.invokers.MethodInvocationHelper.invokeMethod(MethodInvocationHelper.java:141)
at org.testng.internal.invokers.TestInvoker.invokeMethod(TestInvoker.java:686)
at org.testng.internal.invokers.TestInvoker.invokeTestMethod(TestInvoker.java:230)
at org.testng.internal.invokers.MethodRunner.runInSequence(MethodRunner.java:63)
at org.testng.internal.invokers.TestInvoker$MethodInvocationAgent.invoke(TestInvoker.java:992)
at org.testng.internal.invokers.TestInvoker.invokeTestMethods(TestInvoker.java:203)
at org.testng.internal.invokers.TestMethodWorker.invokeTestMethods(TestMethodWorker.java:154)
at org.testng.internal.invokers.TestMethodWorker.run(TestMethodWorker.java:134)
at java.base/java.util.ArrayList.forEach(ArrayList.java:1596)
at org.testng.TestRunner.privateRun(TestRunner.java:739)
at org.testng.TestRunner.run(TestRunner.java:614)
at org.testng.SuiteRunner.runTest(SuiteRunner.java:421)
at org.testng.SuiteRunner.runSequentially(SuiteRunner.java:413)
at org.testng.SuiteRunner.privateRun(SuiteRunner.java:373)
at org.testng.SuiteRunner.run(SuiteRunner.java:312)
at org.testng.SuiteRunnerWorker.runSuite(SuiteRunnerWorker.java:52)
at org.testng.SuiteRunnerWorker.run(SuiteRunnerWorker.java:95)
at org.testng.TestNG.runSuitesSequentially(TestNG.java:1274)
at org.testng.TestNG.runSuitesLocally(TestNG.java:1208)
at org.testng.TestNG.runSuites(TestNG.java:1112)
at org.testng.TestNG.run(TestNG.java:1079)
at org.testng.remote.AbstractRemoteTestNG.run(AbstractRemoteTestNG.java:115)
at org.testng.remote.RemoteTestNG.initAndRun(RemoteTestNG.java:293)
at org.testng.remote.RemoteTestNG.main(RemoteTestNG.java:91)
]]>
            </full-stacktrace>
          </exception> <!-- java.lang.AssertionError -->
          <reporter-output>
          </reporter-output>
        </test-method> <!-- clickTryHere -->
        <test-method is-config="true" signature="tearDown()[pri:0, instance:testNgTests.ArraysTest@4ef782af]" started-at="2025-03-06T21:35:35 CST" name="tearDown" finished-at="2025-03-06T21:35:36 CST" duration-ms="264" status="PASS">
          <reporter-output>
          </reporter-output>
        </test-method> <!-- tearDown -->
        <test-method is-config="true" signature="setup(java.lang.String)[pri:0, instance:testNgTests.ArraysTest@4ef782af]" started-at="2025-03-06T21:35:36 CST" name="setup" finished-at="2025-03-06T21:35:40 CST" duration-ms="4412" status="PASS">
          <params>
            <param index="0">
              <value>
                <![CDATA[chrome]]>
              </value>
            </param>
          </params>
          <reporter-output>
          </reporter-output>
        </test-method> <!-- setup -->
        <test-method is-config="true" signature="Array_Module()[pri:0, instance:testNgTests.ArraysTest@4ef782af]" started-at="2025-03-06T21:35:40 CST" name="Array_Module" finished-at="2025-03-06T21:35:41 CST" duration-ms="956" status="PASS">
          <reporter-output>
          </reporter-output>
        </test-method> <!-- Array_Module -->
        <test-method signature="clickTryHere1()[pri:0, instance:testNgTests.ArraysTest@4ef782af]" started-at="2025-03-06T21:35:41 CST" name="clickTryHere1" finished-at="2025-03-06T21:35:52 CST" duration-ms="11015" status="FAIL">
          <exception class="java.lang.AssertionError">
            <message>
              <![CDATA[expected [true] but found [false]]]>
            </message>
            <full-stacktrace>
              <![CDATA[java.lang.AssertionError: expected [true] but found [false]
at org.testng.Assert.fail(Assert.java:111)
at org.testng.Assert.failNotEquals(Assert.java:1578)
at org.testng.Assert.assertEqualsImpl(Assert.java:150)
at org.testng.Assert.assertEquals(Assert.java:132)
at org.testng.Assert.assertEquals(Assert.java:1067)
at org.testng.Assert.assertEquals(Assert.java:1031)
at org.testng.Assert.assertEquals(Assert.java:1077)
at testNgTests.ArraysTest.clickTryHere1(ArraysTest.java:90)
at java.base/jdk.internal.reflect.DirectMethodHandleAccessor.invoke(DirectMethodHandleAccessor.java:103)
at java.base/java.lang.reflect.Method.invoke(Method.java:580)
at org.testng.internal.invokers.MethodInvocationHelper.invokeMethod(MethodInvocationHelper.java:141)
at org.testng.internal.invokers.TestInvoker.invokeMethod(TestInvoker.java:686)
at org.testng.internal.invokers.TestInvoker.invokeTestMethod(TestInvoker.java:230)
at org.testng.internal.invokers.MethodRunner.runInSequence(MethodRunner.java:63)
at org.testng.internal.invokers.TestInvoker$MethodInvocationAgent.invoke(TestInvoker.java:992)
at org.testng.internal.invokers.TestInvoker.invokeTestMethods(TestInvoker.java:203)
at org.testng.internal.invokers.TestMethodWorker.invokeTestMethods(TestMethodWorker.java:154)
at org.testng.internal.invokers.TestMethodWorker.run(TestMethodWorker.java:134)
at java.base/java.util.ArrayList.forEach(ArrayList.java:1596)
at org.testng.TestRunner.privateRun(TestRunner.java:739)
at org.testng.TestRunner.run(TestRunner.java:614)
at org.testng.SuiteRunner.runTest(SuiteRunner.java:421)
at org.testng.SuiteRunner.runSequentially(SuiteRunner.java:413)
at org.testng.SuiteRunner.privateRun(SuiteRunner.java:373)
at org.testng.SuiteRunner.run(SuiteRunner.java:312)
at org.testng.SuiteRunnerWorker.runSuite(SuiteRunnerWorker.java:52)
at org.testng.SuiteRunnerWorker.run(SuiteRunnerWorker.java:95)
at org.testng.TestNG.runSuitesSequentially(TestNG.java:1274)
at org.testng.TestNG.runSuitesLocally(TestNG.java:1208)
at org.testng.TestNG.runSuites(TestNG.java:1112)
at org.testng.TestNG.run(TestNG.java:1079)
at org.testng.remote.AbstractRemoteTestNG.run(AbstractRemoteTestNG.java:115)
at org.testng.remote.RemoteTestNG.initAndRun(RemoteTestNG.java:293)
at org.testng.remote.RemoteTestNG.main(RemoteTestNG.java:91)
]]>
            </full-stacktrace>
          </exception> <!-- java.lang.AssertionError -->
          <reporter-output>
          </reporter-output>
        </test-method> <!-- clickTryHere1 -->
        <test-method is-config="true" signature="tearDown()[pri:0, instance:testNgTests.ArraysTest@4ef782af]" started-at="2025-03-06T21:35:52 CST" name="tearDown" finished-at="2025-03-06T21:35:53 CST" duration-ms="237" status="PASS">
          <reporter-output>
          </reporter-output>
        </test-method> <!-- tearDown -->
        <test-method is-config="true" signature="setup(java.lang.String)[pri:0, instance:testNgTests.ArraysTest@4ef782af]" started-at="2025-03-06T21:35:53 CST" name="setup" finished-at="2025-03-06T21:35:57 CST" duration-ms="4298" status="PASS">
          <params>
            <param index="0">
              <value>
                <![CDATA[chrome]]>
              </value>
            </param>
          </params>
          <reporter-output>
          </reporter-output>
        </test-method> <!-- setup -->
        <test-method is-config="true" signature="Array_Module()[pri:0, instance:testNgTests.ArraysTest@4ef782af]" started-at="2025-03-06T21:35:57 CST" name="Array_Module" finished-at="2025-03-06T21:35:58 CST" duration-ms="1006" status="PASS">
          <reporter-output>
          </reporter-output>
        </test-method> <!-- Array_Module -->
        <test-method signature="testPythoncode(java.util.Map)[pri:0, instance:testNgTests.ArraysTest@4ef782af]" started-at="2025-03-06T21:35:58 CST" name="testPythoncode" data-provider="TryeditorProvider" finished-at="2025-03-06T21:35:59 CST" duration-ms="1160" status="PASS">
          <params>
            <param index="0">
              <value>
                <![CDATA[{Pythoncode=hello, ExpectedResult=, ExpectedAlert=NameError: name 'hello' is not defined on line 1}]]>
              </value>
            </param>
          </params>
          <reporter-output>
          </reporter-output>
        </test-method> <!-- testPythoncode -->
        <test-method is-config="true" signature="tearDown()[pri:0, instance:testNgTests.ArraysTest@4ef782af]" started-at="2025-03-06T21:35:59 CST" name="tearDown" finished-at="2025-03-06T21:35:59 CST" duration-ms="241" status="PASS">
          <reporter-output>
          </reporter-output>
        </test-method> <!-- tearDown -->
        <test-method is-config="true" signature="setup(java.lang.String)[pri:0, instance:testNgTests.ArraysTest@4ef782af]" started-at="2025-03-06T21:35:59 CST" name="setup" finished-at="2025-03-06T21:36:01 CST" duration-ms="1295" status="PASS">
          <params>
            <param index="0">
              <value>
                <![CDATA[chrome]]>
              </value>
            </param>
          </params>
          <reporter-output>
          </reporter-output>
        </test-method> <!-- setup -->
        <test-method is-config="true" signature="Array_Module()[pri:0, instance:testNgTests.ArraysTest@4ef782af]" started-at="2025-03-06T21:36:01 CST" name="Array_Module" finished-at="2025-03-06T21:36:02 CST" duration-ms="1013" status="PASS">
          <reporter-output>
          </reporter-output>
        </test-method> <!-- Array_Module -->
        <test-method signature="testPythoncode(java.util.Map)[pri:0, instance:testNgTests.ArraysTest@4ef782af]" started-at="2025-03-06T21:36:02 CST" name="testPythoncode" data-provider="TryeditorProvider" finished-at="2025-03-06T21:36:13 CST" duration-ms="11226" status="PASS">
          <params>
            <param index="0">
              <value>
                <![CDATA[{Pythoncode=print("hello"), ExpectedResult=hello, ExpectedAlert=}]]>
              </value>
            </param>
          </params>
          <reporter-output>
          </reporter-output>
        </test-method> <!-- testPythoncode -->
        <test-method is-config="true" signature="tearDown()[pri:0, instance:testNgTests.ArraysTest@4ef782af]" started-at="2025-03-06T21:36:13 CST" name="tearDown" finished-at="2025-03-06T21:36:13 CST" duration-ms="254" status="PASS">
          <reporter-output>
          </reporter-output>
        </test-method> <!-- tearDown -->
        <test-method is-config="true" signature="setup(java.lang.String)[pri:0, instance:testNgTests.ArraysTest@4ef782af]" started-at="2025-03-06T21:36:13 CST" name="setup" finished-at="2025-03-06T21:36:14 CST" duration-ms="1304" status="PASS">
          <params>
            <param index="0">
              <value>
                <![CDATA[chrome]]>
              </value>
            </param>
          </params>
          <reporter-output>
          </reporter-output>
        </test-method> <!-- setup -->
        <test-method is-config="true" signature="Array_Module()[pri:0, instance:testNgTests.ArraysTest@4ef782af]" started-at="2025-03-06T21:36:14 CST" name="Array_Module" finished-at="2025-03-06T21:36:15 CST" duration-ms="1005" status="PASS">
          <reporter-output>
          </reporter-output>
        </test-method> <!-- Array_Module -->
        <test-method signature="testPythoncode1(java.util.Map)[pri:0, instance:testNgTests.ArraysTest@4ef782af]" started-at="2025-03-06T21:36:15 CST" name="testPythoncode1" data-provider="TryeditorProvider" finished-at="2025-03-06T21:36:16 CST" duration-ms="889" status="PASS">
          <params>
            <param index="0">
              <value>
                <![CDATA[{Pythoncode=hello, ExpectedResult=, ExpectedAlert=NameError: name 'hello' is not defined on line 1}]]>
              </value>
            </param>
          </params>
          <reporter-output>
          </reporter-output>
        </test-method> <!-- testPythoncode1 -->
        <test-method is-config="true" signature="tearDown()[pri:0, instance:testNgTests.ArraysTest@4ef782af]" started-at="2025-03-06T21:36:16 CST" name="tearDown" finished-at="2025-03-06T21:36:17 CST" duration-ms="215" status="PASS">
          <reporter-output>
          </reporter-output>
        </test-method> <!-- tearDown -->
        <test-method is-config="true" signature="setup(java.lang.String)[pri:0, instance:testNgTests.ArraysTest@4ef782af]" started-at="2025-03-06T21:36:17 CST" name="setup" finished-at="2025-03-06T21:36:21 CST" duration-ms="4241" status="PASS">
          <params>
            <param index="0">
              <value>
                <![CDATA[chrome]]>
              </value>
            </param>
          </params>
          <reporter-output>
          </reporter-output>
        </test-method> <!-- setup -->
        <test-method is-config="true" signature="Array_Module()[pri:0, instance:testNgTests.ArraysTest@4ef782af]" started-at="2025-03-06T21:36:21 CST" name="Array_Module" finished-at="2025-03-06T21:36:22 CST" duration-ms="990" status="PASS">
          <reporter-output>
          </reporter-output>
        </test-method> <!-- Array_Module -->
        <test-method signature="testPythoncode1(java.util.Map)[pri:0, instance:testNgTests.ArraysTest@4ef782af]" started-at="2025-03-06T21:36:22 CST" name="testPythoncode1" data-provider="TryeditorProvider" finished-at="2025-03-06T21:36:33 CST" duration-ms="11075" status="PASS">
          <params>
            <param index="0">
              <value>
                <![CDATA[{Pythoncode=print("hello"), ExpectedResult=hello, ExpectedAlert=}]]>
              </value>
            </param>
          </params>
          <reporter-output>
          </reporter-output>
        </test-method> <!-- testPythoncode1 -->
        <test-method is-config="true" signature="tearDown()[pri:0, instance:testNgTests.ArraysTest@4ef782af]" started-at="2025-03-06T21:36:33 CST" name="tearDown" finished-at="2025-03-06T21:36:33 CST" duration-ms="202" status="PASS">
          <reporter-output>
          </reporter-output>
        </test-method> <!-- tearDown -->
      </class> <!-- testNgTests.ArraysTest -->
      <class name="testNgTests.DataStructures">
        <test-method is-config="true" signature="setup(java.lang.String)[pri:0, instance:testNgTests.DataStructures@20d7d6fb]" started-at="2025-03-06T21:32:20 CST" name="setup" finished-at="2025-03-06T21:32:21 CST" duration-ms="1283" status="PASS">
          <params>
            <param index="0">
              <value>
                <![CDATA[chrome]]>
              </value>
            </param>
          </params>
          <reporter-output>
          </reporter-output>
        </test-method> <!-- setup -->
        <test-method is-config="true" signature="login()[pri:0, instance:testNgTests.DataStructures@20d7d6fb]" started-at="2025-03-06T21:32:21 CST" name="login" finished-at="2025-03-06T21:32:22 CST" duration-ms="983" status="PASS">
          <reporter-output>
          </reporter-output>
        </test-method> <!-- login -->
        <test-method signature="clickDSIntrofromDropDown()[pri:0, instance:testNgTests.DataStructures@20d7d6fb]" started-at="2025-03-06T21:32:22 CST" name="clickDSIntrofromDropDown" finished-at="2025-03-06T21:32:22 CST" duration-ms="130" status="PASS">
          <reporter-output>
          </reporter-output>
        </test-method> <!-- clickDSIntrofromDropDown -->
        <test-method is-config="true" signature="tearDown()[pri:0, instance:testNgTests.DataStructures@20d7d6fb]" started-at="2025-03-06T21:32:22 CST" name="tearDown" finished-at="2025-03-06T21:32:22 CST" duration-ms="152" status="PASS">
          <reporter-output>
          </reporter-output>
        </test-method> <!-- tearDown -->
        <test-method is-config="true" signature="setup(java.lang.String)[pri:0, instance:testNgTests.DataStructures@20d7d6fb]" started-at="2025-03-06T21:32:22 CST" name="setup" finished-at="2025-03-06T21:32:24 CST" duration-ms="1510" status="PASS">
          <params>
            <param index="0">
              <value>
                <![CDATA[chrome]]>
              </value>
            </param>
          </params>
          <reporter-output>
          </reporter-output>
        </test-method> <!-- setup -->
        <test-method is-config="true" signature="login()[pri:0, instance:testNgTests.DataStructures@20d7d6fb]" started-at="2025-03-06T21:32:24 CST" name="login" finished-at="2025-03-06T21:32:25 CST" duration-ms="1125" status="PASS">
          <reporter-output>
          </reporter-output>
        </test-method> <!-- login -->
        <test-method signature="clickTimeComplexityTryHere()[pri:0, instance:testNgTests.DataStructures@20d7d6fb]" started-at="2025-03-06T21:32:25 CST" name="clickTimeComplexityTryHere" finished-at="2025-03-06T21:32:36 CST" duration-ms="11643" status="FAIL">
          <exception class="java.lang.AssertionError">
            <message>
              <![CDATA[expected [true] but found [false]]]>
            </message>
            <full-stacktrace>
              <![CDATA[java.lang.AssertionError: expected [true] but found [false]
at org.testng.Assert.fail(Assert.java:111)
at org.testng.Assert.failNotEquals(Assert.java:1578)
at org.testng.Assert.assertEqualsImpl(Assert.java:150)
at org.testng.Assert.assertEquals(Assert.java:132)
at org.testng.Assert.assertEquals(Assert.java:1067)
at org.testng.Assert.assertEquals(Assert.java:1031)
at org.testng.Assert.assertEquals(Assert.java:1077)
at testNgTests.DataStructures.clickTimeComplexityTryHere(DataStructures.java:56)
at java.base/jdk.internal.reflect.DirectMethodHandleAccessor.invoke(DirectMethodHandleAccessor.java:103)
at java.base/java.lang.reflect.Method.invoke(Method.java:580)
at org.testng.internal.invokers.MethodInvocationHelper.invokeMethod(MethodInvocationHelper.java:141)
at org.testng.internal.invokers.TestInvoker.invokeMethod(TestInvoker.java:686)
at org.testng.internal.invokers.TestInvoker.invokeTestMethod(TestInvoker.java:230)
at org.testng.internal.invokers.MethodRunner.runInSequence(MethodRunner.java:63)
at org.testng.internal.invokers.TestInvoker$MethodInvocationAgent.invoke(TestInvoker.java:992)
at org.testng.internal.invokers.TestInvoker.invokeTestMethods(TestInvoker.java:203)
at org.testng.internal.invokers.TestMethodWorker.invokeTestMethods(TestMethodWorker.java:154)
at org.testng.internal.invokers.TestMethodWorker.run(TestMethodWorker.java:134)
at java.base/java.util.ArrayList.forEach(ArrayList.java:1596)
at org.testng.TestRunner.privateRun(TestRunner.java:739)
at org.testng.TestRunner.run(TestRunner.java:614)
at org.testng.SuiteRunner.runTest(SuiteRunner.java:421)
at org.testng.SuiteRunner.runSequentially(SuiteRunner.java:413)
at org.testng.SuiteRunner.privateRun(SuiteRunner.java:373)
at org.testng.SuiteRunner.run(SuiteRunner.java:312)
at org.testng.SuiteRunnerWorker.runSuite(SuiteRunnerWorker.java:52)
at org.testng.SuiteRunnerWorker.run(SuiteRunnerWorker.java:95)
at org.testng.TestNG.runSuitesSequentially(TestNG.java:1274)
at org.testng.TestNG.runSuitesLocally(TestNG.java:1208)
at org.testng.TestNG.runSuites(TestNG.java:1112)
at org.testng.TestNG.run(TestNG.java:1079)
at org.testng.remote.AbstractRemoteTestNG.run(AbstractRemoteTestNG.java:115)
at org.testng.remote.RemoteTestNG.initAndRun(RemoteTestNG.java:293)
at org.testng.remote.RemoteTestNG.main(RemoteTestNG.java:91)
]]>
            </full-stacktrace>
          </exception> <!-- java.lang.AssertionError -->
          <reporter-output>
          </reporter-output>
        </test-method> <!-- clickTimeComplexityTryHere -->
        <test-method is-config="true" signature="tearDown()[pri:0, instance:testNgTests.DataStructures@20d7d6fb]" started-at="2025-03-06T21:32:37 CST" name="tearDown" finished-at="2025-03-06T21:32:37 CST" duration-ms="206" status="PASS">
          <reporter-output>
          </reporter-output>
        </test-method> <!-- tearDown -->
        <test-method is-config="true" signature="setup(java.lang.String)[pri:0, instance:testNgTests.DataStructures@20d7d6fb]" started-at="2025-03-06T21:32:37 CST" name="setup" finished-at="2025-03-06T21:32:41 CST" duration-ms="4377" status="PASS">
          <params>
            <param index="0">
              <value>
                <![CDATA[chrome]]>
              </value>
            </param>
          </params>
          <reporter-output>
          </reporter-output>
        </test-method> <!-- setup -->
        <test-method is-config="true" signature="login()[pri:0, instance:testNgTests.DataStructures@20d7d6fb]" started-at="2025-03-06T21:32:41 CST" name="login" finished-at="2025-03-06T21:32:42 CST" duration-ms="931" status="PASS">
          <reporter-output>
          </reporter-output>
        </test-method> <!-- login -->
        <test-method signature="navigateToPracticeQuestions()[pri:0, instance:testNgTests.DataStructures@20d7d6fb]" started-at="2025-03-06T21:32:42 CST" name="navigateToPracticeQuestions" finished-at="2025-03-06T21:32:43 CST" duration-ms="477" status="PASS">
          <reporter-output>
          </reporter-output>
        </test-method> <!-- navigateToPracticeQuestions -->
        <test-method is-config="true" signature="tearDown()[pri:0, instance:testNgTests.DataStructures@20d7d6fb]" started-at="2025-03-06T21:32:43 CST" name="tearDown" finished-at="2025-03-06T21:32:43 CST" duration-ms="263" status="PASS">
          <reporter-output>
          </reporter-output>
        </test-method> <!-- tearDown -->
        <test-method is-config="true" signature="setup(java.lang.String)[pri:0, instance:testNgTests.DataStructures@20d7d6fb]" started-at="2025-03-06T21:32:43 CST" name="setup" finished-at="2025-03-06T21:32:44 CST" duration-ms="1419" status="PASS">
          <params>
            <param index="0">
              <value>
                <![CDATA[chrome]]>
              </value>
            </param>
          </params>
          <reporter-output>
          </reporter-output>
        </test-method> <!-- setup -->
        <test-method is-config="true" signature="login()[pri:0, instance:testNgTests.DataStructures@20d7d6fb]" started-at="2025-03-06T21:32:44 CST" name="login" finished-at="2025-03-06T21:32:45 CST" duration-ms="981" status="PASS">
          <reporter-output>
          </reporter-output>
        </test-method> <!-- login -->
        <test-method signature="navigateToTimeComplexity()[pri:0, instance:testNgTests.DataStructures@20d7d6fb]" started-at="2025-03-06T21:32:45 CST" name="navigateToTimeComplexity" finished-at="2025-03-06T21:32:45 CST" duration-ms="227" status="PASS">
          <reporter-output>
          </reporter-output>
        </test-method> <!-- navigateToTimeComplexity -->
        <test-method is-config="true" signature="tearDown()[pri:0, instance:testNgTests.DataStructures@20d7d6fb]" started-at="2025-03-06T21:32:45 CST" name="tearDown" finished-at="2025-03-06T21:32:46 CST" duration-ms="152" status="PASS">
          <reporter-output>
          </reporter-output>
        </test-method> <!-- tearDown -->
        <test-method is-config="true" signature="setup(java.lang.String)[pri:0, instance:testNgTests.DataStructures@20d7d6fb]" started-at="2025-03-06T21:32:46 CST" name="setup" finished-at="2025-03-06T21:32:50 CST" duration-ms="4365" status="PASS">
          <params>
            <param index="0">
              <value>
                <![CDATA[chrome]]>
              </value>
            </param>
          </params>
          <reporter-output>
          </reporter-output>
        </test-method> <!-- setup -->
        <test-method is-config="true" signature="login()[pri:0, instance:testNgTests.DataStructures@20d7d6fb]" started-at="2025-03-06T21:32:50 CST" name="login" finished-at="2025-03-06T21:32:51 CST" duration-ms="918" status="PASS">
          <reporter-output>
          </reporter-output>
        </test-method> <!-- login -->
        <test-method signature="testPythoncode(java.util.Map)[pri:0, instance:testNgTests.DataStructures@20d7d6fb]" started-at="2025-03-06T21:32:51 CST" name="testPythoncode" data-provider="TryeditorProvider" finished-at="2025-03-06T21:32:52 CST" duration-ms="1232" status="PASS">
          <params>
            <param index="0">
              <value>
                <![CDATA[{Pythoncode=hello, ExpectedResult=, ExpectedAlert=NameError: name 'hello' is not defined on line 1}]]>
              </value>
            </param>
          </params>
          <reporter-output>
          </reporter-output>
        </test-method> <!-- testPythoncode -->
        <test-method is-config="true" signature="tearDown()[pri:0, instance:testNgTests.DataStructures@20d7d6fb]" started-at="2025-03-06T21:32:52 CST" name="tearDown" finished-at="2025-03-06T21:32:52 CST" duration-ms="246" status="PASS">
          <reporter-output>
          </reporter-output>
        </test-method> <!-- tearDown -->
        <test-method is-config="true" signature="setup(java.lang.String)[pri:0, instance:testNgTests.DataStructures@20d7d6fb]" started-at="2025-03-06T21:32:52 CST" name="setup" finished-at="2025-03-06T21:32:54 CST" duration-ms="1311" status="PASS">
          <params>
            <param index="0">
              <value>
                <![CDATA[chrome]]>
              </value>
            </param>
          </params>
          <reporter-output>
          </reporter-output>
        </test-method> <!-- setup -->
        <test-method is-config="true" signature="login()[pri:0, instance:testNgTests.DataStructures@20d7d6fb]" started-at="2025-03-06T21:32:54 CST" name="login" finished-at="2025-03-06T21:32:55 CST" duration-ms="1121" status="PASS">
          <reporter-output>
          </reporter-output>
        </test-method> <!-- login -->
        <test-method signature="testPythoncode(java.util.Map)[pri:0, instance:testNgTests.DataStructures@20d7d6fb]" started-at="2025-03-06T21:32:55 CST" name="testPythoncode" data-provider="TryeditorProvider" finished-at="2025-03-06T21:33:06 CST" duration-ms="11409" status="PASS">
          <params>
            <param index="0">
              <value>
                <![CDATA[{Pythoncode=print("hello"), ExpectedResult=hello, ExpectedAlert=}]]>
              </value>
            </param>
          </params>
          <reporter-output>
          </reporter-output>
        </test-method> <!-- testPythoncode -->
        <test-method is-config="true" signature="tearDown()[pri:0, instance:testNgTests.DataStructures@20d7d6fb]" started-at="2025-03-06T21:33:06 CST" name="tearDown" finished-at="2025-03-06T21:33:07 CST" duration-ms="729" status="PASS">
          <reporter-output>
          </reporter-output>
        </test-method> <!-- tearDown -->
      </class> <!-- testNgTests.DataStructures -->
      <class name="testNgTests.QueueTest">
        <test-method is-config="true" signature="setup(java.lang.String)[pri:0, instance:testNgTests.QueueTest@2b72cb8a]" started-at="2025-03-06T21:44:24 CST" name="setup" finished-at="2025-03-06T21:44:26 CST" duration-ms="2271" status="PASS">
          <params>
            <param index="0">
              <value>
                <![CDATA[chrome]]>
              </value>
            </param>
          </params>
          <reporter-output>
          </reporter-output>
        </test-method> <!-- setup -->
        <test-method is-config="true" signature="Navigation_to_queuePage()[pri:0, instance:testNgTests.QueueTest@2b72cb8a]" started-at="2025-03-06T21:44:26 CST" name="Navigation_to_queuePage" finished-at="2025-03-06T21:44:27 CST" duration-ms="904" status="PASS">
          <reporter-output>
          </reporter-output>
        </test-method> <!-- Navigation_to_queuePage -->
[...]
        <test-method is-config="true" signature="tearDown()[pri:0, instance:testNgTests.LinkedList@479cbee5]" started-at="2025-03-06T21:42:28 CST" name="tearDown" finished-at="2025-03-06T21:42:28 CST" duration-ms="196" status="PASS">
          <reporter-output>
          </reporter-output>
        </test-method> <!-- tearDown -->
        <test-method is-config="true" signature="setup(java.lang.String)[pri:0, instance:testNgTests.LinkedList@479cbee5]" started-at="2025-03-06T21:42:28 CST" name="setup" finished-at="2025-03-06T21:42:30 CST" duration-ms="1501" status="PASS">
          <params>
            <param index="0">
              <value>
                <![CDATA[chrome]]>
              </value>
            </param>
          </params>
          <reporter-output>
          </reporter-output>
        </test-method> <!-- setup -->
        <test-method is-config="true" signature="login()[pri:0, instance:testNgTests.LinkedList@479cbee5]" started-at="2025-03-06T21:42:30 CST" name="login" finished-at="2025-03-06T21:42:31 CST" duration-ms="1084" status="PASS">
          <reporter-output>
          </reporter-output>
        </test-method> <!-- login -->
        <test-method signature="testPythonCodeforTypesOfLinkedList(java.util.Map)[pri:0, instance:testNgTests.LinkedList@479cbee5]" started-at="2025-03-06T21:42:31 CST" name="testPythonCodeforTypesOfLinkedList" data-provider="TryeditorProvider" finished-at="2025-03-06T21:42:42 CST" duration-ms="11207" status="PASS">
          <params>
            <param index="0">
              <value>
                <![CDATA[{Pythoncode=print("hello"), ExpectedResult=hello, ExpectedAlert=}]]>
              </value>
            </param>
          </params>
          <reporter-output>
          </reporter-output>
        </test-method> <!-- testPythonCodeforTypesOfLinkedList -->
        <test-method is-config="true" signature="tearDown()[pri:0, instance:testNgTests.LinkedList@479cbee5]" started-at="2025-03-06T21:42:42 CST" name="tearDown" finished-at="2025-03-06T21:42:42 CST" duration-ms="222" status="PASS">
          <reporter-output>
          </reporter-output>
        </test-method> <!-- tearDown -->
      </class> <!-- testNgTests.LinkedList -->
      <class name="testNgTests.HomeTest">
        <test-method is-config="true" signature="setup(java.lang.String)[pri:0, instance:testNgTests.HomeTest@75c56eb9]" started-at="2025-03-06T21:30:23 CST" name="setup" finished-at="2025-03-06T21:30:28 CST" duration-ms="5219" status="PASS">
          <params>
            <param index="0">
              <value>
                <![CDATA[chrome]]>
              </value>
            </param>
          </params>
          <reporter-output>
          </reporter-output>
        </test-method> <!-- setup -->
        <test-method is-config="true" signature="clickGetstarted()[pri:0, instance:testNgTests.HomeTest@75c56eb9]" started-at="2025-03-06T21:30:28 CST" name="clickGetstarted" finished-at="2025-03-06T21:30:28 CST" duration-ms="144" status="PASS">
          <reporter-output>
          </reporter-output>
        </test-method> <!-- clickGetstarted -->
        <test-method signature="Array()[pri:0, instance:testNgTests.HomeTest@75c56eb9]" started-at="2025-03-06T21:30:28 CST" name="Array" finished-at="2025-03-06T21:30:28 CST" duration-ms="296" status="PASS">
          <reporter-output>
          </reporter-output>
        </test-method> <!-- Array -->
        <test-method is-config="true" signature="tearDown()[pri:0, instance:testNgTests.HomeTest@75c56eb9]" started-at="2025-03-06T21:30:28 CST" name="tearDown" finished-at="2025-03-06T21:30:29 CST" duration-ms="290" status="PASS">
          <reporter-output>
          </reporter-output>
        </test-method> <!-- tearDown -->
        <test-method is-config="true" signature="setup(java.lang.String)[pri:0, instance:testNgTests.HomeTest@75c56eb9]" started-at="2025-03-06T21:30:29 CST" name="setup" finished-at="2025-03-06T21:30:33 CST" duration-ms="4337" status="PASS">
          <params>
            <param index="0">
              <value>
                <![CDATA[chrome]]>
              </value>
            </param>
          </params>
          <reporter-output>
          </reporter-output>
        </test-method> <!-- setup -->
        <test-method is-config="true" signature="clickGetstarted()[pri:0, instance:testNgTests.HomeTest@75c56eb9]" started-at="2025-03-06T21:30:33 CST" name="clickGetstarted" finished-at="2025-03-06T21:30:33 CST" duration-ms="122" status="PASS">
          <reporter-output>
          </reporter-output>
        </test-method> <!-- clickGetstarted -->
        <test-method signature="DS_Introduction()[pri:0, instance:testNgTests.HomeTest@75c56eb9]" started-at="2025-03-06T21:30:33 CST" name="DS_Introduction" finished-at="2025-03-06T21:30:33 CST" duration-ms="252" status="PASS">
          <reporter-output>
          </reporter-output>
        </test-method> <!-- DS_Introduction -->
        <test-method is-config="true" signature="tearDown()[pri:0, instance:testNgTests.HomeTest@75c56eb9]" started-at="2025-03-06T21:30:33 CST" name="tearDown" finished-at="2025-03-06T21:30:34 CST" duration-ms="230" status="PASS">
          <reporter-output>
          </reporter-output>
        </test-method> <!-- tearDown -->
        <test-method is-config="true" signature="setup(java.lang.String)[pri:0, instance:testNgTests.HomeTest@75c56eb9]" started-at="2025-03-06T21:30:34 CST" name="setup" finished-at="2025-03-06T21:30:38 CST" duration-ms="4275" status="PASS">
          <params>
            <param index="0">
              <value>
                <![CDATA[chrome]]>
              </value>
            </param>
          </params>
          <reporter-output>
          </reporter-output>
        </test-method> <!-- setup -->
        <test-method is-config="true" signature="clickGetstarted()[pri:0, instance:testNgTests.HomeTest@75c56eb9]" started-at="2025-03-06T21:30:38 CST" name="clickGetstarted" finished-at="2025-03-06T21:30:38 CST" duration-ms="139" status="PASS">
          <reporter-output>
          </reporter-output>
        </test-method> <!-- clickGetstarted -->
        <test-method signature="DataStructure_DropDown()[pri:0, instance:testNgTests.HomeTest@75c56eb9]" started-at="2025-03-06T21:30:38 CST" name="DataStructure_DropDown" finished-at="2025-03-06T21:30:38 CST" duration-ms="112" status="FAIL">
          <exception class="java.lang.AssertionError">
            <message>
              <![CDATA[expected [7] but found [6]]]>
            </message>
            <full-stacktrace>
              <![CDATA[java.lang.AssertionError: expected [7] but found [6]
at org.testng.Assert.fail(Assert.java:111)
at org.testng.Assert.failNotEquals(Assert.java:1578)
at org.testng.Assert.assertEqualsImpl(Assert.java:150)
at org.testng.Assert.assertEquals(Assert.java:132)
at org.testng.Assert.assertEquals(Assert.java:1419)
at org.testng.Assert.assertEquals(Assert.java:1383)
at org.testng.Assert.assertEquals(Assert.java:1429)
at testNgTests.HomeTest.DataStructure_DropDown(HomeTest.java:92)
at java.base/jdk.internal.reflect.DirectMethodHandleAccessor.invoke(DirectMethodHandleAccessor.java:103)
at java.base/java.lang.reflect.Method.invoke(Method.java:580)
at org.testng.internal.invokers.MethodInvocationHelper.invokeMethod(MethodInvocationHelper.java:141)
at org.testng.internal.invokers.TestInvoker.invokeMethod(TestInvoker.java:686)
at org.testng.internal.invokers.TestInvoker.invokeTestMethod(TestInvoker.java:230)
at org.testng.internal.invokers.MethodRunner.runInSequence(MethodRunner.java:63)
at org.testng.internal.invokers.TestInvoker$MethodInvocationAgent.invoke(TestInvoker.java:992)
at org.testng.internal.invokers.TestInvoker.invokeTestMethods(TestInvoker.java:203)
at org.testng.internal.invokers.TestMethodWorker.invokeTestMethods(TestMethodWorker.java:154)
at org.testng.internal.invokers.TestMethodWorker.run(TestMethodWorker.java:134)
at java.base/java.util.ArrayList.forEach(ArrayList.java:1596)
at org.testng.TestRunner.privateRun(TestRunner.java:739)
at org.testng.TestRunner.run(TestRunner.java:614)
at org.testng.SuiteRunner.runTest(SuiteRunner.java:421)
at org.testng.SuiteRunner.runSequentially(SuiteRunner.java:413)
at org.testng.SuiteRunner.privateRun(SuiteRunner.java:373)
at org.testng.SuiteRunner.run(SuiteRunner.java:312)
at org.testng.SuiteRunnerWorker.runSuite(SuiteRunnerWorker.java:52)
at org.testng.SuiteRunnerWorker.run(SuiteRunnerWorker.java:95)
at org.testng.TestNG.runSuitesSequentially(TestNG.java:1274)
at org.testng.TestNG.runSuitesLocally(TestNG.java:1208)
at org.testng.TestNG.runSuites(TestNG.java:1112)
at org.testng.TestNG.run(TestNG.java:1079)
at org.testng.remote.AbstractRemoteTestNG.run(AbstractRemoteTestNG.java:115)
at org.testng.remote.RemoteTestNG.initAndRun(RemoteTestNG.java:293)
at org.testng.remote.RemoteTestNG.main(RemoteTestNG.java:91)
]]>
            </full-stacktrace>
          </exception> <!-- java.lang.AssertionError -->
          <reporter-output>
          </reporter-output>
        </test-method> <!-- DataStructure_DropDown -->
        <test-method is-config="true" signature="tearDown()[pri:0, instance:testNgTests.HomeTest@75c56eb9]" started-at="2025-03-06T21:30:38 CST" name="tearDown" finished-at="2025-03-06T21:30:39 CST" duration-ms="364" status="PASS">
          <reporter-output>
          </reporter-output>
        </test-method> <!-- tearDown -->
        <test-method is-config="true" signature="setup(java.lang.String)[pri:0, instance:testNgTests.HomeTest@75c56eb9]" started-at="2025-03-06T21:30:39 CST" name="setup" finished-at="2025-03-06T21:30:41 CST" duration-ms="2290" status="PASS">
          <params>
            <param index="0">
              <value>
                <![CDATA[chrome]]>
              </value>
            </param>
          </params>
          <reporter-output>
          </reporter-output>
        </test-method> <!-- setup -->
        <test-method is-config="true" signature="clickGetstarted()[pri:0, instance:testNgTests.HomeTest@75c56eb9]" started-at="2025-03-06T21:30:41 CST" name="clickGetstarted" finished-at="2025-03-06T21:30:41 CST" duration-ms="130" status="PASS">
          <reporter-output>
          </reporter-output>
        </test-method> <!-- clickGetstarted -->
        <test-method signature="Linked_List()[pri:0, instance:testNgTests.HomeTest@75c56eb9]" started-at="2025-03-06T21:30:41 CST" name="Linked_List" finished-at="2025-03-06T21:30:41 CST" duration-ms="265" status="PASS">
          <reporter-output>
          </reporter-output>
        </test-method> <!-- Linked_List -->
        <test-method is-config="true" signature="tearDown()[pri:0, instance:testNgTests.HomeTest@75c56eb9]" started-at="2025-03-06T21:30:41 CST" name="tearDown" finished-at="2025-03-06T21:30:42 CST" duration-ms="166" status="PASS">
          <reporter-output>
          </reporter-output>
        </test-method> <!-- tearDown -->
        <test-method is-config="true" signature="setup(java.lang.String)[pri:0, instance:testNgTests.HomeTest@75c56eb9]" started-at="2025-03-06T21:30:42 CST" name="setup" finished-at="2025-03-06T21:30:46 CST" duration-ms="4278" status="PASS">
          <params>
            <param index="0">
              <value>
                <![CDATA[chrome]]>
              </value>
            </param>
          </params>
          <reporter-output>
          </reporter-output>
        </test-method> <!-- setup -->
        <test-method is-config="true" signature="clickGetstarted()[pri:0, instance:testNgTests.HomeTest@75c56eb9]" started-at="2025-03-06T21:30:46 CST" name="clickGetstarted" finished-at="2025-03-06T21:30:46 CST" duration-ms="131" status="PASS">
          <reporter-output>
          </reporter-output>
        </test-method> <!-- clickGetstarted -->
        <test-method signature="Queue()[pri:0, instance:testNgTests.HomeTest@75c56eb9]" started-at="2025-03-06T21:30:46 CST" name="Queue" finished-at="2025-03-06T21:30:46 CST" duration-ms="248" status="PASS">
          <reporter-output>
          </reporter-output>
        </test-method> <!-- Queue -->
        <test-method is-config="true" signature="tearDown()[pri:0, instance:testNgTests.HomeTest@75c56eb9]" started-at="2025-03-06T21:30:46 CST" name="tearDown" finished-at="2025-03-06T21:30:46 CST" duration-ms="216" status="PASS">
          <reporter-output>
          </reporter-output>
        </test-method> <!-- tearDown -->
        <test-method is-config="true" signature="setup(java.lang.String)[pri:0, instance:testNgTests.HomeTest@75c56eb9]" started-at="2025-03-06T21:30:46 CST" name="setup" finished-at="2025-03-06T21:30:48 CST" duration-ms="1298" status="PASS">
          <params>
            <param index="0">
              <value>
                <![CDATA[chrome]]>
              </value>
            </param>
          </params>
          <reporter-output>
          </reporter-output>
        </test-method> <!-- setup -->
        <test-method is-config="true" signature="clickGetstarted()[pri:0, instance:testNgTests.HomeTest@75c56eb9]" started-at="2025-03-06T21:30:48 CST" name="clickGetstarted" finished-at="2025-03-06T21:30:48 CST" duration-ms="141" status="PASS">
          <reporter-output>
          </reporter-output>
        </test-method> <!-- clickGetstarted -->
        <test-method signature="Stack()[pri:0, instance:testNgTests.HomeTest@75c56eb9]" started-at="2025-03-06T21:30:48 CST" name="Stack" finished-at="2025-03-06T21:30:48 CST" duration-ms="269" status="PASS">
          <reporter-output>
          </reporter-output>
        </test-method> <!-- Stack -->
        <test-method is-config="true" signature="tearDown()[pri:0, instance:testNgTests.HomeTest@75c56eb9]" started-at="2025-03-06T21:30:48 CST" name="tearDown" finished-at="2025-03-06T21:30:48 CST" duration-ms="151" status="PASS">
          <reporter-output>
          </reporter-output>
        </test-method> <!-- tearDown -->
        <test-method is-config="true" signature="setup(java.lang.String)[pri:0, instance:testNgTests.HomeTest@75c56eb9]" started-at="2025-03-06T21:30:48 CST" name="setup" finished-at="2025-03-06T21:30:53 CST" duration-ms="4203" status="PASS">
          <params>
            <param index="0">
              <value>
                <![CDATA[chrome]]>
              </value>
            </param>
          </params>
          <reporter-output>
          </reporter-output>
        </test-method> <!-- setup -->
        <test-method is-config="true" signature="clickGetstarted()[pri:0, instance:testNgTests.HomeTest@75c56eb9]" started-at="2025-03-06T21:30:53 CST" name="clickGetstarted" finished-at="2025-03-06T21:30:53 CST" duration-ms="121" status="PASS">
          <reporter-output>
          </reporter-output>
        </test-method> <!-- clickGetstarted -->
        <test-method signature="Tree()[pri:0, instance:testNgTests.HomeTest@75c56eb9]" started-at="2025-03-06T21:30:53 CST" name="Tree" finished-at="2025-03-06T21:30:53 CST" duration-ms="258" status="PASS">
          <reporter-output>
          </reporter-output>
        </test-method> <!-- Tree -->
        <test-method is-config="true" signature="tearDown()[pri:0, instance:testNgTests.HomeTest@75c56eb9]" started-at="2025-03-06T21:30:53 CST" name="tearDown" finished-at="2025-03-06T21:30:53 CST" duration-ms="219" status="PASS">
          <reporter-output>
          </reporter-output>
        </test-method> <!-- tearDown -->
        <test-method is-config="true" signature="setup(java.lang.String)[pri:0, instance:testNgTests.HomeTest@75c56eb9]" started-at="2025-03-06T21:30:53 CST" name="setup" finished-at="2025-03-06T21:30:54 CST" duration-ms="1327" status="PASS">
          <params>
            <param index="0">
              <value>
                <![CDATA[chrome]]>
              </value>
            </param>
          </params>
          <reporter-output>
          </reporter-output>
        </test-method> <!-- setup -->
        <test-method is-config="true" signature="clickGetstarted()[pri:0, instance:testNgTests.HomeTest@75c56eb9]" started-at="2025-03-06T21:30:54 CST" name="clickGetstarted" finished-at="2025-03-06T21:30:55 CST" duration-ms="155" status="PASS">
          <reporter-output>
          </reporter-output>
        </test-method> <!-- clickGetstarted -->
        <test-method signature="graph()[pri:0, instance:testNgTests.HomeTest@75c56eb9]" started-at="2025-03-06T21:30:55 CST" name="graph" finished-at="2025-03-06T21:30:55 CST" duration-ms="290" status="PASS">
          <reporter-output>
          </reporter-output>
        </test-method> <!-- graph -->
        <test-method is-config="true" signature="tearDown()[pri:0, instance:testNgTests.HomeTest@75c56eb9]" started-at="2025-03-06T21:30:55 CST" name="tearDown" finished-at="2025-03-06T21:30:55 CST" duration-ms="159" status="PASS">
          <reporter-output>
          </reporter-output>
        </test-method> <!-- tearDown -->
        <test-method is-config="true" signature="setup(java.lang.String)[pri:0, instance:testNgTests.HomeTest@75c56eb9]" started-at="2025-03-06T21:30:55 CST" name="setup" finished-at="2025-03-06T21:30:59 CST" duration-ms="4294" status="PASS">
          <params>
            <param index="0">
              <value>
                <![CDATA[chrome]]>
              </value>
            </param>
          </params>
          <reporter-output>
          </reporter-output>
        </test-method> <!-- setup -->
        <test-method is-config="true" signature="clickGetstarted()[pri:0, instance:testNgTests.HomeTest@75c56eb9]" started-at="2025-03-06T21:30:59 CST" name="clickGetstarted" finished-at="2025-03-06T21:30:59 CST" duration-ms="117" status="PASS">
          <reporter-output>
          </reporter-output>
        </test-method> <!-- clickGetstarted -->
        <test-method signature="register()[pri:0, instance:testNgTests.HomeTest@75c56eb9]" started-at="2025-03-06T21:30:59 CST" name="register" finished-at="2025-03-06T21:31:00 CST" duration-ms="148" status="PASS">
          <reporter-output>
          </reporter-output>
        </test-method> <!-- register -->
        <test-method is-config="true" signature="tearDown()[pri:0, instance:testNgTests.HomeTest@75c56eb9]" started-at="2025-03-06T21:31:00 CST" name="tearDown" finished-at="2025-03-06T21:31:00 CST" duration-ms="188" status="PASS">
          <reporter-output>
          </reporter-output>
        </test-method> <!-- tearDown -->
        <test-method is-config="true" signature="setup(java.lang.String)[pri:0, instance:testNgTests.HomeTest@75c56eb9]" started-at="2025-03-06T21:31:00 CST" name="setup" finished-at="2025-03-06T21:31:01 CST" duration-ms="1348" status="PASS">
          <params>
            <param index="0">
              <value>
                <![CDATA[chrome]]>
              </value>
            </param>
          </params>
          <reporter-output>
          </reporter-output>
        </test-method> <!-- setup -->
        <test-method is-config="true" signature="clickGetstarted()[pri:0, instance:testNgTests.HomeTest@75c56eb9]" started-at="2025-03-06T21:31:01 CST" name="clickGetstarted" finished-at="2025-03-06T21:31:01 CST" duration-ms="129" status="PASS">
          <reporter-output>
          </reporter-output>
        </test-method> <!-- clickGetstarted -->
        <test-method signature="signIn()[pri:0, instance:testNgTests.HomeTest@75c56eb9]" started-at="2025-03-06T21:31:01 CST" name="signIn" finished-at="2025-03-06T21:31:01 CST" duration-ms="156" status="PASS">
          <reporter-output>
          </reporter-output>
        </test-method> <!-- signIn -->
        <test-method is-config="true" signature="tearDown()[pri:0, instance:testNgTests.HomeTest@75c56eb9]" started-at="2025-03-06T21:31:01 CST" name="tearDown" finished-at="2025-03-06T21:31:02 CST" duration-ms="130" status="PASS">
          <reporter-output>
          </reporter-output>
        </test-method> <!-- tearDown -->
      </class> <!-- testNgTests.HomeTest -->
    </test> <!-- Test -->
  </suite> <!-- Suite -->
</testng-results>
